[2025-04-07T08:52:51.592+0000] {processor.py:161} INFO - Started process (PID=290) to work on /opt/airflow/dags/match_info_redshift_dag.py
[2025-04-07T08:52:51.593+0000] {processor.py:830} INFO - Processing file /opt/airflow/dags/match_info_redshift_dag.py for tasks to queue
[2025-04-07T08:52:51.594+0000] {logging_mixin.py:188} INFO - [2025-04-07T08:52:51.594+0000] {dagbag.py:545} INFO - Filling up the DagBag from /opt/airflow/dags/match_info_redshift_dag.py
[2025-04-07T08:52:51.610+0000] {processor.py:840} INFO - DAG(s) 'match_info_to_redshift_dag' retrieved from /opt/airflow/dags/match_info_redshift_dag.py
[2025-04-07T08:52:51.828+0000] {logging_mixin.py:188} INFO - [2025-04-07T08:52:51.827+0000] {override.py:1829} INFO - Created Permission View: can edit on DAG:match_info_to_redshift_dag
[2025-04-07T08:52:51.847+0000] {logging_mixin.py:188} INFO - [2025-04-07T08:52:51.846+0000] {override.py:1829} INFO - Created Permission View: can read on DAG:match_info_to_redshift_dag
[2025-04-07T08:52:51.856+0000] {logging_mixin.py:188} INFO - [2025-04-07T08:52:51.855+0000] {override.py:1829} INFO - Created Permission View: can delete on DAG:match_info_to_redshift_dag
[2025-04-07T08:52:51.856+0000] {logging_mixin.py:188} INFO - [2025-04-07T08:52:51.856+0000] {dag.py:3096} INFO - Sync 1 DAGs
[2025-04-07T08:52:51.874+0000] {logging_mixin.py:188} INFO - [2025-04-07T08:52:51.874+0000] {dag.py:3118} INFO - Creating ORM DAG for match_info_to_redshift_dag
[2025-04-07T08:52:51.875+0000] {logging_mixin.py:188} INFO - [2025-04-07T08:52:51.875+0000] {dag.py:3954} INFO - Setting next_dagrun for match_info_to_redshift_dag to None, run_after=None
[2025-04-07T08:52:51.898+0000] {processor.py:183} INFO - Processing /opt/airflow/dags/match_info_redshift_dag.py took 0.314 seconds
[2025-04-07T08:53:22.050+0000] {processor.py:161} INFO - Started process (PID=310) to work on /opt/airflow/dags/match_info_redshift_dag.py
[2025-04-07T08:53:22.052+0000] {processor.py:830} INFO - Processing file /opt/airflow/dags/match_info_redshift_dag.py for tasks to queue
[2025-04-07T08:53:22.053+0000] {logging_mixin.py:188} INFO - [2025-04-07T08:53:22.052+0000] {dagbag.py:545} INFO - Filling up the DagBag from /opt/airflow/dags/match_info_redshift_dag.py
[2025-04-07T08:53:22.065+0000] {processor.py:840} INFO - DAG(s) 'match_info_to_redshift_dag' retrieved from /opt/airflow/dags/match_info_redshift_dag.py
[2025-04-07T08:53:22.091+0000] {logging_mixin.py:188} INFO - [2025-04-07T08:53:22.091+0000] {dag.py:3096} INFO - Sync 1 DAGs
[2025-04-07T08:53:22.105+0000] {logging_mixin.py:188} INFO - [2025-04-07T08:53:22.105+0000] {dag.py:3954} INFO - Setting next_dagrun for match_info_to_redshift_dag to None, run_after=None
[2025-04-07T08:53:22.125+0000] {processor.py:183} INFO - Processing /opt/airflow/dags/match_info_redshift_dag.py took 0.082 seconds
[2025-04-07T08:53:52.289+0000] {processor.py:161} INFO - Started process (PID=333) to work on /opt/airflow/dags/match_info_redshift_dag.py
[2025-04-07T08:53:52.289+0000] {processor.py:830} INFO - Processing file /opt/airflow/dags/match_info_redshift_dag.py for tasks to queue
[2025-04-07T08:53:52.290+0000] {logging_mixin.py:188} INFO - [2025-04-07T08:53:52.290+0000] {dagbag.py:545} INFO - Filling up the DagBag from /opt/airflow/dags/match_info_redshift_dag.py
[2025-04-07T08:53:52.305+0000] {processor.py:840} INFO - DAG(s) 'match_info_to_redshift_dag' retrieved from /opt/airflow/dags/match_info_redshift_dag.py
[2025-04-07T08:53:52.351+0000] {logging_mixin.py:188} INFO - [2025-04-07T08:53:52.351+0000] {dag.py:3096} INFO - Sync 1 DAGs
[2025-04-07T08:53:52.374+0000] {logging_mixin.py:188} INFO - [2025-04-07T08:53:52.373+0000] {dag.py:3954} INFO - Setting next_dagrun for match_info_to_redshift_dag to None, run_after=None
[2025-04-07T08:53:52.403+0000] {processor.py:183} INFO - Processing /opt/airflow/dags/match_info_redshift_dag.py took 0.127 seconds
[2025-04-07T08:54:22.564+0000] {processor.py:161} INFO - Started process (PID=354) to work on /opt/airflow/dags/match_info_redshift_dag.py
[2025-04-07T08:54:22.566+0000] {processor.py:830} INFO - Processing file /opt/airflow/dags/match_info_redshift_dag.py for tasks to queue
[2025-04-07T08:54:22.567+0000] {logging_mixin.py:188} INFO - [2025-04-07T08:54:22.566+0000] {dagbag.py:545} INFO - Filling up the DagBag from /opt/airflow/dags/match_info_redshift_dag.py
[2025-04-07T08:54:22.580+0000] {processor.py:840} INFO - DAG(s) 'match_info_to_redshift_dag' retrieved from /opt/airflow/dags/match_info_redshift_dag.py
[2025-04-07T08:54:22.604+0000] {logging_mixin.py:188} INFO - [2025-04-07T08:54:22.604+0000] {dag.py:3096} INFO - Sync 1 DAGs
[2025-04-07T08:54:22.619+0000] {logging_mixin.py:188} INFO - [2025-04-07T08:54:22.619+0000] {dag.py:3954} INFO - Setting next_dagrun for match_info_to_redshift_dag to None, run_after=None
[2025-04-07T08:54:22.651+0000] {processor.py:183} INFO - Processing /opt/airflow/dags/match_info_redshift_dag.py took 0.094 seconds
[2025-04-07T08:54:52.813+0000] {processor.py:161} INFO - Started process (PID=376) to work on /opt/airflow/dags/match_info_redshift_dag.py
[2025-04-07T08:54:52.814+0000] {processor.py:830} INFO - Processing file /opt/airflow/dags/match_info_redshift_dag.py for tasks to queue
[2025-04-07T08:54:52.815+0000] {logging_mixin.py:188} INFO - [2025-04-07T08:54:52.815+0000] {dagbag.py:545} INFO - Filling up the DagBag from /opt/airflow/dags/match_info_redshift_dag.py
[2025-04-07T08:54:52.828+0000] {processor.py:840} INFO - DAG(s) 'match_info_to_redshift_dag' retrieved from /opt/airflow/dags/match_info_redshift_dag.py
[2025-04-07T08:54:52.854+0000] {logging_mixin.py:188} INFO - [2025-04-07T08:54:52.853+0000] {dag.py:3096} INFO - Sync 1 DAGs
[2025-04-07T08:54:52.871+0000] {logging_mixin.py:188} INFO - [2025-04-07T08:54:52.871+0000] {dag.py:3954} INFO - Setting next_dagrun for match_info_to_redshift_dag to None, run_after=None
[2025-04-07T08:54:52.892+0000] {processor.py:183} INFO - Processing /opt/airflow/dags/match_info_redshift_dag.py took 0.086 seconds
[2025-04-07T08:55:23.047+0000] {processor.py:161} INFO - Started process (PID=398) to work on /opt/airflow/dags/match_info_redshift_dag.py
[2025-04-07T08:55:23.048+0000] {processor.py:830} INFO - Processing file /opt/airflow/dags/match_info_redshift_dag.py for tasks to queue
[2025-04-07T08:55:23.049+0000] {logging_mixin.py:188} INFO - [2025-04-07T08:55:23.049+0000] {dagbag.py:545} INFO - Filling up the DagBag from /opt/airflow/dags/match_info_redshift_dag.py
[2025-04-07T08:55:23.061+0000] {processor.py:840} INFO - DAG(s) 'match_info_to_redshift_dag' retrieved from /opt/airflow/dags/match_info_redshift_dag.py
[2025-04-07T08:55:23.085+0000] {logging_mixin.py:188} INFO - [2025-04-07T08:55:23.085+0000] {dag.py:3096} INFO - Sync 1 DAGs
[2025-04-07T08:55:23.099+0000] {logging_mixin.py:188} INFO - [2025-04-07T08:55:23.099+0000] {dag.py:3954} INFO - Setting next_dagrun for match_info_to_redshift_dag to None, run_after=None
[2025-04-07T08:55:23.118+0000] {processor.py:183} INFO - Processing /opt/airflow/dags/match_info_redshift_dag.py took 0.078 seconds
[2025-04-07T08:55:53.287+0000] {processor.py:161} INFO - Started process (PID=420) to work on /opt/airflow/dags/match_info_redshift_dag.py
[2025-04-07T08:55:53.288+0000] {processor.py:830} INFO - Processing file /opt/airflow/dags/match_info_redshift_dag.py for tasks to queue
[2025-04-07T08:55:53.289+0000] {logging_mixin.py:188} INFO - [2025-04-07T08:55:53.289+0000] {dagbag.py:545} INFO - Filling up the DagBag from /opt/airflow/dags/match_info_redshift_dag.py
[2025-04-07T08:55:53.306+0000] {processor.py:840} INFO - DAG(s) 'match_info_to_redshift_dag' retrieved from /opt/airflow/dags/match_info_redshift_dag.py
[2025-04-07T08:55:53.347+0000] {logging_mixin.py:188} INFO - [2025-04-07T08:55:53.346+0000] {dag.py:3096} INFO - Sync 1 DAGs
[2025-04-07T08:55:53.368+0000] {logging_mixin.py:188} INFO - [2025-04-07T08:55:53.367+0000] {dag.py:3954} INFO - Setting next_dagrun for match_info_to_redshift_dag to None, run_after=None
[2025-04-07T08:55:53.395+0000] {processor.py:183} INFO - Processing /opt/airflow/dags/match_info_redshift_dag.py took 0.116 seconds
[2025-04-07T08:56:23.556+0000] {processor.py:161} INFO - Started process (PID=442) to work on /opt/airflow/dags/match_info_redshift_dag.py
[2025-04-07T08:56:23.557+0000] {processor.py:830} INFO - Processing file /opt/airflow/dags/match_info_redshift_dag.py for tasks to queue
[2025-04-07T08:56:23.558+0000] {logging_mixin.py:188} INFO - [2025-04-07T08:56:23.558+0000] {dagbag.py:545} INFO - Filling up the DagBag from /opt/airflow/dags/match_info_redshift_dag.py
[2025-04-07T08:56:23.571+0000] {processor.py:840} INFO - DAG(s) 'match_info_to_redshift_dag' retrieved from /opt/airflow/dags/match_info_redshift_dag.py
[2025-04-07T08:56:23.595+0000] {logging_mixin.py:188} INFO - [2025-04-07T08:56:23.595+0000] {dag.py:3096} INFO - Sync 1 DAGs
[2025-04-07T08:56:23.609+0000] {logging_mixin.py:188} INFO - [2025-04-07T08:56:23.609+0000] {dag.py:3954} INFO - Setting next_dagrun for match_info_to_redshift_dag to None, run_after=None
[2025-04-07T08:56:23.632+0000] {processor.py:183} INFO - Processing /opt/airflow/dags/match_info_redshift_dag.py took 0.083 seconds
[2025-04-07T08:56:53.778+0000] {processor.py:161} INFO - Started process (PID=464) to work on /opt/airflow/dags/match_info_redshift_dag.py
[2025-04-07T08:56:53.779+0000] {processor.py:830} INFO - Processing file /opt/airflow/dags/match_info_redshift_dag.py for tasks to queue
[2025-04-07T08:56:53.780+0000] {logging_mixin.py:188} INFO - [2025-04-07T08:56:53.779+0000] {dagbag.py:545} INFO - Filling up the DagBag from /opt/airflow/dags/match_info_redshift_dag.py
[2025-04-07T08:56:53.792+0000] {processor.py:840} INFO - DAG(s) 'match_info_to_redshift_dag' retrieved from /opt/airflow/dags/match_info_redshift_dag.py
[2025-04-07T08:56:53.816+0000] {logging_mixin.py:188} INFO - [2025-04-07T08:56:53.816+0000] {dag.py:3096} INFO - Sync 1 DAGs
[2025-04-07T08:56:53.832+0000] {logging_mixin.py:188} INFO - [2025-04-07T08:56:53.832+0000] {dag.py:3954} INFO - Setting next_dagrun for match_info_to_redshift_dag to None, run_after=None
[2025-04-07T08:56:53.856+0000] {processor.py:183} INFO - Processing /opt/airflow/dags/match_info_redshift_dag.py took 0.084 seconds
[2025-04-07T08:57:24.048+0000] {processor.py:161} INFO - Started process (PID=486) to work on /opt/airflow/dags/match_info_redshift_dag.py
[2025-04-07T08:57:24.051+0000] {processor.py:830} INFO - Processing file /opt/airflow/dags/match_info_redshift_dag.py for tasks to queue
[2025-04-07T08:57:24.054+0000] {logging_mixin.py:188} INFO - [2025-04-07T08:57:24.052+0000] {dagbag.py:545} INFO - Filling up the DagBag from /opt/airflow/dags/match_info_redshift_dag.py
[2025-04-07T08:57:24.088+0000] {processor.py:840} INFO - DAG(s) 'match_info_to_redshift_dag' retrieved from /opt/airflow/dags/match_info_redshift_dag.py
[2025-04-07T08:57:24.126+0000] {logging_mixin.py:188} INFO - [2025-04-07T08:57:24.126+0000] {dag.py:3096} INFO - Sync 1 DAGs
[2025-04-07T08:57:24.151+0000] {logging_mixin.py:188} INFO - [2025-04-07T08:57:24.150+0000] {dag.py:3954} INFO - Setting next_dagrun for match_info_to_redshift_dag to None, run_after=None
[2025-04-07T08:57:24.198+0000] {processor.py:183} INFO - Processing /opt/airflow/dags/match_info_redshift_dag.py took 0.171 seconds
[2025-04-07T08:57:54.408+0000] {processor.py:161} INFO - Started process (PID=508) to work on /opt/airflow/dags/match_info_redshift_dag.py
[2025-04-07T08:57:54.409+0000] {processor.py:830} INFO - Processing file /opt/airflow/dags/match_info_redshift_dag.py for tasks to queue
[2025-04-07T08:57:54.410+0000] {logging_mixin.py:188} INFO - [2025-04-07T08:57:54.409+0000] {dagbag.py:545} INFO - Filling up the DagBag from /opt/airflow/dags/match_info_redshift_dag.py
[2025-04-07T08:57:54.422+0000] {processor.py:840} INFO - DAG(s) 'match_info_to_redshift_dag' retrieved from /opt/airflow/dags/match_info_redshift_dag.py
[2025-04-07T08:57:54.446+0000] {logging_mixin.py:188} INFO - [2025-04-07T08:57:54.446+0000] {dag.py:3096} INFO - Sync 1 DAGs
[2025-04-07T08:57:54.461+0000] {logging_mixin.py:188} INFO - [2025-04-07T08:57:54.461+0000] {dag.py:3954} INFO - Setting next_dagrun for match_info_to_redshift_dag to None, run_after=None
[2025-04-07T08:57:54.483+0000] {processor.py:183} INFO - Processing /opt/airflow/dags/match_info_redshift_dag.py took 0.081 seconds
[2025-04-07T08:58:24.639+0000] {processor.py:161} INFO - Started process (PID=530) to work on /opt/airflow/dags/match_info_redshift_dag.py
[2025-04-07T08:58:24.640+0000] {processor.py:830} INFO - Processing file /opt/airflow/dags/match_info_redshift_dag.py for tasks to queue
[2025-04-07T08:58:24.641+0000] {logging_mixin.py:188} INFO - [2025-04-07T08:58:24.640+0000] {dagbag.py:545} INFO - Filling up the DagBag from /opt/airflow/dags/match_info_redshift_dag.py
[2025-04-07T08:58:24.653+0000] {processor.py:840} INFO - DAG(s) 'match_info_to_redshift_dag' retrieved from /opt/airflow/dags/match_info_redshift_dag.py
[2025-04-07T08:58:24.677+0000] {logging_mixin.py:188} INFO - [2025-04-07T08:58:24.676+0000] {dag.py:3096} INFO - Sync 1 DAGs
[2025-04-07T08:58:24.691+0000] {logging_mixin.py:188} INFO - [2025-04-07T08:58:24.691+0000] {dag.py:3954} INFO - Setting next_dagrun for match_info_to_redshift_dag to None, run_after=None
[2025-04-07T08:58:24.713+0000] {processor.py:183} INFO - Processing /opt/airflow/dags/match_info_redshift_dag.py took 0.081 seconds
[2025-04-07T08:58:54.884+0000] {processor.py:161} INFO - Started process (PID=552) to work on /opt/airflow/dags/match_info_redshift_dag.py
[2025-04-07T08:58:54.884+0000] {processor.py:830} INFO - Processing file /opt/airflow/dags/match_info_redshift_dag.py for tasks to queue
[2025-04-07T08:58:54.886+0000] {logging_mixin.py:188} INFO - [2025-04-07T08:58:54.885+0000] {dagbag.py:545} INFO - Filling up the DagBag from /opt/airflow/dags/match_info_redshift_dag.py
[2025-04-07T08:58:54.902+0000] {processor.py:840} INFO - DAG(s) 'match_info_to_redshift_dag' retrieved from /opt/airflow/dags/match_info_redshift_dag.py
[2025-04-07T08:58:54.947+0000] {logging_mixin.py:188} INFO - [2025-04-07T08:58:54.947+0000] {dag.py:3096} INFO - Sync 1 DAGs
[2025-04-07T08:58:54.962+0000] {logging_mixin.py:188} INFO - [2025-04-07T08:58:54.962+0000] {dag.py:3954} INFO - Setting next_dagrun for match_info_to_redshift_dag to None, run_after=None
[2025-04-07T08:58:54.985+0000] {processor.py:183} INFO - Processing /opt/airflow/dags/match_info_redshift_dag.py took 0.111 seconds
[2025-04-07T08:59:25.158+0000] {processor.py:161} INFO - Started process (PID=574) to work on /opt/airflow/dags/match_info_redshift_dag.py
[2025-04-07T08:59:25.159+0000] {processor.py:830} INFO - Processing file /opt/airflow/dags/match_info_redshift_dag.py for tasks to queue
[2025-04-07T08:59:25.160+0000] {logging_mixin.py:188} INFO - [2025-04-07T08:59:25.160+0000] {dagbag.py:545} INFO - Filling up the DagBag from /opt/airflow/dags/match_info_redshift_dag.py
[2025-04-07T08:59:25.172+0000] {processor.py:840} INFO - DAG(s) 'match_info_to_redshift_dag' retrieved from /opt/airflow/dags/match_info_redshift_dag.py
[2025-04-07T08:59:25.196+0000] {logging_mixin.py:188} INFO - [2025-04-07T08:59:25.196+0000] {dag.py:3096} INFO - Sync 1 DAGs
[2025-04-07T08:59:25.212+0000] {logging_mixin.py:188} INFO - [2025-04-07T08:59:25.211+0000] {dag.py:3954} INFO - Setting next_dagrun for match_info_to_redshift_dag to None, run_after=None
[2025-04-07T08:59:25.247+0000] {processor.py:183} INFO - Processing /opt/airflow/dags/match_info_redshift_dag.py took 0.095 seconds
[2025-04-07T08:59:55.421+0000] {processor.py:161} INFO - Started process (PID=596) to work on /opt/airflow/dags/match_info_redshift_dag.py
[2025-04-07T08:59:55.422+0000] {processor.py:830} INFO - Processing file /opt/airflow/dags/match_info_redshift_dag.py for tasks to queue
[2025-04-07T08:59:55.423+0000] {logging_mixin.py:188} INFO - [2025-04-07T08:59:55.423+0000] {dagbag.py:545} INFO - Filling up the DagBag from /opt/airflow/dags/match_info_redshift_dag.py
[2025-04-07T08:59:55.440+0000] {processor.py:840} INFO - DAG(s) 'match_info_to_redshift_dag' retrieved from /opt/airflow/dags/match_info_redshift_dag.py
[2025-04-07T08:59:55.471+0000] {logging_mixin.py:188} INFO - [2025-04-07T08:59:55.471+0000] {dag.py:3096} INFO - Sync 1 DAGs
[2025-04-07T08:59:55.493+0000] {logging_mixin.py:188} INFO - [2025-04-07T08:59:55.493+0000] {dag.py:3954} INFO - Setting next_dagrun for match_info_to_redshift_dag to None, run_after=None
[2025-04-07T08:59:55.520+0000] {processor.py:183} INFO - Processing /opt/airflow/dags/match_info_redshift_dag.py took 0.108 seconds
