[2025-04-07T08:52:51.592+0000] {processor.py:161} INFO - Started process (PID=290) to work on /opt/airflow/dags/match_info_redshift_dag.py
[2025-04-07T08:52:51.593+0000] {processor.py:830} INFO - Processing file /opt/airflow/dags/match_info_redshift_dag.py for tasks to queue
[2025-04-07T08:52:51.594+0000] {logging_mixin.py:188} INFO - [2025-04-07T08:52:51.594+0000] {dagbag.py:545} INFO - Filling up the DagBag from /opt/airflow/dags/match_info_redshift_dag.py
[2025-04-07T08:52:51.610+0000] {processor.py:840} INFO - DAG(s) 'match_info_to_redshift_dag' retrieved from /opt/airflow/dags/match_info_redshift_dag.py
[2025-04-07T08:52:51.828+0000] {logging_mixin.py:188} INFO - [2025-04-07T08:52:51.827+0000] {override.py:1829} INFO - Created Permission View: can edit on DAG:match_info_to_redshift_dag
[2025-04-07T08:52:51.847+0000] {logging_mixin.py:188} INFO - [2025-04-07T08:52:51.846+0000] {override.py:1829} INFO - Created Permission View: can read on DAG:match_info_to_redshift_dag
[2025-04-07T08:52:51.856+0000] {logging_mixin.py:188} INFO - [2025-04-07T08:52:51.855+0000] {override.py:1829} INFO - Created Permission View: can delete on DAG:match_info_to_redshift_dag
[2025-04-07T08:52:51.856+0000] {logging_mixin.py:188} INFO - [2025-04-07T08:52:51.856+0000] {dag.py:3096} INFO - Sync 1 DAGs
[2025-04-07T08:52:51.874+0000] {logging_mixin.py:188} INFO - [2025-04-07T08:52:51.874+0000] {dag.py:3118} INFO - Creating ORM DAG for match_info_to_redshift_dag
[2025-04-07T08:52:51.875+0000] {logging_mixin.py:188} INFO - [2025-04-07T08:52:51.875+0000] {dag.py:3954} INFO - Setting next_dagrun for match_info_to_redshift_dag to None, run_after=None
[2025-04-07T08:52:51.898+0000] {processor.py:183} INFO - Processing /opt/airflow/dags/match_info_redshift_dag.py took 0.314 seconds
[2025-04-07T08:53:22.050+0000] {processor.py:161} INFO - Started process (PID=310) to work on /opt/airflow/dags/match_info_redshift_dag.py
[2025-04-07T08:53:22.052+0000] {processor.py:830} INFO - Processing file /opt/airflow/dags/match_info_redshift_dag.py for tasks to queue
[2025-04-07T08:53:22.053+0000] {logging_mixin.py:188} INFO - [2025-04-07T08:53:22.052+0000] {dagbag.py:545} INFO - Filling up the DagBag from /opt/airflow/dags/match_info_redshift_dag.py
[2025-04-07T08:53:22.065+0000] {processor.py:840} INFO - DAG(s) 'match_info_to_redshift_dag' retrieved from /opt/airflow/dags/match_info_redshift_dag.py
[2025-04-07T08:53:22.091+0000] {logging_mixin.py:188} INFO - [2025-04-07T08:53:22.091+0000] {dag.py:3096} INFO - Sync 1 DAGs
[2025-04-07T08:53:22.105+0000] {logging_mixin.py:188} INFO - [2025-04-07T08:53:22.105+0000] {dag.py:3954} INFO - Setting next_dagrun for match_info_to_redshift_dag to None, run_after=None
[2025-04-07T08:53:22.125+0000] {processor.py:183} INFO - Processing /opt/airflow/dags/match_info_redshift_dag.py took 0.082 seconds
[2025-04-07T08:53:52.289+0000] {processor.py:161} INFO - Started process (PID=333) to work on /opt/airflow/dags/match_info_redshift_dag.py
[2025-04-07T08:53:52.289+0000] {processor.py:830} INFO - Processing file /opt/airflow/dags/match_info_redshift_dag.py for tasks to queue
[2025-04-07T08:53:52.290+0000] {logging_mixin.py:188} INFO - [2025-04-07T08:53:52.290+0000] {dagbag.py:545} INFO - Filling up the DagBag from /opt/airflow/dags/match_info_redshift_dag.py
[2025-04-07T08:53:52.305+0000] {processor.py:840} INFO - DAG(s) 'match_info_to_redshift_dag' retrieved from /opt/airflow/dags/match_info_redshift_dag.py
[2025-04-07T08:53:52.351+0000] {logging_mixin.py:188} INFO - [2025-04-07T08:53:52.351+0000] {dag.py:3096} INFO - Sync 1 DAGs
[2025-04-07T08:53:52.374+0000] {logging_mixin.py:188} INFO - [2025-04-07T08:53:52.373+0000] {dag.py:3954} INFO - Setting next_dagrun for match_info_to_redshift_dag to None, run_after=None
[2025-04-07T08:53:52.403+0000] {processor.py:183} INFO - Processing /opt/airflow/dags/match_info_redshift_dag.py took 0.127 seconds
[2025-04-07T08:54:22.564+0000] {processor.py:161} INFO - Started process (PID=354) to work on /opt/airflow/dags/match_info_redshift_dag.py
[2025-04-07T08:54:22.566+0000] {processor.py:830} INFO - Processing file /opt/airflow/dags/match_info_redshift_dag.py for tasks to queue
[2025-04-07T08:54:22.567+0000] {logging_mixin.py:188} INFO - [2025-04-07T08:54:22.566+0000] {dagbag.py:545} INFO - Filling up the DagBag from /opt/airflow/dags/match_info_redshift_dag.py
[2025-04-07T08:54:22.580+0000] {processor.py:840} INFO - DAG(s) 'match_info_to_redshift_dag' retrieved from /opt/airflow/dags/match_info_redshift_dag.py
[2025-04-07T08:54:22.604+0000] {logging_mixin.py:188} INFO - [2025-04-07T08:54:22.604+0000] {dag.py:3096} INFO - Sync 1 DAGs
[2025-04-07T08:54:22.619+0000] {logging_mixin.py:188} INFO - [2025-04-07T08:54:22.619+0000] {dag.py:3954} INFO - Setting next_dagrun for match_info_to_redshift_dag to None, run_after=None
[2025-04-07T08:54:22.651+0000] {processor.py:183} INFO - Processing /opt/airflow/dags/match_info_redshift_dag.py took 0.094 seconds
[2025-04-07T08:54:52.813+0000] {processor.py:161} INFO - Started process (PID=376) to work on /opt/airflow/dags/match_info_redshift_dag.py
[2025-04-07T08:54:52.814+0000] {processor.py:830} INFO - Processing file /opt/airflow/dags/match_info_redshift_dag.py for tasks to queue
[2025-04-07T08:54:52.815+0000] {logging_mixin.py:188} INFO - [2025-04-07T08:54:52.815+0000] {dagbag.py:545} INFO - Filling up the DagBag from /opt/airflow/dags/match_info_redshift_dag.py
[2025-04-07T08:54:52.828+0000] {processor.py:840} INFO - DAG(s) 'match_info_to_redshift_dag' retrieved from /opt/airflow/dags/match_info_redshift_dag.py
[2025-04-07T08:54:52.854+0000] {logging_mixin.py:188} INFO - [2025-04-07T08:54:52.853+0000] {dag.py:3096} INFO - Sync 1 DAGs
[2025-04-07T08:54:52.871+0000] {logging_mixin.py:188} INFO - [2025-04-07T08:54:52.871+0000] {dag.py:3954} INFO - Setting next_dagrun for match_info_to_redshift_dag to None, run_after=None
[2025-04-07T08:54:52.892+0000] {processor.py:183} INFO - Processing /opt/airflow/dags/match_info_redshift_dag.py took 0.086 seconds
[2025-04-07T08:55:23.047+0000] {processor.py:161} INFO - Started process (PID=398) to work on /opt/airflow/dags/match_info_redshift_dag.py
[2025-04-07T08:55:23.048+0000] {processor.py:830} INFO - Processing file /opt/airflow/dags/match_info_redshift_dag.py for tasks to queue
[2025-04-07T08:55:23.049+0000] {logging_mixin.py:188} INFO - [2025-04-07T08:55:23.049+0000] {dagbag.py:545} INFO - Filling up the DagBag from /opt/airflow/dags/match_info_redshift_dag.py
[2025-04-07T08:55:23.061+0000] {processor.py:840} INFO - DAG(s) 'match_info_to_redshift_dag' retrieved from /opt/airflow/dags/match_info_redshift_dag.py
[2025-04-07T08:55:23.085+0000] {logging_mixin.py:188} INFO - [2025-04-07T08:55:23.085+0000] {dag.py:3096} INFO - Sync 1 DAGs
[2025-04-07T08:55:23.099+0000] {logging_mixin.py:188} INFO - [2025-04-07T08:55:23.099+0000] {dag.py:3954} INFO - Setting next_dagrun for match_info_to_redshift_dag to None, run_after=None
[2025-04-07T08:55:23.118+0000] {processor.py:183} INFO - Processing /opt/airflow/dags/match_info_redshift_dag.py took 0.078 seconds
[2025-04-07T08:55:53.287+0000] {processor.py:161} INFO - Started process (PID=420) to work on /opt/airflow/dags/match_info_redshift_dag.py
[2025-04-07T08:55:53.288+0000] {processor.py:830} INFO - Processing file /opt/airflow/dags/match_info_redshift_dag.py for tasks to queue
[2025-04-07T08:55:53.289+0000] {logging_mixin.py:188} INFO - [2025-04-07T08:55:53.289+0000] {dagbag.py:545} INFO - Filling up the DagBag from /opt/airflow/dags/match_info_redshift_dag.py
[2025-04-07T08:55:53.306+0000] {processor.py:840} INFO - DAG(s) 'match_info_to_redshift_dag' retrieved from /opt/airflow/dags/match_info_redshift_dag.py
[2025-04-07T08:55:53.347+0000] {logging_mixin.py:188} INFO - [2025-04-07T08:55:53.346+0000] {dag.py:3096} INFO - Sync 1 DAGs
[2025-04-07T08:55:53.368+0000] {logging_mixin.py:188} INFO - [2025-04-07T08:55:53.367+0000] {dag.py:3954} INFO - Setting next_dagrun for match_info_to_redshift_dag to None, run_after=None
[2025-04-07T08:55:53.395+0000] {processor.py:183} INFO - Processing /opt/airflow/dags/match_info_redshift_dag.py took 0.116 seconds
[2025-04-07T08:56:23.556+0000] {processor.py:161} INFO - Started process (PID=442) to work on /opt/airflow/dags/match_info_redshift_dag.py
[2025-04-07T08:56:23.557+0000] {processor.py:830} INFO - Processing file /opt/airflow/dags/match_info_redshift_dag.py for tasks to queue
[2025-04-07T08:56:23.558+0000] {logging_mixin.py:188} INFO - [2025-04-07T08:56:23.558+0000] {dagbag.py:545} INFO - Filling up the DagBag from /opt/airflow/dags/match_info_redshift_dag.py
[2025-04-07T08:56:23.571+0000] {processor.py:840} INFO - DAG(s) 'match_info_to_redshift_dag' retrieved from /opt/airflow/dags/match_info_redshift_dag.py
[2025-04-07T08:56:23.595+0000] {logging_mixin.py:188} INFO - [2025-04-07T08:56:23.595+0000] {dag.py:3096} INFO - Sync 1 DAGs
[2025-04-07T08:56:23.609+0000] {logging_mixin.py:188} INFO - [2025-04-07T08:56:23.609+0000] {dag.py:3954} INFO - Setting next_dagrun for match_info_to_redshift_dag to None, run_after=None
[2025-04-07T08:56:23.632+0000] {processor.py:183} INFO - Processing /opt/airflow/dags/match_info_redshift_dag.py took 0.083 seconds
[2025-04-07T08:56:53.778+0000] {processor.py:161} INFO - Started process (PID=464) to work on /opt/airflow/dags/match_info_redshift_dag.py
[2025-04-07T08:56:53.779+0000] {processor.py:830} INFO - Processing file /opt/airflow/dags/match_info_redshift_dag.py for tasks to queue
[2025-04-07T08:56:53.780+0000] {logging_mixin.py:188} INFO - [2025-04-07T08:56:53.779+0000] {dagbag.py:545} INFO - Filling up the DagBag from /opt/airflow/dags/match_info_redshift_dag.py
[2025-04-07T08:56:53.792+0000] {processor.py:840} INFO - DAG(s) 'match_info_to_redshift_dag' retrieved from /opt/airflow/dags/match_info_redshift_dag.py
[2025-04-07T08:56:53.816+0000] {logging_mixin.py:188} INFO - [2025-04-07T08:56:53.816+0000] {dag.py:3096} INFO - Sync 1 DAGs
[2025-04-07T08:56:53.832+0000] {logging_mixin.py:188} INFO - [2025-04-07T08:56:53.832+0000] {dag.py:3954} INFO - Setting next_dagrun for match_info_to_redshift_dag to None, run_after=None
[2025-04-07T08:56:53.856+0000] {processor.py:183} INFO - Processing /opt/airflow/dags/match_info_redshift_dag.py took 0.084 seconds
[2025-04-07T08:57:24.048+0000] {processor.py:161} INFO - Started process (PID=486) to work on /opt/airflow/dags/match_info_redshift_dag.py
[2025-04-07T08:57:24.051+0000] {processor.py:830} INFO - Processing file /opt/airflow/dags/match_info_redshift_dag.py for tasks to queue
[2025-04-07T08:57:24.054+0000] {logging_mixin.py:188} INFO - [2025-04-07T08:57:24.052+0000] {dagbag.py:545} INFO - Filling up the DagBag from /opt/airflow/dags/match_info_redshift_dag.py
[2025-04-07T08:57:24.088+0000] {processor.py:840} INFO - DAG(s) 'match_info_to_redshift_dag' retrieved from /opt/airflow/dags/match_info_redshift_dag.py
[2025-04-07T08:57:24.126+0000] {logging_mixin.py:188} INFO - [2025-04-07T08:57:24.126+0000] {dag.py:3096} INFO - Sync 1 DAGs
[2025-04-07T08:57:24.151+0000] {logging_mixin.py:188} INFO - [2025-04-07T08:57:24.150+0000] {dag.py:3954} INFO - Setting next_dagrun for match_info_to_redshift_dag to None, run_after=None
[2025-04-07T08:57:24.198+0000] {processor.py:183} INFO - Processing /opt/airflow/dags/match_info_redshift_dag.py took 0.171 seconds
[2025-04-07T08:57:54.408+0000] {processor.py:161} INFO - Started process (PID=508) to work on /opt/airflow/dags/match_info_redshift_dag.py
[2025-04-07T08:57:54.409+0000] {processor.py:830} INFO - Processing file /opt/airflow/dags/match_info_redshift_dag.py for tasks to queue
[2025-04-07T08:57:54.410+0000] {logging_mixin.py:188} INFO - [2025-04-07T08:57:54.409+0000] {dagbag.py:545} INFO - Filling up the DagBag from /opt/airflow/dags/match_info_redshift_dag.py
[2025-04-07T08:57:54.422+0000] {processor.py:840} INFO - DAG(s) 'match_info_to_redshift_dag' retrieved from /opt/airflow/dags/match_info_redshift_dag.py
[2025-04-07T08:57:54.446+0000] {logging_mixin.py:188} INFO - [2025-04-07T08:57:54.446+0000] {dag.py:3096} INFO - Sync 1 DAGs
[2025-04-07T08:57:54.461+0000] {logging_mixin.py:188} INFO - [2025-04-07T08:57:54.461+0000] {dag.py:3954} INFO - Setting next_dagrun for match_info_to_redshift_dag to None, run_after=None
[2025-04-07T08:57:54.483+0000] {processor.py:183} INFO - Processing /opt/airflow/dags/match_info_redshift_dag.py took 0.081 seconds
[2025-04-07T08:58:24.639+0000] {processor.py:161} INFO - Started process (PID=530) to work on /opt/airflow/dags/match_info_redshift_dag.py
[2025-04-07T08:58:24.640+0000] {processor.py:830} INFO - Processing file /opt/airflow/dags/match_info_redshift_dag.py for tasks to queue
[2025-04-07T08:58:24.641+0000] {logging_mixin.py:188} INFO - [2025-04-07T08:58:24.640+0000] {dagbag.py:545} INFO - Filling up the DagBag from /opt/airflow/dags/match_info_redshift_dag.py
[2025-04-07T08:58:24.653+0000] {processor.py:840} INFO - DAG(s) 'match_info_to_redshift_dag' retrieved from /opt/airflow/dags/match_info_redshift_dag.py
[2025-04-07T08:58:24.677+0000] {logging_mixin.py:188} INFO - [2025-04-07T08:58:24.676+0000] {dag.py:3096} INFO - Sync 1 DAGs
[2025-04-07T08:58:24.691+0000] {logging_mixin.py:188} INFO - [2025-04-07T08:58:24.691+0000] {dag.py:3954} INFO - Setting next_dagrun for match_info_to_redshift_dag to None, run_after=None
[2025-04-07T08:58:24.713+0000] {processor.py:183} INFO - Processing /opt/airflow/dags/match_info_redshift_dag.py took 0.081 seconds
[2025-04-07T08:58:54.884+0000] {processor.py:161} INFO - Started process (PID=552) to work on /opt/airflow/dags/match_info_redshift_dag.py
[2025-04-07T08:58:54.884+0000] {processor.py:830} INFO - Processing file /opt/airflow/dags/match_info_redshift_dag.py for tasks to queue
[2025-04-07T08:58:54.886+0000] {logging_mixin.py:188} INFO - [2025-04-07T08:58:54.885+0000] {dagbag.py:545} INFO - Filling up the DagBag from /opt/airflow/dags/match_info_redshift_dag.py
[2025-04-07T08:58:54.902+0000] {processor.py:840} INFO - DAG(s) 'match_info_to_redshift_dag' retrieved from /opt/airflow/dags/match_info_redshift_dag.py
[2025-04-07T08:58:54.947+0000] {logging_mixin.py:188} INFO - [2025-04-07T08:58:54.947+0000] {dag.py:3096} INFO - Sync 1 DAGs
[2025-04-07T08:58:54.962+0000] {logging_mixin.py:188} INFO - [2025-04-07T08:58:54.962+0000] {dag.py:3954} INFO - Setting next_dagrun for match_info_to_redshift_dag to None, run_after=None
[2025-04-07T08:58:54.985+0000] {processor.py:183} INFO - Processing /opt/airflow/dags/match_info_redshift_dag.py took 0.111 seconds
[2025-04-07T08:59:25.158+0000] {processor.py:161} INFO - Started process (PID=574) to work on /opt/airflow/dags/match_info_redshift_dag.py
[2025-04-07T08:59:25.159+0000] {processor.py:830} INFO - Processing file /opt/airflow/dags/match_info_redshift_dag.py for tasks to queue
[2025-04-07T08:59:25.160+0000] {logging_mixin.py:188} INFO - [2025-04-07T08:59:25.160+0000] {dagbag.py:545} INFO - Filling up the DagBag from /opt/airflow/dags/match_info_redshift_dag.py
[2025-04-07T08:59:25.172+0000] {processor.py:840} INFO - DAG(s) 'match_info_to_redshift_dag' retrieved from /opt/airflow/dags/match_info_redshift_dag.py
[2025-04-07T08:59:25.196+0000] {logging_mixin.py:188} INFO - [2025-04-07T08:59:25.196+0000] {dag.py:3096} INFO - Sync 1 DAGs
[2025-04-07T08:59:25.212+0000] {logging_mixin.py:188} INFO - [2025-04-07T08:59:25.211+0000] {dag.py:3954} INFO - Setting next_dagrun for match_info_to_redshift_dag to None, run_after=None
[2025-04-07T08:59:25.247+0000] {processor.py:183} INFO - Processing /opt/airflow/dags/match_info_redshift_dag.py took 0.095 seconds
[2025-04-07T08:59:55.421+0000] {processor.py:161} INFO - Started process (PID=596) to work on /opt/airflow/dags/match_info_redshift_dag.py
[2025-04-07T08:59:55.422+0000] {processor.py:830} INFO - Processing file /opt/airflow/dags/match_info_redshift_dag.py for tasks to queue
[2025-04-07T08:59:55.423+0000] {logging_mixin.py:188} INFO - [2025-04-07T08:59:55.423+0000] {dagbag.py:545} INFO - Filling up the DagBag from /opt/airflow/dags/match_info_redshift_dag.py
[2025-04-07T08:59:55.440+0000] {processor.py:840} INFO - DAG(s) 'match_info_to_redshift_dag' retrieved from /opt/airflow/dags/match_info_redshift_dag.py
[2025-04-07T08:59:55.471+0000] {logging_mixin.py:188} INFO - [2025-04-07T08:59:55.471+0000] {dag.py:3096} INFO - Sync 1 DAGs
[2025-04-07T08:59:55.493+0000] {logging_mixin.py:188} INFO - [2025-04-07T08:59:55.493+0000] {dag.py:3954} INFO - Setting next_dagrun for match_info_to_redshift_dag to None, run_after=None
[2025-04-07T08:59:55.520+0000] {processor.py:183} INFO - Processing /opt/airflow/dags/match_info_redshift_dag.py took 0.108 seconds
[2025-04-07T15:05:59.288+0000] {processor.py:161} INFO - Started process (PID=122918) to work on /opt/airflow/dags/match_info_redshift_dag.py
[2025-04-07T15:05:59.291+0000] {processor.py:830} INFO - Processing file /opt/airflow/dags/match_info_redshift_dag.py for tasks to queue
[2025-04-07T15:05:59.293+0000] {logging_mixin.py:188} INFO - [2025-04-07T15:05:59.292+0000] {dagbag.py:545} INFO - Filling up the DagBag from /opt/airflow/dags/match_info_redshift_dag.py
[2025-04-07T15:05:59.311+0000] {processor.py:840} INFO - DAG(s) 'match_info_to_redshift_dag' retrieved from /opt/airflow/dags/match_info_redshift_dag.py
[2025-04-07T15:05:59.347+0000] {logging_mixin.py:188} INFO - [2025-04-07T15:05:59.344+0000] {dag.py:3096} INFO - Sync 1 DAGs
[2025-04-07T15:05:59.382+0000] {logging_mixin.py:188} INFO - [2025-04-07T15:05:59.382+0000] {dag.py:3954} INFO - Setting next_dagrun for match_info_to_redshift_dag to None, run_after=None
[2025-04-07T15:05:59.412+0000] {processor.py:183} INFO - Processing /opt/airflow/dags/match_info_redshift_dag.py took 0.133 seconds
[2025-04-07T15:06:29.676+0000] {processor.py:161} INFO - Started process (PID=122938) to work on /opt/airflow/dags/match_info_redshift_dag.py
[2025-04-07T15:06:29.679+0000] {processor.py:830} INFO - Processing file /opt/airflow/dags/match_info_redshift_dag.py for tasks to queue
[2025-04-07T15:06:29.686+0000] {logging_mixin.py:188} INFO - [2025-04-07T15:06:29.682+0000] {dagbag.py:545} INFO - Filling up the DagBag from /opt/airflow/dags/match_info_redshift_dag.py
[2025-04-07T15:06:29.739+0000] {processor.py:840} INFO - DAG(s) 'match_info_to_redshift_dag' retrieved from /opt/airflow/dags/match_info_redshift_dag.py
[2025-04-07T15:06:29.783+0000] {logging_mixin.py:188} INFO - [2025-04-07T15:06:29.782+0000] {dag.py:3096} INFO - Sync 1 DAGs
[2025-04-07T15:06:29.819+0000] {logging_mixin.py:188} INFO - [2025-04-07T15:06:29.817+0000] {dag.py:3954} INFO - Setting next_dagrun for match_info_to_redshift_dag to None, run_after=None
[2025-04-07T15:06:29.918+0000] {processor.py:183} INFO - Processing /opt/airflow/dags/match_info_redshift_dag.py took 0.255 seconds
[2025-04-07T15:07:00.303+0000] {processor.py:161} INFO - Started process (PID=122960) to work on /opt/airflow/dags/match_info_redshift_dag.py
[2025-04-07T15:07:00.310+0000] {processor.py:830} INFO - Processing file /opt/airflow/dags/match_info_redshift_dag.py for tasks to queue
[2025-04-07T15:07:00.315+0000] {logging_mixin.py:188} INFO - [2025-04-07T15:07:00.313+0000] {dagbag.py:545} INFO - Filling up the DagBag from /opt/airflow/dags/match_info_redshift_dag.py
[2025-04-07T15:07:00.368+0000] {processor.py:840} INFO - DAG(s) 'match_info_to_redshift_dag' retrieved from /opt/airflow/dags/match_info_redshift_dag.py
[2025-04-07T15:07:00.432+0000] {logging_mixin.py:188} INFO - [2025-04-07T15:07:00.432+0000] {dag.py:3096} INFO - Sync 1 DAGs
[2025-04-07T15:07:00.474+0000] {logging_mixin.py:188} INFO - [2025-04-07T15:07:00.474+0000] {dag.py:3954} INFO - Setting next_dagrun for match_info_to_redshift_dag to None, run_after=None
[2025-04-07T15:07:00.560+0000] {processor.py:183} INFO - Processing /opt/airflow/dags/match_info_redshift_dag.py took 0.286 seconds
[2025-04-07T15:07:16.415+0000] {processor.py:161} INFO - Started process (PID=220) to work on /opt/airflow/dags/match_info_redshift_dag.py
[2025-04-07T15:07:16.416+0000] {processor.py:830} INFO - Processing file /opt/airflow/dags/match_info_redshift_dag.py for tasks to queue
[2025-04-07T15:07:16.417+0000] {logging_mixin.py:188} INFO - [2025-04-07T15:07:16.417+0000] {dagbag.py:545} INFO - Filling up the DagBag from /opt/airflow/dags/match_info_redshift_dag.py
[2025-04-07T15:07:16.428+0000] {processor.py:840} INFO - DAG(s) 'match_info_to_redshift_dag' retrieved from /opt/airflow/dags/match_info_redshift_dag.py
[2025-04-07T15:07:16.602+0000] {logging_mixin.py:188} INFO - [2025-04-07T15:07:16.601+0000] {override.py:1829} INFO - Created Permission View: can read on DAG:match_info_to_redshift_dag
[2025-04-07T15:07:16.614+0000] {logging_mixin.py:188} INFO - [2025-04-07T15:07:16.613+0000] {override.py:1829} INFO - Created Permission View: can edit on DAG:match_info_to_redshift_dag
[2025-04-07T15:07:16.622+0000] {logging_mixin.py:188} INFO - [2025-04-07T15:07:16.621+0000] {override.py:1829} INFO - Created Permission View: can delete on DAG:match_info_to_redshift_dag
[2025-04-07T15:07:16.622+0000] {logging_mixin.py:188} INFO - [2025-04-07T15:07:16.622+0000] {dag.py:3096} INFO - Sync 1 DAGs
[2025-04-07T15:07:16.642+0000] {logging_mixin.py:188} INFO - [2025-04-07T15:07:16.642+0000] {dag.py:3118} INFO - Creating ORM DAG for match_info_to_redshift_dag
[2025-04-07T15:07:16.646+0000] {logging_mixin.py:188} INFO - [2025-04-07T15:07:16.645+0000] {dag.py:3954} INFO - Setting next_dagrun for match_info_to_redshift_dag to None, run_after=None
[2025-04-07T15:07:16.675+0000] {processor.py:183} INFO - Processing /opt/airflow/dags/match_info_redshift_dag.py took 0.266 seconds
[2025-04-07T15:07:30.899+0000] {processor.py:161} INFO - Started process (PID=122982) to work on /opt/airflow/dags/match_info_redshift_dag.py
[2025-04-07T15:07:30.899+0000] {processor.py:830} INFO - Processing file /opt/airflow/dags/match_info_redshift_dag.py for tasks to queue
[2025-04-07T15:07:30.901+0000] {logging_mixin.py:188} INFO - [2025-04-07T15:07:30.900+0000] {dagbag.py:545} INFO - Filling up the DagBag from /opt/airflow/dags/match_info_redshift_dag.py
[2025-04-07T15:07:30.927+0000] {processor.py:840} INFO - DAG(s) 'match_info_to_redshift_dag' retrieved from /opt/airflow/dags/match_info_redshift_dag.py
[2025-04-07T15:07:30.993+0000] {logging_mixin.py:188} INFO - [2025-04-07T15:07:30.993+0000] {dag.py:3096} INFO - Sync 1 DAGs
[2025-04-07T15:07:31.049+0000] {logging_mixin.py:188} INFO - [2025-04-07T15:07:31.047+0000] {dag.py:3954} INFO - Setting next_dagrun for match_info_to_redshift_dag to None, run_after=None
[2025-04-07T15:07:31.094+0000] {processor.py:183} INFO - Processing /opt/airflow/dags/match_info_redshift_dag.py took 0.213 seconds
[2025-04-07T15:07:46.759+0000] {processor.py:161} INFO - Started process (PID=242) to work on /opt/airflow/dags/match_info_redshift_dag.py
[2025-04-07T15:07:46.759+0000] {processor.py:830} INFO - Processing file /opt/airflow/dags/match_info_redshift_dag.py for tasks to queue
[2025-04-07T15:07:46.760+0000] {logging_mixin.py:188} INFO - [2025-04-07T15:07:46.760+0000] {dagbag.py:545} INFO - Filling up the DagBag from /opt/airflow/dags/match_info_redshift_dag.py
[2025-04-07T15:07:46.772+0000] {processor.py:840} INFO - DAG(s) 'match_info_to_redshift_dag' retrieved from /opt/airflow/dags/match_info_redshift_dag.py
[2025-04-07T15:07:46.796+0000] {logging_mixin.py:188} INFO - [2025-04-07T15:07:46.796+0000] {dag.py:3096} INFO - Sync 1 DAGs
[2025-04-07T15:07:46.812+0000] {logging_mixin.py:188} INFO - [2025-04-07T15:07:46.812+0000] {dag.py:3954} INFO - Setting next_dagrun for match_info_to_redshift_dag to None, run_after=None
[2025-04-07T15:07:46.837+0000] {processor.py:183} INFO - Processing /opt/airflow/dags/match_info_redshift_dag.py took 0.086 seconds
[2025-04-07T15:08:01.292+0000] {processor.py:161} INFO - Started process (PID=123004) to work on /opt/airflow/dags/match_info_redshift_dag.py
[2025-04-07T15:08:01.293+0000] {processor.py:830} INFO - Processing file /opt/airflow/dags/match_info_redshift_dag.py for tasks to queue
[2025-04-07T15:08:01.295+0000] {logging_mixin.py:188} INFO - [2025-04-07T15:08:01.294+0000] {dagbag.py:545} INFO - Filling up the DagBag from /opt/airflow/dags/match_info_redshift_dag.py
[2025-04-07T15:08:01.310+0000] {processor.py:840} INFO - DAG(s) 'match_info_to_redshift_dag' retrieved from /opt/airflow/dags/match_info_redshift_dag.py
[2025-04-07T15:08:01.345+0000] {logging_mixin.py:188} INFO - [2025-04-07T15:08:01.345+0000] {dag.py:3096} INFO - Sync 1 DAGs
[2025-04-07T15:08:01.365+0000] {logging_mixin.py:188} INFO - [2025-04-07T15:08:01.365+0000] {dag.py:3954} INFO - Setting next_dagrun for match_info_to_redshift_dag to None, run_after=None
[2025-04-07T15:08:01.394+0000] {processor.py:183} INFO - Processing /opt/airflow/dags/match_info_redshift_dag.py took 0.112 seconds
[2025-04-07T15:08:16.908+0000] {processor.py:161} INFO - Started process (PID=264) to work on /opt/airflow/dags/match_info_redshift_dag.py
[2025-04-07T15:08:16.908+0000] {processor.py:830} INFO - Processing file /opt/airflow/dags/match_info_redshift_dag.py for tasks to queue
[2025-04-07T15:08:16.909+0000] {logging_mixin.py:188} INFO - [2025-04-07T15:08:16.909+0000] {dagbag.py:545} INFO - Filling up the DagBag from /opt/airflow/dags/match_info_redshift_dag.py
[2025-04-07T15:08:16.920+0000] {processor.py:840} INFO - DAG(s) 'match_info_to_redshift_dag' retrieved from /opt/airflow/dags/match_info_redshift_dag.py
[2025-04-07T15:08:16.945+0000] {logging_mixin.py:188} INFO - [2025-04-07T15:08:16.944+0000] {dag.py:3096} INFO - Sync 1 DAGs
[2025-04-07T15:08:16.960+0000] {logging_mixin.py:188} INFO - [2025-04-07T15:08:16.960+0000] {dag.py:3954} INFO - Setting next_dagrun for match_info_to_redshift_dag to None, run_after=None
[2025-04-07T15:08:16.983+0000] {processor.py:183} INFO - Processing /opt/airflow/dags/match_info_redshift_dag.py took 0.082 seconds
[2025-04-07T15:08:31.486+0000] {processor.py:161} INFO - Started process (PID=123026) to work on /opt/airflow/dags/match_info_redshift_dag.py
[2025-04-07T15:08:31.487+0000] {processor.py:830} INFO - Processing file /opt/airflow/dags/match_info_redshift_dag.py for tasks to queue
[2025-04-07T15:08:31.488+0000] {logging_mixin.py:188} INFO - [2025-04-07T15:08:31.488+0000] {dagbag.py:545} INFO - Filling up the DagBag from /opt/airflow/dags/match_info_redshift_dag.py
[2025-04-07T15:08:31.505+0000] {processor.py:840} INFO - DAG(s) 'match_info_to_redshift_dag' retrieved from /opt/airflow/dags/match_info_redshift_dag.py
[2025-04-07T15:08:31.544+0000] {logging_mixin.py:188} INFO - [2025-04-07T15:08:31.544+0000] {dag.py:3096} INFO - Sync 1 DAGs
[2025-04-07T15:08:31.560+0000] {logging_mixin.py:188} INFO - [2025-04-07T15:08:31.560+0000] {dag.py:3954} INFO - Setting next_dagrun for match_info_to_redshift_dag to None, run_after=None
[2025-04-07T15:08:31.582+0000] {processor.py:183} INFO - Processing /opt/airflow/dags/match_info_redshift_dag.py took 0.105 seconds
[2025-04-07T15:09:01.803+0000] {processor.py:161} INFO - Started process (PID=123048) to work on /opt/airflow/dags/match_info_redshift_dag.py
[2025-04-07T15:09:01.805+0000] {processor.py:830} INFO - Processing file /opt/airflow/dags/match_info_redshift_dag.py for tasks to queue
[2025-04-07T15:09:01.806+0000] {logging_mixin.py:188} INFO - [2025-04-07T15:09:01.806+0000] {dagbag.py:545} INFO - Filling up the DagBag from /opt/airflow/dags/match_info_redshift_dag.py
[2025-04-07T15:09:01.825+0000] {processor.py:840} INFO - DAG(s) 'match_info_to_redshift_dag' retrieved from /opt/airflow/dags/match_info_redshift_dag.py
[2025-04-07T15:09:01.863+0000] {logging_mixin.py:188} INFO - [2025-04-07T15:09:01.863+0000] {dag.py:3096} INFO - Sync 1 DAGs
[2025-04-07T15:09:01.888+0000] {logging_mixin.py:188} INFO - [2025-04-07T15:09:01.887+0000] {dag.py:3954} INFO - Setting next_dagrun for match_info_to_redshift_dag to None, run_after=None
[2025-04-07T15:09:01.923+0000] {processor.py:183} INFO - Processing /opt/airflow/dags/match_info_redshift_dag.py took 0.132 seconds
[2025-04-07T15:09:32.116+0000] {processor.py:161} INFO - Started process (PID=123070) to work on /opt/airflow/dags/match_info_redshift_dag.py
[2025-04-07T15:09:32.118+0000] {processor.py:830} INFO - Processing file /opt/airflow/dags/match_info_redshift_dag.py for tasks to queue
[2025-04-07T15:09:32.119+0000] {logging_mixin.py:188} INFO - [2025-04-07T15:09:32.119+0000] {dagbag.py:545} INFO - Filling up the DagBag from /opt/airflow/dags/match_info_redshift_dag.py
[2025-04-07T15:09:32.132+0000] {processor.py:840} INFO - DAG(s) 'match_info_to_redshift_dag' retrieved from /opt/airflow/dags/match_info_redshift_dag.py
[2025-04-07T15:09:32.156+0000] {logging_mixin.py:188} INFO - [2025-04-07T15:09:32.155+0000] {dag.py:3096} INFO - Sync 1 DAGs
[2025-04-07T15:09:32.171+0000] {logging_mixin.py:188} INFO - [2025-04-07T15:09:32.171+0000] {dag.py:3954} INFO - Setting next_dagrun for match_info_to_redshift_dag to None, run_after=None
[2025-04-07T15:09:32.196+0000] {processor.py:183} INFO - Processing /opt/airflow/dags/match_info_redshift_dag.py took 0.086 seconds
[2025-04-07T15:10:02.423+0000] {processor.py:161} INFO - Started process (PID=123092) to work on /opt/airflow/dags/match_info_redshift_dag.py
[2025-04-07T15:10:02.428+0000] {processor.py:830} INFO - Processing file /opt/airflow/dags/match_info_redshift_dag.py for tasks to queue
[2025-04-07T15:10:02.430+0000] {logging_mixin.py:188} INFO - [2025-04-07T15:10:02.429+0000] {dagbag.py:545} INFO - Filling up the DagBag from /opt/airflow/dags/match_info_redshift_dag.py
[2025-04-07T15:10:02.476+0000] {processor.py:840} INFO - DAG(s) 'match_info_to_redshift_dag' retrieved from /opt/airflow/dags/match_info_redshift_dag.py
[2025-04-07T15:10:02.519+0000] {logging_mixin.py:188} INFO - [2025-04-07T15:10:02.518+0000] {dag.py:3096} INFO - Sync 1 DAGs
[2025-04-07T15:10:02.541+0000] {logging_mixin.py:188} INFO - [2025-04-07T15:10:02.541+0000] {dag.py:3954} INFO - Setting next_dagrun for match_info_to_redshift_dag to None, run_after=None
[2025-04-07T15:10:02.570+0000] {processor.py:183} INFO - Processing /opt/airflow/dags/match_info_redshift_dag.py took 0.171 seconds
[2025-04-07T15:10:32.734+0000] {processor.py:161} INFO - Started process (PID=123115) to work on /opt/airflow/dags/match_info_redshift_dag.py
[2025-04-07T15:10:32.735+0000] {processor.py:830} INFO - Processing file /opt/airflow/dags/match_info_redshift_dag.py for tasks to queue
[2025-04-07T15:10:32.736+0000] {logging_mixin.py:188} INFO - [2025-04-07T15:10:32.736+0000] {dagbag.py:545} INFO - Filling up the DagBag from /opt/airflow/dags/match_info_redshift_dag.py
[2025-04-07T15:10:32.748+0000] {processor.py:840} INFO - DAG(s) 'match_info_to_redshift_dag' retrieved from /opt/airflow/dags/match_info_redshift_dag.py
[2025-04-07T15:10:32.771+0000] {logging_mixin.py:188} INFO - [2025-04-07T15:10:32.771+0000] {dag.py:3096} INFO - Sync 1 DAGs
[2025-04-07T15:10:32.784+0000] {logging_mixin.py:188} INFO - [2025-04-07T15:10:32.784+0000] {dag.py:3954} INFO - Setting next_dagrun for match_info_to_redshift_dag to None, run_after=None
[2025-04-07T15:10:32.805+0000] {processor.py:183} INFO - Processing /opt/airflow/dags/match_info_redshift_dag.py took 0.078 seconds
[2025-04-07T15:11:02.988+0000] {processor.py:161} INFO - Started process (PID=123137) to work on /opt/airflow/dags/match_info_redshift_dag.py
[2025-04-07T15:11:02.988+0000] {processor.py:830} INFO - Processing file /opt/airflow/dags/match_info_redshift_dag.py for tasks to queue
[2025-04-07T15:11:02.990+0000] {logging_mixin.py:188} INFO - [2025-04-07T15:11:02.989+0000] {dagbag.py:545} INFO - Filling up the DagBag from /opt/airflow/dags/match_info_redshift_dag.py
[2025-04-07T15:11:03.007+0000] {processor.py:840} INFO - DAG(s) 'match_info_to_redshift_dag' retrieved from /opt/airflow/dags/match_info_redshift_dag.py
[2025-04-07T15:11:03.051+0000] {logging_mixin.py:188} INFO - [2025-04-07T15:11:03.051+0000] {dag.py:3096} INFO - Sync 1 DAGs
[2025-04-07T15:11:03.073+0000] {logging_mixin.py:188} INFO - [2025-04-07T15:11:03.072+0000] {dag.py:3954} INFO - Setting next_dagrun for match_info_to_redshift_dag to None, run_after=None
[2025-04-07T15:11:03.100+0000] {processor.py:183} INFO - Processing /opt/airflow/dags/match_info_redshift_dag.py took 0.122 seconds
[2025-04-07T15:11:33.313+0000] {processor.py:161} INFO - Started process (PID=123159) to work on /opt/airflow/dags/match_info_redshift_dag.py
[2025-04-07T15:11:33.316+0000] {processor.py:830} INFO - Processing file /opt/airflow/dags/match_info_redshift_dag.py for tasks to queue
[2025-04-07T15:11:33.317+0000] {logging_mixin.py:188} INFO - [2025-04-07T15:11:33.316+0000] {dagbag.py:545} INFO - Filling up the DagBag from /opt/airflow/dags/match_info_redshift_dag.py
[2025-04-07T15:11:33.375+0000] {processor.py:840} INFO - DAG(s) 'match_info_to_redshift_dag' retrieved from /opt/airflow/dags/match_info_redshift_dag.py
[2025-04-07T15:11:33.423+0000] {logging_mixin.py:188} INFO - [2025-04-07T15:11:33.423+0000] {dag.py:3096} INFO - Sync 1 DAGs
[2025-04-07T15:11:33.444+0000] {logging_mixin.py:188} INFO - [2025-04-07T15:11:33.443+0000] {dag.py:3954} INFO - Setting next_dagrun for match_info_to_redshift_dag to None, run_after=None
[2025-04-07T15:11:33.468+0000] {processor.py:183} INFO - Processing /opt/airflow/dags/match_info_redshift_dag.py took 0.164 seconds
[2025-04-07T15:12:03.680+0000] {processor.py:161} INFO - Started process (PID=123181) to work on /opt/airflow/dags/match_info_redshift_dag.py
[2025-04-07T15:12:03.683+0000] {processor.py:830} INFO - Processing file /opt/airflow/dags/match_info_redshift_dag.py for tasks to queue
[2025-04-07T15:12:03.686+0000] {logging_mixin.py:188} INFO - [2025-04-07T15:12:03.686+0000] {dagbag.py:545} INFO - Filling up the DagBag from /opt/airflow/dags/match_info_redshift_dag.py
[2025-04-07T15:12:03.712+0000] {processor.py:840} INFO - DAG(s) 'match_info_to_redshift_dag' retrieved from /opt/airflow/dags/match_info_redshift_dag.py
[2025-04-07T15:12:03.779+0000] {logging_mixin.py:188} INFO - [2025-04-07T15:12:03.779+0000] {dag.py:3096} INFO - Sync 1 DAGs
[2025-04-07T15:12:03.817+0000] {logging_mixin.py:188} INFO - [2025-04-07T15:12:03.816+0000] {dag.py:3954} INFO - Setting next_dagrun for match_info_to_redshift_dag to None, run_after=None
[2025-04-07T15:12:03.866+0000] {processor.py:183} INFO - Processing /opt/airflow/dags/match_info_redshift_dag.py took 0.204 seconds
[2025-04-07T15:12:34.113+0000] {processor.py:161} INFO - Started process (PID=123203) to work on /opt/airflow/dags/match_info_redshift_dag.py
[2025-04-07T15:12:34.114+0000] {processor.py:830} INFO - Processing file /opt/airflow/dags/match_info_redshift_dag.py for tasks to queue
[2025-04-07T15:12:34.116+0000] {logging_mixin.py:188} INFO - [2025-04-07T15:12:34.115+0000] {dagbag.py:545} INFO - Filling up the DagBag from /opt/airflow/dags/match_info_redshift_dag.py
[2025-04-07T15:12:34.132+0000] {processor.py:840} INFO - DAG(s) 'match_info_to_redshift_dag' retrieved from /opt/airflow/dags/match_info_redshift_dag.py
[2025-04-07T15:12:34.174+0000] {logging_mixin.py:188} INFO - [2025-04-07T15:12:34.174+0000] {dag.py:3096} INFO - Sync 1 DAGs
[2025-04-07T15:12:34.193+0000] {logging_mixin.py:188} INFO - [2025-04-07T15:12:34.192+0000] {dag.py:3954} INFO - Setting next_dagrun for match_info_to_redshift_dag to None, run_after=None
[2025-04-07T15:12:34.215+0000] {processor.py:183} INFO - Processing /opt/airflow/dags/match_info_redshift_dag.py took 0.121 seconds
[2025-04-07T15:13:04.385+0000] {processor.py:161} INFO - Started process (PID=123226) to work on /opt/airflow/dags/match_info_redshift_dag.py
[2025-04-07T15:13:04.386+0000] {processor.py:830} INFO - Processing file /opt/airflow/dags/match_info_redshift_dag.py for tasks to queue
[2025-04-07T15:13:04.387+0000] {logging_mixin.py:188} INFO - [2025-04-07T15:13:04.387+0000] {dagbag.py:545} INFO - Filling up the DagBag from /opt/airflow/dags/match_info_redshift_dag.py
[2025-04-07T15:13:04.404+0000] {processor.py:840} INFO - DAG(s) 'match_info_to_redshift_dag' retrieved from /opt/airflow/dags/match_info_redshift_dag.py
[2025-04-07T15:13:04.447+0000] {logging_mixin.py:188} INFO - [2025-04-07T15:13:04.447+0000] {dag.py:3096} INFO - Sync 1 DAGs
[2025-04-07T15:13:04.462+0000] {logging_mixin.py:188} INFO - [2025-04-07T15:13:04.461+0000] {dag.py:3954} INFO - Setting next_dagrun for match_info_to_redshift_dag to None, run_after=None
[2025-04-07T15:13:04.486+0000] {processor.py:183} INFO - Processing /opt/airflow/dags/match_info_redshift_dag.py took 0.111 seconds
[2025-04-07T15:13:34.674+0000] {processor.py:161} INFO - Started process (PID=123248) to work on /opt/airflow/dags/match_info_redshift_dag.py
[2025-04-07T15:13:34.676+0000] {processor.py:830} INFO - Processing file /opt/airflow/dags/match_info_redshift_dag.py for tasks to queue
[2025-04-07T15:13:34.678+0000] {logging_mixin.py:188} INFO - [2025-04-07T15:13:34.677+0000] {dagbag.py:545} INFO - Filling up the DagBag from /opt/airflow/dags/match_info_redshift_dag.py
[2025-04-07T15:13:34.695+0000] {processor.py:840} INFO - DAG(s) 'match_info_to_redshift_dag' retrieved from /opt/airflow/dags/match_info_redshift_dag.py
[2025-04-07T15:13:34.727+0000] {logging_mixin.py:188} INFO - [2025-04-07T15:13:34.727+0000] {dag.py:3096} INFO - Sync 1 DAGs
[2025-04-07T15:13:34.754+0000] {logging_mixin.py:188} INFO - [2025-04-07T15:13:34.753+0000] {dag.py:3954} INFO - Setting next_dagrun for match_info_to_redshift_dag to None, run_after=None
[2025-04-07T15:13:34.791+0000] {processor.py:183} INFO - Processing /opt/airflow/dags/match_info_redshift_dag.py took 0.126 seconds
[2025-04-07T15:14:04.978+0000] {processor.py:161} INFO - Started process (PID=123270) to work on /opt/airflow/dags/match_info_redshift_dag.py
[2025-04-07T15:14:04.978+0000] {processor.py:830} INFO - Processing file /opt/airflow/dags/match_info_redshift_dag.py for tasks to queue
[2025-04-07T15:14:04.979+0000] {logging_mixin.py:188} INFO - [2025-04-07T15:14:04.979+0000] {dagbag.py:545} INFO - Filling up the DagBag from /opt/airflow/dags/match_info_redshift_dag.py
[2025-04-07T15:14:04.991+0000] {processor.py:840} INFO - DAG(s) 'match_info_to_redshift_dag' retrieved from /opt/airflow/dags/match_info_redshift_dag.py
[2025-04-07T15:14:05.015+0000] {logging_mixin.py:188} INFO - [2025-04-07T15:14:05.014+0000] {dag.py:3096} INFO - Sync 1 DAGs
[2025-04-07T15:14:05.028+0000] {logging_mixin.py:188} INFO - [2025-04-07T15:14:05.028+0000] {dag.py:3954} INFO - Setting next_dagrun for match_info_to_redshift_dag to None, run_after=None
[2025-04-07T15:14:05.069+0000] {processor.py:183} INFO - Processing /opt/airflow/dags/match_info_redshift_dag.py took 0.098 seconds
[2025-04-07T15:14:35.247+0000] {processor.py:161} INFO - Started process (PID=123292) to work on /opt/airflow/dags/match_info_redshift_dag.py
[2025-04-07T15:14:35.248+0000] {processor.py:830} INFO - Processing file /opt/airflow/dags/match_info_redshift_dag.py for tasks to queue
[2025-04-07T15:14:35.249+0000] {logging_mixin.py:188} INFO - [2025-04-07T15:14:35.249+0000] {dagbag.py:545} INFO - Filling up the DagBag from /opt/airflow/dags/match_info_redshift_dag.py
[2025-04-07T15:14:35.261+0000] {processor.py:840} INFO - DAG(s) 'match_info_to_redshift_dag' retrieved from /opt/airflow/dags/match_info_redshift_dag.py
[2025-04-07T15:14:35.285+0000] {logging_mixin.py:188} INFO - [2025-04-07T15:14:35.285+0000] {dag.py:3096} INFO - Sync 1 DAGs
[2025-04-07T15:14:35.300+0000] {logging_mixin.py:188} INFO - [2025-04-07T15:14:35.300+0000] {dag.py:3954} INFO - Setting next_dagrun for match_info_to_redshift_dag to None, run_after=None
[2025-04-07T15:14:35.321+0000] {processor.py:183} INFO - Processing /opt/airflow/dags/match_info_redshift_dag.py took 0.080 seconds
[2025-04-07T15:15:05.494+0000] {processor.py:161} INFO - Started process (PID=123314) to work on /opt/airflow/dags/match_info_redshift_dag.py
[2025-04-07T15:15:05.495+0000] {processor.py:830} INFO - Processing file /opt/airflow/dags/match_info_redshift_dag.py for tasks to queue
[2025-04-07T15:15:05.496+0000] {logging_mixin.py:188} INFO - [2025-04-07T15:15:05.496+0000] {dagbag.py:545} INFO - Filling up the DagBag from /opt/airflow/dags/match_info_redshift_dag.py
[2025-04-07T15:15:05.511+0000] {processor.py:840} INFO - DAG(s) 'match_info_to_redshift_dag' retrieved from /opt/airflow/dags/match_info_redshift_dag.py
[2025-04-07T15:15:05.544+0000] {logging_mixin.py:188} INFO - [2025-04-07T15:15:05.544+0000] {dag.py:3096} INFO - Sync 1 DAGs
[2025-04-07T15:15:05.558+0000] {logging_mixin.py:188} INFO - [2025-04-07T15:15:05.557+0000] {dag.py:3954} INFO - Setting next_dagrun for match_info_to_redshift_dag to None, run_after=None
[2025-04-07T15:15:05.577+0000] {processor.py:183} INFO - Processing /opt/airflow/dags/match_info_redshift_dag.py took 0.092 seconds
[2025-04-07T15:15:35.761+0000] {processor.py:161} INFO - Started process (PID=123336) to work on /opt/airflow/dags/match_info_redshift_dag.py
[2025-04-07T15:15:35.763+0000] {processor.py:830} INFO - Processing file /opt/airflow/dags/match_info_redshift_dag.py for tasks to queue
[2025-04-07T15:15:35.764+0000] {logging_mixin.py:188} INFO - [2025-04-07T15:15:35.764+0000] {dagbag.py:545} INFO - Filling up the DagBag from /opt/airflow/dags/match_info_redshift_dag.py
[2025-04-07T15:15:35.780+0000] {processor.py:840} INFO - DAG(s) 'match_info_to_redshift_dag' retrieved from /opt/airflow/dags/match_info_redshift_dag.py
[2025-04-07T15:15:35.813+0000] {logging_mixin.py:188} INFO - [2025-04-07T15:15:35.812+0000] {dag.py:3096} INFO - Sync 1 DAGs
[2025-04-07T15:15:35.832+0000] {logging_mixin.py:188} INFO - [2025-04-07T15:15:35.832+0000] {dag.py:3954} INFO - Setting next_dagrun for match_info_to_redshift_dag to None, run_after=None
[2025-04-07T15:15:35.873+0000] {processor.py:183} INFO - Processing /opt/airflow/dags/match_info_redshift_dag.py took 0.121 seconds
[2025-04-07T15:16:06.079+0000] {processor.py:161} INFO - Started process (PID=123358) to work on /opt/airflow/dags/match_info_redshift_dag.py
[2025-04-07T15:16:06.079+0000] {processor.py:830} INFO - Processing file /opt/airflow/dags/match_info_redshift_dag.py for tasks to queue
[2025-04-07T15:16:06.080+0000] {logging_mixin.py:188} INFO - [2025-04-07T15:16:06.080+0000] {dagbag.py:545} INFO - Filling up the DagBag from /opt/airflow/dags/match_info_redshift_dag.py
[2025-04-07T15:16:06.096+0000] {processor.py:840} INFO - DAG(s) 'match_info_to_redshift_dag' retrieved from /opt/airflow/dags/match_info_redshift_dag.py
[2025-04-07T15:16:06.128+0000] {logging_mixin.py:188} INFO - [2025-04-07T15:16:06.127+0000] {dag.py:3096} INFO - Sync 1 DAGs
[2025-04-07T15:16:06.164+0000] {logging_mixin.py:188} INFO - [2025-04-07T15:16:06.164+0000] {dag.py:3954} INFO - Setting next_dagrun for match_info_to_redshift_dag to None, run_after=None
[2025-04-07T15:16:06.191+0000] {processor.py:183} INFO - Processing /opt/airflow/dags/match_info_redshift_dag.py took 0.122 seconds
[2025-04-07T15:16:36.381+0000] {processor.py:161} INFO - Started process (PID=123380) to work on /opt/airflow/dags/match_info_redshift_dag.py
[2025-04-07T15:16:36.383+0000] {processor.py:830} INFO - Processing file /opt/airflow/dags/match_info_redshift_dag.py for tasks to queue
[2025-04-07T15:16:36.384+0000] {logging_mixin.py:188} INFO - [2025-04-07T15:16:36.384+0000] {dagbag.py:545} INFO - Filling up the DagBag from /opt/airflow/dags/match_info_redshift_dag.py
[2025-04-07T15:16:36.400+0000] {processor.py:840} INFO - DAG(s) 'match_info_to_redshift_dag' retrieved from /opt/airflow/dags/match_info_redshift_dag.py
[2025-04-07T15:16:36.432+0000] {logging_mixin.py:188} INFO - [2025-04-07T15:16:36.432+0000] {dag.py:3096} INFO - Sync 1 DAGs
[2025-04-07T15:16:36.456+0000] {logging_mixin.py:188} INFO - [2025-04-07T15:16:36.456+0000] {dag.py:3954} INFO - Setting next_dagrun for match_info_to_redshift_dag to None, run_after=None
[2025-04-07T15:16:36.477+0000] {processor.py:183} INFO - Processing /opt/airflow/dags/match_info_redshift_dag.py took 0.107 seconds
[2025-04-07T15:17:06.680+0000] {processor.py:161} INFO - Started process (PID=123402) to work on /opt/airflow/dags/match_info_redshift_dag.py
[2025-04-07T15:17:06.683+0000] {processor.py:830} INFO - Processing file /opt/airflow/dags/match_info_redshift_dag.py for tasks to queue
[2025-04-07T15:17:06.685+0000] {logging_mixin.py:188} INFO - [2025-04-07T15:17:06.684+0000] {dagbag.py:545} INFO - Filling up the DagBag from /opt/airflow/dags/match_info_redshift_dag.py
[2025-04-07T15:17:06.706+0000] {processor.py:840} INFO - DAG(s) 'match_info_to_redshift_dag' retrieved from /opt/airflow/dags/match_info_redshift_dag.py
[2025-04-07T15:17:06.774+0000] {logging_mixin.py:188} INFO - [2025-04-07T15:17:06.774+0000] {dag.py:3096} INFO - Sync 1 DAGs
[2025-04-07T15:17:06.809+0000] {logging_mixin.py:188} INFO - [2025-04-07T15:17:06.808+0000] {dag.py:3954} INFO - Setting next_dagrun for match_info_to_redshift_dag to None, run_after=None
[2025-04-07T15:17:06.872+0000] {processor.py:183} INFO - Processing /opt/airflow/dags/match_info_redshift_dag.py took 0.211 seconds
[2025-04-07T15:17:37.062+0000] {processor.py:161} INFO - Started process (PID=123424) to work on /opt/airflow/dags/match_info_redshift_dag.py
[2025-04-07T15:17:37.063+0000] {processor.py:830} INFO - Processing file /opt/airflow/dags/match_info_redshift_dag.py for tasks to queue
[2025-04-07T15:17:37.064+0000] {logging_mixin.py:188} INFO - [2025-04-07T15:17:37.063+0000] {dagbag.py:545} INFO - Filling up the DagBag from /opt/airflow/dags/match_info_redshift_dag.py
[2025-04-07T15:17:37.075+0000] {processor.py:840} INFO - DAG(s) 'match_info_to_redshift_dag' retrieved from /opt/airflow/dags/match_info_redshift_dag.py
[2025-04-07T15:17:37.098+0000] {logging_mixin.py:188} INFO - [2025-04-07T15:17:37.098+0000] {dag.py:3096} INFO - Sync 1 DAGs
[2025-04-07T15:17:37.111+0000] {logging_mixin.py:188} INFO - [2025-04-07T15:17:37.111+0000] {dag.py:3954} INFO - Setting next_dagrun for match_info_to_redshift_dag to None, run_after=None
[2025-04-07T15:17:37.130+0000] {processor.py:183} INFO - Processing /opt/airflow/dags/match_info_redshift_dag.py took 0.076 seconds
[2025-04-07T15:18:07.327+0000] {processor.py:161} INFO - Started process (PID=123447) to work on /opt/airflow/dags/match_info_redshift_dag.py
[2025-04-07T15:18:07.328+0000] {processor.py:830} INFO - Processing file /opt/airflow/dags/match_info_redshift_dag.py for tasks to queue
[2025-04-07T15:18:07.329+0000] {logging_mixin.py:188} INFO - [2025-04-07T15:18:07.328+0000] {dagbag.py:545} INFO - Filling up the DagBag from /opt/airflow/dags/match_info_redshift_dag.py
[2025-04-07T15:18:07.345+0000] {processor.py:840} INFO - DAG(s) 'match_info_to_redshift_dag' retrieved from /opt/airflow/dags/match_info_redshift_dag.py
[2025-04-07T15:18:07.377+0000] {logging_mixin.py:188} INFO - [2025-04-07T15:18:07.377+0000] {dag.py:3096} INFO - Sync 1 DAGs
[2025-04-07T15:18:07.398+0000] {logging_mixin.py:188} INFO - [2025-04-07T15:18:07.397+0000] {dag.py:3954} INFO - Setting next_dagrun for match_info_to_redshift_dag to None, run_after=None
[2025-04-07T15:18:07.424+0000] {processor.py:183} INFO - Processing /opt/airflow/dags/match_info_redshift_dag.py took 0.107 seconds
[2025-04-07T15:18:37.611+0000] {processor.py:161} INFO - Started process (PID=123469) to work on /opt/airflow/dags/match_info_redshift_dag.py
[2025-04-07T15:18:37.613+0000] {processor.py:830} INFO - Processing file /opt/airflow/dags/match_info_redshift_dag.py for tasks to queue
[2025-04-07T15:18:37.614+0000] {logging_mixin.py:188} INFO - [2025-04-07T15:18:37.613+0000] {dagbag.py:545} INFO - Filling up the DagBag from /opt/airflow/dags/match_info_redshift_dag.py
[2025-04-07T15:18:37.635+0000] {processor.py:840} INFO - DAG(s) 'match_info_to_redshift_dag' retrieved from /opt/airflow/dags/match_info_redshift_dag.py
[2025-04-07T15:18:37.658+0000] {logging_mixin.py:188} INFO - [2025-04-07T15:18:37.658+0000] {dag.py:3096} INFO - Sync 1 DAGs
[2025-04-07T15:18:37.672+0000] {logging_mixin.py:188} INFO - [2025-04-07T15:18:37.671+0000] {dag.py:3954} INFO - Setting next_dagrun for match_info_to_redshift_dag to None, run_after=None
[2025-04-07T15:18:37.691+0000] {processor.py:183} INFO - Processing /opt/airflow/dags/match_info_redshift_dag.py took 0.087 seconds
[2025-04-07T15:19:07.847+0000] {processor.py:161} INFO - Started process (PID=123491) to work on /opt/airflow/dags/match_info_redshift_dag.py
[2025-04-07T15:19:07.848+0000] {processor.py:830} INFO - Processing file /opt/airflow/dags/match_info_redshift_dag.py for tasks to queue
[2025-04-07T15:19:07.849+0000] {logging_mixin.py:188} INFO - [2025-04-07T15:19:07.848+0000] {dagbag.py:545} INFO - Filling up the DagBag from /opt/airflow/dags/match_info_redshift_dag.py
[2025-04-07T15:19:07.867+0000] {processor.py:840} INFO - DAG(s) 'match_info_to_redshift_dag' retrieved from /opt/airflow/dags/match_info_redshift_dag.py
[2025-04-07T15:19:07.899+0000] {logging_mixin.py:188} INFO - [2025-04-07T15:19:07.898+0000] {dag.py:3096} INFO - Sync 1 DAGs
[2025-04-07T15:19:07.918+0000] {logging_mixin.py:188} INFO - [2025-04-07T15:19:07.917+0000] {dag.py:3954} INFO - Setting next_dagrun for match_info_to_redshift_dag to None, run_after=None
[2025-04-07T15:19:07.953+0000] {processor.py:183} INFO - Processing /opt/airflow/dags/match_info_redshift_dag.py took 0.113 seconds
[2025-04-07T15:19:38.121+0000] {processor.py:161} INFO - Started process (PID=123513) to work on /opt/airflow/dags/match_info_redshift_dag.py
[2025-04-07T15:19:38.123+0000] {processor.py:830} INFO - Processing file /opt/airflow/dags/match_info_redshift_dag.py for tasks to queue
[2025-04-07T15:19:38.123+0000] {logging_mixin.py:188} INFO - [2025-04-07T15:19:38.123+0000] {dagbag.py:545} INFO - Filling up the DagBag from /opt/airflow/dags/match_info_redshift_dag.py
[2025-04-07T15:19:38.135+0000] {processor.py:840} INFO - DAG(s) 'match_info_to_redshift_dag' retrieved from /opt/airflow/dags/match_info_redshift_dag.py
[2025-04-07T15:19:38.157+0000] {logging_mixin.py:188} INFO - [2025-04-07T15:19:38.157+0000] {dag.py:3096} INFO - Sync 1 DAGs
[2025-04-07T15:19:38.169+0000] {logging_mixin.py:188} INFO - [2025-04-07T15:19:38.169+0000] {dag.py:3954} INFO - Setting next_dagrun for match_info_to_redshift_dag to None, run_after=None
[2025-04-07T15:19:38.188+0000] {processor.py:183} INFO - Processing /opt/airflow/dags/match_info_redshift_dag.py took 0.073 seconds
[2025-04-07T15:20:08.378+0000] {processor.py:161} INFO - Started process (PID=123535) to work on /opt/airflow/dags/match_info_redshift_dag.py
[2025-04-07T15:20:08.379+0000] {processor.py:830} INFO - Processing file /opt/airflow/dags/match_info_redshift_dag.py for tasks to queue
[2025-04-07T15:20:08.380+0000] {logging_mixin.py:188} INFO - [2025-04-07T15:20:08.379+0000] {dagbag.py:545} INFO - Filling up the DagBag from /opt/airflow/dags/match_info_redshift_dag.py
[2025-04-07T15:20:08.392+0000] {processor.py:840} INFO - DAG(s) 'match_info_to_redshift_dag' retrieved from /opt/airflow/dags/match_info_redshift_dag.py
[2025-04-07T15:20:08.415+0000] {logging_mixin.py:188} INFO - [2025-04-07T15:20:08.415+0000] {dag.py:3096} INFO - Sync 1 DAGs
[2025-04-07T15:20:08.428+0000] {logging_mixin.py:188} INFO - [2025-04-07T15:20:08.427+0000] {dag.py:3954} INFO - Setting next_dagrun for match_info_to_redshift_dag to None, run_after=None
[2025-04-07T15:20:08.457+0000] {processor.py:183} INFO - Processing /opt/airflow/dags/match_info_redshift_dag.py took 0.085 seconds
[2025-04-07T15:20:38.628+0000] {processor.py:161} INFO - Started process (PID=123557) to work on /opt/airflow/dags/match_info_redshift_dag.py
[2025-04-07T15:20:38.629+0000] {processor.py:830} INFO - Processing file /opt/airflow/dags/match_info_redshift_dag.py for tasks to queue
[2025-04-07T15:20:38.631+0000] {logging_mixin.py:188} INFO - [2025-04-07T15:20:38.630+0000] {dagbag.py:545} INFO - Filling up the DagBag from /opt/airflow/dags/match_info_redshift_dag.py
[2025-04-07T15:20:38.643+0000] {processor.py:840} INFO - DAG(s) 'match_info_to_redshift_dag' retrieved from /opt/airflow/dags/match_info_redshift_dag.py
[2025-04-07T15:20:38.667+0000] {logging_mixin.py:188} INFO - [2025-04-07T15:20:38.667+0000] {dag.py:3096} INFO - Sync 1 DAGs
[2025-04-07T15:20:38.680+0000] {logging_mixin.py:188} INFO - [2025-04-07T15:20:38.680+0000] {dag.py:3954} INFO - Setting next_dagrun for match_info_to_redshift_dag to None, run_after=None
[2025-04-07T15:20:38.705+0000] {processor.py:183} INFO - Processing /opt/airflow/dags/match_info_redshift_dag.py took 0.083 seconds
[2025-04-07T15:21:08.902+0000] {processor.py:161} INFO - Started process (PID=123579) to work on /opt/airflow/dags/match_info_redshift_dag.py
[2025-04-07T15:21:08.903+0000] {processor.py:830} INFO - Processing file /opt/airflow/dags/match_info_redshift_dag.py for tasks to queue
[2025-04-07T15:21:08.904+0000] {logging_mixin.py:188} INFO - [2025-04-07T15:21:08.903+0000] {dagbag.py:545} INFO - Filling up the DagBag from /opt/airflow/dags/match_info_redshift_dag.py
[2025-04-07T15:21:08.915+0000] {processor.py:840} INFO - DAG(s) 'match_info_to_redshift_dag' retrieved from /opt/airflow/dags/match_info_redshift_dag.py
[2025-04-07T15:21:08.955+0000] {logging_mixin.py:188} INFO - [2025-04-07T15:21:08.954+0000] {dag.py:3096} INFO - Sync 1 DAGs
[2025-04-07T15:21:08.974+0000] {logging_mixin.py:188} INFO - [2025-04-07T15:21:08.974+0000] {dag.py:3954} INFO - Setting next_dagrun for match_info_to_redshift_dag to None, run_after=None
[2025-04-07T15:21:09.003+0000] {processor.py:183} INFO - Processing /opt/airflow/dags/match_info_redshift_dag.py took 0.107 seconds
[2025-04-07T15:21:39.204+0000] {processor.py:161} INFO - Started process (PID=123601) to work on /opt/airflow/dags/match_info_redshift_dag.py
[2025-04-07T15:21:39.206+0000] {processor.py:830} INFO - Processing file /opt/airflow/dags/match_info_redshift_dag.py for tasks to queue
[2025-04-07T15:21:39.208+0000] {logging_mixin.py:188} INFO - [2025-04-07T15:21:39.207+0000] {dagbag.py:545} INFO - Filling up the DagBag from /opt/airflow/dags/match_info_redshift_dag.py
[2025-04-07T15:21:39.224+0000] {processor.py:840} INFO - DAG(s) 'match_info_to_redshift_dag' retrieved from /opt/airflow/dags/match_info_redshift_dag.py
[2025-04-07T15:21:39.258+0000] {logging_mixin.py:188} INFO - [2025-04-07T15:21:39.258+0000] {dag.py:3096} INFO - Sync 1 DAGs
[2025-04-07T15:21:39.280+0000] {logging_mixin.py:188} INFO - [2025-04-07T15:21:39.280+0000] {dag.py:3954} INFO - Setting next_dagrun for match_info_to_redshift_dag to None, run_after=None
[2025-04-07T15:21:39.307+0000] {processor.py:183} INFO - Processing /opt/airflow/dags/match_info_redshift_dag.py took 0.113 seconds
[2025-04-07T15:22:09.547+0000] {processor.py:161} INFO - Started process (PID=123623) to work on /opt/airflow/dags/match_info_redshift_dag.py
[2025-04-07T15:22:09.551+0000] {processor.py:830} INFO - Processing file /opt/airflow/dags/match_info_redshift_dag.py for tasks to queue
[2025-04-07T15:22:09.552+0000] {logging_mixin.py:188} INFO - [2025-04-07T15:22:09.552+0000] {dagbag.py:545} INFO - Filling up the DagBag from /opt/airflow/dags/match_info_redshift_dag.py
[2025-04-07T15:22:09.577+0000] {processor.py:840} INFO - DAG(s) 'match_info_to_redshift_dag' retrieved from /opt/airflow/dags/match_info_redshift_dag.py
[2025-04-07T15:22:09.644+0000] {logging_mixin.py:188} INFO - [2025-04-07T15:22:09.644+0000] {dag.py:3096} INFO - Sync 1 DAGs
[2025-04-07T15:22:09.695+0000] {logging_mixin.py:188} INFO - [2025-04-07T15:22:09.695+0000] {dag.py:3954} INFO - Setting next_dagrun for match_info_to_redshift_dag to None, run_after=None
[2025-04-07T15:22:09.768+0000] {processor.py:183} INFO - Processing /opt/airflow/dags/match_info_redshift_dag.py took 0.240 seconds
[2025-04-07T15:22:39.941+0000] {processor.py:161} INFO - Started process (PID=123644) to work on /opt/airflow/dags/match_info_redshift_dag.py
[2025-04-07T15:22:39.942+0000] {processor.py:830} INFO - Processing file /opt/airflow/dags/match_info_redshift_dag.py for tasks to queue
[2025-04-07T15:22:39.943+0000] {logging_mixin.py:188} INFO - [2025-04-07T15:22:39.943+0000] {dagbag.py:545} INFO - Filling up the DagBag from /opt/airflow/dags/match_info_redshift_dag.py
[2025-04-07T15:22:39.955+0000] {processor.py:840} INFO - DAG(s) 'match_info_to_redshift_dag' retrieved from /opt/airflow/dags/match_info_redshift_dag.py
[2025-04-07T15:22:39.978+0000] {logging_mixin.py:188} INFO - [2025-04-07T15:22:39.977+0000] {dag.py:3096} INFO - Sync 1 DAGs
[2025-04-07T15:22:39.991+0000] {logging_mixin.py:188} INFO - [2025-04-07T15:22:39.991+0000] {dag.py:3954} INFO - Setting next_dagrun for match_info_to_redshift_dag to None, run_after=None
[2025-04-07T15:22:40.018+0000] {processor.py:183} INFO - Processing /opt/airflow/dags/match_info_redshift_dag.py took 0.084 seconds
[2025-04-07T15:23:10.205+0000] {processor.py:161} INFO - Started process (PID=123666) to work on /opt/airflow/dags/match_info_redshift_dag.py
[2025-04-07T15:23:10.206+0000] {processor.py:830} INFO - Processing file /opt/airflow/dags/match_info_redshift_dag.py for tasks to queue
[2025-04-07T15:23:10.207+0000] {logging_mixin.py:188} INFO - [2025-04-07T15:23:10.206+0000] {dagbag.py:545} INFO - Filling up the DagBag from /opt/airflow/dags/match_info_redshift_dag.py
[2025-04-07T15:23:10.219+0000] {processor.py:840} INFO - DAG(s) 'match_info_to_redshift_dag' retrieved from /opt/airflow/dags/match_info_redshift_dag.py
[2025-04-07T15:23:10.243+0000] {logging_mixin.py:188} INFO - [2025-04-07T15:23:10.243+0000] {dag.py:3096} INFO - Sync 1 DAGs
[2025-04-07T15:23:10.257+0000] {logging_mixin.py:188} INFO - [2025-04-07T15:23:10.256+0000] {dag.py:3954} INFO - Setting next_dagrun for match_info_to_redshift_dag to None, run_after=None
[2025-04-07T15:23:10.278+0000] {processor.py:183} INFO - Processing /opt/airflow/dags/match_info_redshift_dag.py took 0.079 seconds
[2025-04-07T15:23:40.449+0000] {processor.py:161} INFO - Started process (PID=123682) to work on /opt/airflow/dags/match_info_redshift_dag.py
[2025-04-07T15:23:40.450+0000] {processor.py:830} INFO - Processing file /opt/airflow/dags/match_info_redshift_dag.py for tasks to queue
[2025-04-07T15:23:40.452+0000] {logging_mixin.py:188} INFO - [2025-04-07T15:23:40.451+0000] {dagbag.py:545} INFO - Filling up the DagBag from /opt/airflow/dags/match_info_redshift_dag.py
[2025-04-07T15:23:40.467+0000] {processor.py:840} INFO - DAG(s) 'match_info_to_redshift_dag' retrieved from /opt/airflow/dags/match_info_redshift_dag.py
[2025-04-07T15:23:40.498+0000] {logging_mixin.py:188} INFO - [2025-04-07T15:23:40.497+0000] {dag.py:3096} INFO - Sync 1 DAGs
[2025-04-07T15:23:40.517+0000] {logging_mixin.py:188} INFO - [2025-04-07T15:23:40.516+0000] {dag.py:3954} INFO - Setting next_dagrun for match_info_to_redshift_dag to None, run_after=None
[2025-04-07T15:23:40.551+0000] {processor.py:183} INFO - Processing /opt/airflow/dags/match_info_redshift_dag.py took 0.114 seconds
[2025-04-07T15:24:10.721+0000] {processor.py:161} INFO - Started process (PID=123704) to work on /opt/airflow/dags/match_info_redshift_dag.py
[2025-04-07T15:24:10.722+0000] {processor.py:830} INFO - Processing file /opt/airflow/dags/match_info_redshift_dag.py for tasks to queue
[2025-04-07T15:24:10.723+0000] {logging_mixin.py:188} INFO - [2025-04-07T15:24:10.723+0000] {dagbag.py:545} INFO - Filling up the DagBag from /opt/airflow/dags/match_info_redshift_dag.py
[2025-04-07T15:24:10.739+0000] {processor.py:840} INFO - DAG(s) 'match_info_to_redshift_dag' retrieved from /opt/airflow/dags/match_info_redshift_dag.py
[2025-04-07T15:24:10.771+0000] {logging_mixin.py:188} INFO - [2025-04-07T15:24:10.770+0000] {dag.py:3096} INFO - Sync 1 DAGs
[2025-04-07T15:24:10.789+0000] {logging_mixin.py:188} INFO - [2025-04-07T15:24:10.789+0000] {dag.py:3954} INFO - Setting next_dagrun for match_info_to_redshift_dag to None, run_after=None
[2025-04-07T15:24:10.815+0000] {processor.py:183} INFO - Processing /opt/airflow/dags/match_info_redshift_dag.py took 0.103 seconds
[2025-04-07T15:24:40.986+0000] {processor.py:161} INFO - Started process (PID=123726) to work on /opt/airflow/dags/match_info_redshift_dag.py
[2025-04-07T15:24:40.988+0000] {processor.py:830} INFO - Processing file /opt/airflow/dags/match_info_redshift_dag.py for tasks to queue
[2025-04-07T15:24:40.989+0000] {logging_mixin.py:188} INFO - [2025-04-07T15:24:40.988+0000] {dagbag.py:545} INFO - Filling up the DagBag from /opt/airflow/dags/match_info_redshift_dag.py
[2025-04-07T15:24:41.000+0000] {processor.py:840} INFO - DAG(s) 'match_info_to_redshift_dag' retrieved from /opt/airflow/dags/match_info_redshift_dag.py
[2025-04-07T15:24:41.022+0000] {logging_mixin.py:188} INFO - [2025-04-07T15:24:41.022+0000] {dag.py:3096} INFO - Sync 1 DAGs
[2025-04-07T15:24:41.035+0000] {logging_mixin.py:188} INFO - [2025-04-07T15:24:41.034+0000] {dag.py:3954} INFO - Setting next_dagrun for match_info_to_redshift_dag to None, run_after=None
[2025-04-07T15:24:41.056+0000] {processor.py:183} INFO - Processing /opt/airflow/dags/match_info_redshift_dag.py took 0.077 seconds
[2025-04-07T15:25:11.235+0000] {processor.py:161} INFO - Started process (PID=123748) to work on /opt/airflow/dags/match_info_redshift_dag.py
[2025-04-07T15:25:11.235+0000] {processor.py:830} INFO - Processing file /opt/airflow/dags/match_info_redshift_dag.py for tasks to queue
[2025-04-07T15:25:11.236+0000] {logging_mixin.py:188} INFO - [2025-04-07T15:25:11.236+0000] {dagbag.py:545} INFO - Filling up the DagBag from /opt/airflow/dags/match_info_redshift_dag.py
[2025-04-07T15:25:11.248+0000] {processor.py:840} INFO - DAG(s) 'match_info_to_redshift_dag' retrieved from /opt/airflow/dags/match_info_redshift_dag.py
[2025-04-07T15:25:11.271+0000] {logging_mixin.py:188} INFO - [2025-04-07T15:25:11.271+0000] {dag.py:3096} INFO - Sync 1 DAGs
[2025-04-07T15:25:11.285+0000] {logging_mixin.py:188} INFO - [2025-04-07T15:25:11.285+0000] {dag.py:3954} INFO - Setting next_dagrun for match_info_to_redshift_dag to None, run_after=None
[2025-04-07T15:25:11.305+0000] {processor.py:183} INFO - Processing /opt/airflow/dags/match_info_redshift_dag.py took 0.078 seconds
[2025-04-07T15:25:41.481+0000] {processor.py:161} INFO - Started process (PID=123770) to work on /opt/airflow/dags/match_info_redshift_dag.py
[2025-04-07T15:25:41.482+0000] {processor.py:830} INFO - Processing file /opt/airflow/dags/match_info_redshift_dag.py for tasks to queue
[2025-04-07T15:25:41.486+0000] {logging_mixin.py:188} INFO - [2025-04-07T15:25:41.486+0000] {dagbag.py:545} INFO - Filling up the DagBag from /opt/airflow/dags/match_info_redshift_dag.py
[2025-04-07T15:25:41.504+0000] {processor.py:840} INFO - DAG(s) 'match_info_to_redshift_dag' retrieved from /opt/airflow/dags/match_info_redshift_dag.py
[2025-04-07T15:25:41.535+0000] {logging_mixin.py:188} INFO - [2025-04-07T15:25:41.534+0000] {dag.py:3096} INFO - Sync 1 DAGs
[2025-04-07T15:25:41.555+0000] {logging_mixin.py:188} INFO - [2025-04-07T15:25:41.555+0000] {dag.py:3954} INFO - Setting next_dagrun for match_info_to_redshift_dag to None, run_after=None
[2025-04-07T15:25:41.573+0000] {processor.py:183} INFO - Processing /opt/airflow/dags/match_info_redshift_dag.py took 0.100 seconds
[2025-04-07T15:26:11.805+0000] {processor.py:161} INFO - Started process (PID=123792) to work on /opt/airflow/dags/match_info_redshift_dag.py
[2025-04-07T15:26:11.805+0000] {processor.py:830} INFO - Processing file /opt/airflow/dags/match_info_redshift_dag.py for tasks to queue
[2025-04-07T15:26:11.806+0000] {logging_mixin.py:188} INFO - [2025-04-07T15:26:11.806+0000] {dagbag.py:545} INFO - Filling up the DagBag from /opt/airflow/dags/match_info_redshift_dag.py
[2025-04-07T15:26:11.818+0000] {processor.py:840} INFO - DAG(s) 'match_info_to_redshift_dag' retrieved from /opt/airflow/dags/match_info_redshift_dag.py
[2025-04-07T15:26:11.847+0000] {logging_mixin.py:188} INFO - [2025-04-07T15:26:11.846+0000] {dag.py:3096} INFO - Sync 1 DAGs
[2025-04-07T15:26:11.867+0000] {logging_mixin.py:188} INFO - [2025-04-07T15:26:11.867+0000] {dag.py:3954} INFO - Setting next_dagrun for match_info_to_redshift_dag to None, run_after=None
[2025-04-07T15:26:11.890+0000] {processor.py:183} INFO - Processing /opt/airflow/dags/match_info_redshift_dag.py took 0.093 seconds
[2025-04-07T15:26:42.075+0000] {processor.py:161} INFO - Started process (PID=123820) to work on /opt/airflow/dags/match_info_redshift_dag.py
[2025-04-07T15:26:42.077+0000] {processor.py:830} INFO - Processing file /opt/airflow/dags/match_info_redshift_dag.py for tasks to queue
[2025-04-07T15:26:42.078+0000] {logging_mixin.py:188} INFO - [2025-04-07T15:26:42.078+0000] {dagbag.py:545} INFO - Filling up the DagBag from /opt/airflow/dags/match_info_redshift_dag.py
[2025-04-07T15:26:42.097+0000] {processor.py:840} INFO - DAG(s) 'match_info_to_redshift_dag' retrieved from /opt/airflow/dags/match_info_redshift_dag.py
[2025-04-07T15:26:42.129+0000] {logging_mixin.py:188} INFO - [2025-04-07T15:26:42.128+0000] {dag.py:3096} INFO - Sync 1 DAGs
[2025-04-07T15:26:42.156+0000] {logging_mixin.py:188} INFO - [2025-04-07T15:26:42.156+0000] {dag.py:3954} INFO - Setting next_dagrun for match_info_to_redshift_dag to None, run_after=None
[2025-04-07T15:26:42.185+0000] {processor.py:183} INFO - Processing /opt/airflow/dags/match_info_redshift_dag.py took 0.119 seconds
[2025-04-07T15:27:12.411+0000] {processor.py:161} INFO - Started process (PID=123842) to work on /opt/airflow/dags/match_info_redshift_dag.py
[2025-04-07T15:27:12.412+0000] {processor.py:830} INFO - Processing file /opt/airflow/dags/match_info_redshift_dag.py for tasks to queue
[2025-04-07T15:27:12.414+0000] {logging_mixin.py:188} INFO - [2025-04-07T15:27:12.413+0000] {dagbag.py:545} INFO - Filling up the DagBag from /opt/airflow/dags/match_info_redshift_dag.py
[2025-04-07T15:27:12.444+0000] {processor.py:840} INFO - DAG(s) 'match_info_to_redshift_dag' retrieved from /opt/airflow/dags/match_info_redshift_dag.py
[2025-04-07T15:27:12.514+0000] {logging_mixin.py:188} INFO - [2025-04-07T15:27:12.514+0000] {dag.py:3096} INFO - Sync 1 DAGs
[2025-04-07T15:27:12.555+0000] {logging_mixin.py:188} INFO - [2025-04-07T15:27:12.553+0000] {dag.py:3954} INFO - Setting next_dagrun for match_info_to_redshift_dag to None, run_after=None
[2025-04-07T15:27:12.623+0000] {processor.py:183} INFO - Processing /opt/airflow/dags/match_info_redshift_dag.py took 0.227 seconds
[2025-04-07T15:27:42.822+0000] {processor.py:161} INFO - Started process (PID=123864) to work on /opt/airflow/dags/match_info_redshift_dag.py
[2025-04-07T15:27:42.824+0000] {processor.py:830} INFO - Processing file /opt/airflow/dags/match_info_redshift_dag.py for tasks to queue
[2025-04-07T15:27:42.825+0000] {logging_mixin.py:188} INFO - [2025-04-07T15:27:42.825+0000] {dagbag.py:545} INFO - Filling up the DagBag from /opt/airflow/dags/match_info_redshift_dag.py
[2025-04-07T15:27:42.842+0000] {processor.py:840} INFO - DAG(s) 'match_info_to_redshift_dag' retrieved from /opt/airflow/dags/match_info_redshift_dag.py
[2025-04-07T15:27:42.877+0000] {logging_mixin.py:188} INFO - [2025-04-07T15:27:42.877+0000] {dag.py:3096} INFO - Sync 1 DAGs
[2025-04-07T15:27:42.898+0000] {logging_mixin.py:188} INFO - [2025-04-07T15:27:42.897+0000] {dag.py:3954} INFO - Setting next_dagrun for match_info_to_redshift_dag to None, run_after=None
[2025-04-07T15:27:42.932+0000] {processor.py:183} INFO - Processing /opt/airflow/dags/match_info_redshift_dag.py took 0.119 seconds
[2025-04-07T15:28:13.128+0000] {processor.py:161} INFO - Started process (PID=123886) to work on /opt/airflow/dags/match_info_redshift_dag.py
[2025-04-07T15:28:13.129+0000] {processor.py:830} INFO - Processing file /opt/airflow/dags/match_info_redshift_dag.py for tasks to queue
[2025-04-07T15:28:13.130+0000] {logging_mixin.py:188} INFO - [2025-04-07T15:28:13.130+0000] {dagbag.py:545} INFO - Filling up the DagBag from /opt/airflow/dags/match_info_redshift_dag.py
[2025-04-07T15:28:13.147+0000] {processor.py:840} INFO - DAG(s) 'match_info_to_redshift_dag' retrieved from /opt/airflow/dags/match_info_redshift_dag.py
[2025-04-07T15:28:13.182+0000] {logging_mixin.py:188} INFO - [2025-04-07T15:28:13.181+0000] {dag.py:3096} INFO - Sync 1 DAGs
[2025-04-07T15:28:13.204+0000] {logging_mixin.py:188} INFO - [2025-04-07T15:28:13.203+0000] {dag.py:3954} INFO - Setting next_dagrun for match_info_to_redshift_dag to None, run_after=None
[2025-04-07T15:28:13.232+0000] {processor.py:183} INFO - Processing /opt/airflow/dags/match_info_redshift_dag.py took 0.113 seconds
[2025-04-07T15:28:43.411+0000] {processor.py:161} INFO - Started process (PID=123908) to work on /opt/airflow/dags/match_info_redshift_dag.py
[2025-04-07T15:28:43.412+0000] {processor.py:830} INFO - Processing file /opt/airflow/dags/match_info_redshift_dag.py for tasks to queue
[2025-04-07T15:28:43.413+0000] {logging_mixin.py:188} INFO - [2025-04-07T15:28:43.413+0000] {dagbag.py:545} INFO - Filling up the DagBag from /opt/airflow/dags/match_info_redshift_dag.py
[2025-04-07T15:28:43.429+0000] {processor.py:840} INFO - DAG(s) 'match_info_to_redshift_dag' retrieved from /opt/airflow/dags/match_info_redshift_dag.py
[2025-04-07T15:28:43.461+0000] {logging_mixin.py:188} INFO - [2025-04-07T15:28:43.461+0000] {dag.py:3096} INFO - Sync 1 DAGs
[2025-04-07T15:28:43.482+0000] {logging_mixin.py:188} INFO - [2025-04-07T15:28:43.482+0000] {dag.py:3954} INFO - Setting next_dagrun for match_info_to_redshift_dag to None, run_after=None
[2025-04-07T15:28:43.510+0000] {processor.py:183} INFO - Processing /opt/airflow/dags/match_info_redshift_dag.py took 0.106 seconds
[2025-04-07T15:29:13.709+0000] {processor.py:161} INFO - Started process (PID=123930) to work on /opt/airflow/dags/match_info_redshift_dag.py
[2025-04-07T15:29:13.709+0000] {processor.py:830} INFO - Processing file /opt/airflow/dags/match_info_redshift_dag.py for tasks to queue
[2025-04-07T15:29:13.710+0000] {logging_mixin.py:188} INFO - [2025-04-07T15:29:13.710+0000] {dagbag.py:545} INFO - Filling up the DagBag from /opt/airflow/dags/match_info_redshift_dag.py
[2025-04-07T15:29:13.726+0000] {processor.py:840} INFO - DAG(s) 'match_info_to_redshift_dag' retrieved from /opt/airflow/dags/match_info_redshift_dag.py
[2025-04-07T15:29:13.758+0000] {logging_mixin.py:188} INFO - [2025-04-07T15:29:13.758+0000] {dag.py:3096} INFO - Sync 1 DAGs
[2025-04-07T15:29:13.778+0000] {logging_mixin.py:188} INFO - [2025-04-07T15:29:13.777+0000] {dag.py:3954} INFO - Setting next_dagrun for match_info_to_redshift_dag to None, run_after=None
[2025-04-07T15:29:13.805+0000] {processor.py:183} INFO - Processing /opt/airflow/dags/match_info_redshift_dag.py took 0.105 seconds
[2025-04-07T15:29:43.979+0000] {processor.py:161} INFO - Started process (PID=123952) to work on /opt/airflow/dags/match_info_redshift_dag.py
[2025-04-07T15:29:43.981+0000] {processor.py:830} INFO - Processing file /opt/airflow/dags/match_info_redshift_dag.py for tasks to queue
[2025-04-07T15:29:43.982+0000] {logging_mixin.py:188} INFO - [2025-04-07T15:29:43.981+0000] {dagbag.py:545} INFO - Filling up the DagBag from /opt/airflow/dags/match_info_redshift_dag.py
[2025-04-07T15:29:43.997+0000] {processor.py:840} INFO - DAG(s) 'match_info_to_redshift_dag' retrieved from /opt/airflow/dags/match_info_redshift_dag.py
[2025-04-07T15:29:44.026+0000] {logging_mixin.py:188} INFO - [2025-04-07T15:29:44.026+0000] {dag.py:3096} INFO - Sync 1 DAGs
[2025-04-07T15:29:44.048+0000] {logging_mixin.py:188} INFO - [2025-04-07T15:29:44.047+0000] {dag.py:3954} INFO - Setting next_dagrun for match_info_to_redshift_dag to None, run_after=None
[2025-04-07T15:29:44.074+0000] {processor.py:183} INFO - Processing /opt/airflow/dags/match_info_redshift_dag.py took 0.102 seconds
[2025-04-07T15:30:14.264+0000] {processor.py:161} INFO - Started process (PID=123974) to work on /opt/airflow/dags/match_info_redshift_dag.py
[2025-04-07T15:30:14.265+0000] {processor.py:830} INFO - Processing file /opt/airflow/dags/match_info_redshift_dag.py for tasks to queue
[2025-04-07T15:30:14.266+0000] {logging_mixin.py:188} INFO - [2025-04-07T15:30:14.265+0000] {dagbag.py:545} INFO - Filling up the DagBag from /opt/airflow/dags/match_info_redshift_dag.py
[2025-04-07T15:30:14.277+0000] {processor.py:840} INFO - DAG(s) 'match_info_to_redshift_dag' retrieved from /opt/airflow/dags/match_info_redshift_dag.py
[2025-04-07T15:30:14.301+0000] {logging_mixin.py:188} INFO - [2025-04-07T15:30:14.300+0000] {dag.py:3096} INFO - Sync 1 DAGs
[2025-04-07T15:30:14.314+0000] {logging_mixin.py:188} INFO - [2025-04-07T15:30:14.314+0000] {dag.py:3954} INFO - Setting next_dagrun for match_info_to_redshift_dag to None, run_after=None
[2025-04-07T15:30:14.345+0000] {processor.py:183} INFO - Processing /opt/airflow/dags/match_info_redshift_dag.py took 0.087 seconds
[2025-04-07T15:30:44.521+0000] {processor.py:161} INFO - Started process (PID=123996) to work on /opt/airflow/dags/match_info_redshift_dag.py
[2025-04-07T15:30:44.523+0000] {processor.py:830} INFO - Processing file /opt/airflow/dags/match_info_redshift_dag.py for tasks to queue
[2025-04-07T15:30:44.524+0000] {logging_mixin.py:188} INFO - [2025-04-07T15:30:44.523+0000] {dagbag.py:545} INFO - Filling up the DagBag from /opt/airflow/dags/match_info_redshift_dag.py
[2025-04-07T15:30:44.541+0000] {processor.py:840} INFO - DAG(s) 'match_info_to_redshift_dag' retrieved from /opt/airflow/dags/match_info_redshift_dag.py
[2025-04-07T15:30:44.573+0000] {logging_mixin.py:188} INFO - [2025-04-07T15:30:44.573+0000] {dag.py:3096} INFO - Sync 1 DAGs
[2025-04-07T15:30:44.593+0000] {logging_mixin.py:188} INFO - [2025-04-07T15:30:44.593+0000] {dag.py:3954} INFO - Setting next_dagrun for match_info_to_redshift_dag to None, run_after=None
[2025-04-07T15:30:44.620+0000] {processor.py:183} INFO - Processing /opt/airflow/dags/match_info_redshift_dag.py took 0.110 seconds
[2025-04-07T15:31:14.791+0000] {processor.py:161} INFO - Started process (PID=124018) to work on /opt/airflow/dags/match_info_redshift_dag.py
[2025-04-07T15:31:14.792+0000] {processor.py:830} INFO - Processing file /opt/airflow/dags/match_info_redshift_dag.py for tasks to queue
[2025-04-07T15:31:14.793+0000] {logging_mixin.py:188} INFO - [2025-04-07T15:31:14.793+0000] {dagbag.py:545} INFO - Filling up the DagBag from /opt/airflow/dags/match_info_redshift_dag.py
[2025-04-07T15:31:14.806+0000] {processor.py:840} INFO - DAG(s) 'match_info_to_redshift_dag' retrieved from /opt/airflow/dags/match_info_redshift_dag.py
[2025-04-07T15:31:14.829+0000] {logging_mixin.py:188} INFO - [2025-04-07T15:31:14.829+0000] {dag.py:3096} INFO - Sync 1 DAGs
[2025-04-07T15:31:14.843+0000] {logging_mixin.py:188} INFO - [2025-04-07T15:31:14.843+0000] {dag.py:3954} INFO - Setting next_dagrun for match_info_to_redshift_dag to None, run_after=None
[2025-04-07T15:31:14.864+0000] {processor.py:183} INFO - Processing /opt/airflow/dags/match_info_redshift_dag.py took 0.080 seconds
[2025-04-07T15:31:45.053+0000] {processor.py:161} INFO - Started process (PID=124040) to work on /opt/airflow/dags/match_info_redshift_dag.py
[2025-04-07T15:31:45.054+0000] {processor.py:830} INFO - Processing file /opt/airflow/dags/match_info_redshift_dag.py for tasks to queue
[2025-04-07T15:31:45.056+0000] {logging_mixin.py:188} INFO - [2025-04-07T15:31:45.055+0000] {dagbag.py:545} INFO - Filling up the DagBag from /opt/airflow/dags/match_info_redshift_dag.py
[2025-04-07T15:31:45.072+0000] {processor.py:840} INFO - DAG(s) 'match_info_to_redshift_dag' retrieved from /opt/airflow/dags/match_info_redshift_dag.py
[2025-04-07T15:31:45.104+0000] {logging_mixin.py:188} INFO - [2025-04-07T15:31:45.104+0000] {dag.py:3096} INFO - Sync 1 DAGs
[2025-04-07T15:31:45.126+0000] {logging_mixin.py:188} INFO - [2025-04-07T15:31:45.125+0000] {dag.py:3954} INFO - Setting next_dagrun for match_info_to_redshift_dag to None, run_after=None
[2025-04-07T15:31:45.161+0000] {processor.py:183} INFO - Processing /opt/airflow/dags/match_info_redshift_dag.py took 0.117 seconds
[2025-04-07T15:34:44.099+0000] {processor.py:161} INFO - Started process (PID=227) to work on /opt/airflow/dags/match_info_redshift_dag.py
[2025-04-07T15:34:44.101+0000] {processor.py:830} INFO - Processing file /opt/airflow/dags/match_info_redshift_dag.py for tasks to queue
[2025-04-07T15:34:44.102+0000] {logging_mixin.py:188} INFO - [2025-04-07T15:34:44.102+0000] {dagbag.py:545} INFO - Filling up the DagBag from /opt/airflow/dags/match_info_redshift_dag.py
[2025-04-07T15:34:44.152+0000] {processor.py:840} INFO - DAG(s) 'match_info_to_redshift_dag' retrieved from /opt/airflow/dags/match_info_redshift_dag.py
[2025-04-07T15:34:44.955+0000] {logging_mixin.py:188} INFO - [2025-04-07T15:34:44.954+0000] {dag.py:3096} INFO - Sync 1 DAGs
[2025-04-07T15:34:45.015+0000] {logging_mixin.py:188} INFO - [2025-04-07T15:34:45.015+0000] {dag.py:3954} INFO - Setting next_dagrun for match_info_to_redshift_dag to None, run_after=None
[2025-04-07T15:34:45.128+0000] {processor.py:183} INFO - Processing /opt/airflow/dags/match_info_redshift_dag.py took 1.059 seconds
[2025-04-07T15:35:15.471+0000] {processor.py:161} INFO - Started process (PID=249) to work on /opt/airflow/dags/match_info_redshift_dag.py
[2025-04-07T15:35:15.471+0000] {processor.py:830} INFO - Processing file /opt/airflow/dags/match_info_redshift_dag.py for tasks to queue
[2025-04-07T15:35:15.472+0000] {logging_mixin.py:188} INFO - [2025-04-07T15:35:15.472+0000] {dagbag.py:545} INFO - Filling up the DagBag from /opt/airflow/dags/match_info_redshift_dag.py
[2025-04-07T15:35:15.484+0000] {processor.py:840} INFO - DAG(s) 'match_info_to_redshift_dag' retrieved from /opt/airflow/dags/match_info_redshift_dag.py
[2025-04-07T15:35:15.508+0000] {logging_mixin.py:188} INFO - [2025-04-07T15:35:15.508+0000] {dag.py:3096} INFO - Sync 1 DAGs
[2025-04-07T15:35:15.523+0000] {logging_mixin.py:188} INFO - [2025-04-07T15:35:15.523+0000] {dag.py:3954} INFO - Setting next_dagrun for match_info_to_redshift_dag to None, run_after=None
[2025-04-07T15:35:15.548+0000] {processor.py:183} INFO - Processing /opt/airflow/dags/match_info_redshift_dag.py took 0.084 seconds
[2025-04-07T15:35:45.713+0000] {processor.py:161} INFO - Started process (PID=271) to work on /opt/airflow/dags/match_info_redshift_dag.py
[2025-04-07T15:35:45.715+0000] {processor.py:830} INFO - Processing file /opt/airflow/dags/match_info_redshift_dag.py for tasks to queue
[2025-04-07T15:35:45.716+0000] {logging_mixin.py:188} INFO - [2025-04-07T15:35:45.715+0000] {dagbag.py:545} INFO - Filling up the DagBag from /opt/airflow/dags/match_info_redshift_dag.py
[2025-04-07T15:35:45.728+0000] {processor.py:840} INFO - DAG(s) 'match_info_to_redshift_dag' retrieved from /opt/airflow/dags/match_info_redshift_dag.py
[2025-04-07T15:35:45.753+0000] {logging_mixin.py:188} INFO - [2025-04-07T15:35:45.752+0000] {dag.py:3096} INFO - Sync 1 DAGs
[2025-04-07T15:35:45.767+0000] {logging_mixin.py:188} INFO - [2025-04-07T15:35:45.767+0000] {dag.py:3954} INFO - Setting next_dagrun for match_info_to_redshift_dag to None, run_after=None
[2025-04-07T15:35:45.791+0000] {processor.py:183} INFO - Processing /opt/airflow/dags/match_info_redshift_dag.py took 0.084 seconds
[2025-04-07T15:36:15.950+0000] {processor.py:161} INFO - Started process (PID=293) to work on /opt/airflow/dags/match_info_redshift_dag.py
[2025-04-07T15:36:15.950+0000] {processor.py:830} INFO - Processing file /opt/airflow/dags/match_info_redshift_dag.py for tasks to queue
[2025-04-07T15:36:15.952+0000] {logging_mixin.py:188} INFO - [2025-04-07T15:36:15.951+0000] {dagbag.py:545} INFO - Filling up the DagBag from /opt/airflow/dags/match_info_redshift_dag.py
[2025-04-07T15:36:15.963+0000] {processor.py:840} INFO - DAG(s) 'match_info_to_redshift_dag' retrieved from /opt/airflow/dags/match_info_redshift_dag.py
[2025-04-07T15:36:15.990+0000] {logging_mixin.py:188} INFO - [2025-04-07T15:36:15.990+0000] {dag.py:3096} INFO - Sync 1 DAGs
[2025-04-07T15:36:16.006+0000] {logging_mixin.py:188} INFO - [2025-04-07T15:36:16.006+0000] {dag.py:3954} INFO - Setting next_dagrun for match_info_to_redshift_dag to None, run_after=None
[2025-04-07T15:36:16.031+0000] {processor.py:183} INFO - Processing /opt/airflow/dags/match_info_redshift_dag.py took 0.087 seconds
