[2025-04-07T08:52:50.063+0000] {processor.py:161} INFO - Started process (PID=285) to work on /opt/airflow/dags/match_info_spark_process_dag.py
[2025-04-07T08:52:50.064+0000] {processor.py:830} INFO - Processing file /opt/airflow/dags/match_info_spark_process_dag.py for tasks to queue
[2025-04-07T08:52:50.066+0000] {logging_mixin.py:188} INFO - [2025-04-07T08:52:50.066+0000] {dagbag.py:545} INFO - Filling up the DagBag from /opt/airflow/dags/match_info_spark_process_dag.py
[2025-04-07T08:52:50.168+0000] {processor.py:840} INFO - DAG(s) 'match_info_spark_processing_dag' retrieved from /opt/airflow/dags/match_info_spark_process_dag.py
[2025-04-07T08:52:50.669+0000] {logging_mixin.py:188} INFO - [2025-04-07T08:52:50.669+0000] {override.py:1829} INFO - Created Permission View: can edit on DAG:match_info_spark_processing_dag
[2025-04-07T08:52:50.680+0000] {logging_mixin.py:188} INFO - [2025-04-07T08:52:50.680+0000] {override.py:1829} INFO - Created Permission View: can read on DAG:match_info_spark_processing_dag
[2025-04-07T08:52:50.687+0000] {logging_mixin.py:188} INFO - [2025-04-07T08:52:50.686+0000] {override.py:1829} INFO - Created Permission View: can delete on DAG:match_info_spark_processing_dag
[2025-04-07T08:52:50.687+0000] {logging_mixin.py:188} INFO - [2025-04-07T08:52:50.687+0000] {dag.py:3096} INFO - Sync 1 DAGs
[2025-04-07T08:52:50.699+0000] {logging_mixin.py:188} INFO - [2025-04-07T08:52:50.698+0000] {dag.py:3118} INFO - Creating ORM DAG for match_info_spark_processing_dag
[2025-04-07T08:52:50.699+0000] {logging_mixin.py:188} INFO - [2025-04-07T08:52:50.699+0000] {dag.py:3954} INFO - Setting next_dagrun for match_info_spark_processing_dag to None, run_after=None
[2025-04-07T08:52:50.723+0000] {processor.py:183} INFO - Processing /opt/airflow/dags/match_info_spark_process_dag.py took 0.681 seconds
[2025-04-07T08:53:22.039+0000] {processor.py:161} INFO - Started process (PID=307) to work on /opt/airflow/dags/match_info_spark_process_dag.py
[2025-04-07T08:53:22.040+0000] {processor.py:830} INFO - Processing file /opt/airflow/dags/match_info_spark_process_dag.py for tasks to queue
[2025-04-07T08:53:22.041+0000] {logging_mixin.py:188} INFO - [2025-04-07T08:53:22.041+0000] {dagbag.py:545} INFO - Filling up the DagBag from /opt/airflow/dags/match_info_spark_process_dag.py
[2025-04-07T08:53:22.054+0000] {processor.py:840} INFO - DAG(s) 'match_info_spark_processing_dag' retrieved from /opt/airflow/dags/match_info_spark_process_dag.py
[2025-04-07T08:53:22.082+0000] {logging_mixin.py:188} INFO - [2025-04-07T08:53:22.081+0000] {dag.py:3096} INFO - Sync 1 DAGs
[2025-04-07T08:53:22.096+0000] {logging_mixin.py:188} INFO - [2025-04-07T08:53:22.096+0000] {dag.py:3954} INFO - Setting next_dagrun for match_info_spark_processing_dag to None, run_after=None
[2025-04-07T08:53:22.116+0000] {processor.py:183} INFO - Processing /opt/airflow/dags/match_info_spark_process_dag.py took 0.084 seconds
[2025-04-07T08:53:52.272+0000] {processor.py:161} INFO - Started process (PID=330) to work on /opt/airflow/dags/match_info_spark_process_dag.py
[2025-04-07T08:53:52.273+0000] {processor.py:830} INFO - Processing file /opt/airflow/dags/match_info_spark_process_dag.py for tasks to queue
[2025-04-07T08:53:52.275+0000] {logging_mixin.py:188} INFO - [2025-04-07T08:53:52.274+0000] {dagbag.py:545} INFO - Filling up the DagBag from /opt/airflow/dags/match_info_spark_process_dag.py
[2025-04-07T08:53:52.292+0000] {processor.py:840} INFO - DAG(s) 'match_info_spark_processing_dag' retrieved from /opt/airflow/dags/match_info_spark_process_dag.py
[2025-04-07T08:53:52.328+0000] {logging_mixin.py:188} INFO - [2025-04-07T08:53:52.327+0000] {dag.py:3096} INFO - Sync 1 DAGs
[2025-04-07T08:53:52.360+0000] {logging_mixin.py:188} INFO - [2025-04-07T08:53:52.360+0000] {dag.py:3954} INFO - Setting next_dagrun for match_info_spark_processing_dag to None, run_after=None
[2025-04-07T08:53:52.388+0000] {processor.py:183} INFO - Processing /opt/airflow/dags/match_info_spark_process_dag.py took 0.130 seconds
[2025-04-07T08:54:22.553+0000] {processor.py:161} INFO - Started process (PID=351) to work on /opt/airflow/dags/match_info_spark_process_dag.py
[2025-04-07T08:54:22.554+0000] {processor.py:830} INFO - Processing file /opt/airflow/dags/match_info_spark_process_dag.py for tasks to queue
[2025-04-07T08:54:22.555+0000] {logging_mixin.py:188} INFO - [2025-04-07T08:54:22.555+0000] {dagbag.py:545} INFO - Filling up the DagBag from /opt/airflow/dags/match_info_spark_process_dag.py
[2025-04-07T08:54:22.568+0000] {processor.py:840} INFO - DAG(s) 'match_info_spark_processing_dag' retrieved from /opt/airflow/dags/match_info_spark_process_dag.py
[2025-04-07T08:54:22.594+0000] {logging_mixin.py:188} INFO - [2025-04-07T08:54:22.593+0000] {dag.py:3096} INFO - Sync 1 DAGs
[2025-04-07T08:54:22.609+0000] {logging_mixin.py:188} INFO - [2025-04-07T08:54:22.609+0000] {dag.py:3954} INFO - Setting next_dagrun for match_info_spark_processing_dag to None, run_after=None
[2025-04-07T08:54:22.644+0000] {processor.py:183} INFO - Processing /opt/airflow/dags/match_info_spark_process_dag.py took 0.098 seconds
[2025-04-07T08:54:52.802+0000] {processor.py:161} INFO - Started process (PID=373) to work on /opt/airflow/dags/match_info_spark_process_dag.py
[2025-04-07T08:54:52.802+0000] {processor.py:830} INFO - Processing file /opt/airflow/dags/match_info_spark_process_dag.py for tasks to queue
[2025-04-07T08:54:52.803+0000] {logging_mixin.py:188} INFO - [2025-04-07T08:54:52.803+0000] {dagbag.py:545} INFO - Filling up the DagBag from /opt/airflow/dags/match_info_spark_process_dag.py
[2025-04-07T08:54:52.816+0000] {processor.py:840} INFO - DAG(s) 'match_info_spark_processing_dag' retrieved from /opt/airflow/dags/match_info_spark_process_dag.py
[2025-04-07T08:54:52.842+0000] {logging_mixin.py:188} INFO - [2025-04-07T08:54:52.841+0000] {dag.py:3096} INFO - Sync 1 DAGs
[2025-04-07T08:54:52.857+0000] {logging_mixin.py:188} INFO - [2025-04-07T08:54:52.857+0000] {dag.py:3954} INFO - Setting next_dagrun for match_info_spark_processing_dag to None, run_after=None
[2025-04-07T08:54:52.878+0000] {processor.py:183} INFO - Processing /opt/airflow/dags/match_info_spark_process_dag.py took 0.084 seconds
[2025-04-07T08:55:23.035+0000] {processor.py:161} INFO - Started process (PID=395) to work on /opt/airflow/dags/match_info_spark_process_dag.py
[2025-04-07T08:55:23.037+0000] {processor.py:830} INFO - Processing file /opt/airflow/dags/match_info_spark_process_dag.py for tasks to queue
[2025-04-07T08:55:23.038+0000] {logging_mixin.py:188} INFO - [2025-04-07T08:55:23.037+0000] {dagbag.py:545} INFO - Filling up the DagBag from /opt/airflow/dags/match_info_spark_process_dag.py
[2025-04-07T08:55:23.050+0000] {processor.py:840} INFO - DAG(s) 'match_info_spark_processing_dag' retrieved from /opt/airflow/dags/match_info_spark_process_dag.py
[2025-04-07T08:55:23.076+0000] {logging_mixin.py:188} INFO - [2025-04-07T08:55:23.075+0000] {dag.py:3096} INFO - Sync 1 DAGs
[2025-04-07T08:55:23.091+0000] {logging_mixin.py:188} INFO - [2025-04-07T08:55:23.091+0000] {dag.py:3954} INFO - Setting next_dagrun for match_info_spark_processing_dag to None, run_after=None
[2025-04-07T08:55:23.110+0000] {processor.py:183} INFO - Processing /opt/airflow/dags/match_info_spark_process_dag.py took 0.082 seconds
[2025-04-07T08:55:53.271+0000] {processor.py:161} INFO - Started process (PID=417) to work on /opt/airflow/dags/match_info_spark_process_dag.py
[2025-04-07T08:55:53.272+0000] {processor.py:830} INFO - Processing file /opt/airflow/dags/match_info_spark_process_dag.py for tasks to queue
[2025-04-07T08:55:53.273+0000] {logging_mixin.py:188} INFO - [2025-04-07T08:55:53.272+0000] {dagbag.py:545} INFO - Filling up the DagBag from /opt/airflow/dags/match_info_spark_process_dag.py
[2025-04-07T08:55:53.291+0000] {processor.py:840} INFO - DAG(s) 'match_info_spark_processing_dag' retrieved from /opt/airflow/dags/match_info_spark_process_dag.py
[2025-04-07T08:55:53.327+0000] {logging_mixin.py:188} INFO - [2025-04-07T08:55:53.327+0000] {dag.py:3096} INFO - Sync 1 DAGs
[2025-04-07T08:55:53.361+0000] {logging_mixin.py:188} INFO - [2025-04-07T08:55:53.361+0000] {dag.py:3954} INFO - Setting next_dagrun for match_info_spark_processing_dag to None, run_after=None
[2025-04-07T08:55:53.389+0000] {processor.py:183} INFO - Processing /opt/airflow/dags/match_info_spark_process_dag.py took 0.128 seconds
[2025-04-07T08:56:23.544+0000] {processor.py:161} INFO - Started process (PID=439) to work on /opt/airflow/dags/match_info_spark_process_dag.py
[2025-04-07T08:56:23.545+0000] {processor.py:830} INFO - Processing file /opt/airflow/dags/match_info_spark_process_dag.py for tasks to queue
[2025-04-07T08:56:23.547+0000] {logging_mixin.py:188} INFO - [2025-04-07T08:56:23.546+0000] {dagbag.py:545} INFO - Filling up the DagBag from /opt/airflow/dags/match_info_spark_process_dag.py
[2025-04-07T08:56:23.559+0000] {processor.py:840} INFO - DAG(s) 'match_info_spark_processing_dag' retrieved from /opt/airflow/dags/match_info_spark_process_dag.py
[2025-04-07T08:56:23.585+0000] {logging_mixin.py:188} INFO - [2025-04-07T08:56:23.584+0000] {dag.py:3096} INFO - Sync 1 DAGs
[2025-04-07T08:56:23.599+0000] {logging_mixin.py:188} INFO - [2025-04-07T08:56:23.599+0000] {dag.py:3954} INFO - Setting next_dagrun for match_info_spark_processing_dag to None, run_after=None
[2025-04-07T08:56:23.619+0000] {processor.py:183} INFO - Processing /opt/airflow/dags/match_info_spark_process_dag.py took 0.082 seconds
[2025-04-07T08:56:53.766+0000] {processor.py:161} INFO - Started process (PID=461) to work on /opt/airflow/dags/match_info_spark_process_dag.py
[2025-04-07T08:56:53.767+0000] {processor.py:830} INFO - Processing file /opt/airflow/dags/match_info_spark_process_dag.py for tasks to queue
[2025-04-07T08:56:53.768+0000] {logging_mixin.py:188} INFO - [2025-04-07T08:56:53.768+0000] {dagbag.py:545} INFO - Filling up the DagBag from /opt/airflow/dags/match_info_spark_process_dag.py
[2025-04-07T08:56:53.781+0000] {processor.py:840} INFO - DAG(s) 'match_info_spark_processing_dag' retrieved from /opt/airflow/dags/match_info_spark_process_dag.py
[2025-04-07T08:56:53.808+0000] {logging_mixin.py:188} INFO - [2025-04-07T08:56:53.808+0000] {dag.py:3096} INFO - Sync 1 DAGs
[2025-04-07T08:56:53.828+0000] {logging_mixin.py:188} INFO - [2025-04-07T08:56:53.828+0000] {dag.py:3954} INFO - Setting next_dagrun for match_info_spark_processing_dag to None, run_after=None
[2025-04-07T08:56:53.859+0000] {processor.py:183} INFO - Processing /opt/airflow/dags/match_info_spark_process_dag.py took 0.099 seconds
[2025-04-07T08:57:24.026+0000] {processor.py:161} INFO - Started process (PID=483) to work on /opt/airflow/dags/match_info_spark_process_dag.py
[2025-04-07T08:57:24.031+0000] {processor.py:830} INFO - Processing file /opt/airflow/dags/match_info_spark_process_dag.py for tasks to queue
[2025-04-07T08:57:24.033+0000] {logging_mixin.py:188} INFO - [2025-04-07T08:57:24.032+0000] {dagbag.py:545} INFO - Filling up the DagBag from /opt/airflow/dags/match_info_spark_process_dag.py
[2025-04-07T08:57:24.070+0000] {processor.py:840} INFO - DAG(s) 'match_info_spark_processing_dag' retrieved from /opt/airflow/dags/match_info_spark_process_dag.py
[2025-04-07T08:57:24.172+0000] {logging_mixin.py:188} INFO - [2025-04-07T08:57:24.172+0000] {dag.py:3096} INFO - Sync 1 DAGs
[2025-04-07T08:57:24.220+0000] {logging_mixin.py:188} INFO - [2025-04-07T08:57:24.219+0000] {dag.py:3954} INFO - Setting next_dagrun for match_info_spark_processing_dag to None, run_after=None
[2025-04-07T08:57:24.260+0000] {processor.py:183} INFO - Processing /opt/airflow/dags/match_info_spark_process_dag.py took 0.259 seconds
[2025-04-07T08:57:54.397+0000] {processor.py:161} INFO - Started process (PID=505) to work on /opt/airflow/dags/match_info_spark_process_dag.py
[2025-04-07T08:57:54.398+0000] {processor.py:830} INFO - Processing file /opt/airflow/dags/match_info_spark_process_dag.py for tasks to queue
[2025-04-07T08:57:54.399+0000] {logging_mixin.py:188} INFO - [2025-04-07T08:57:54.399+0000] {dagbag.py:545} INFO - Filling up the DagBag from /opt/airflow/dags/match_info_spark_process_dag.py
[2025-04-07T08:57:54.412+0000] {processor.py:840} INFO - DAG(s) 'match_info_spark_processing_dag' retrieved from /opt/airflow/dags/match_info_spark_process_dag.py
[2025-04-07T08:57:54.437+0000] {logging_mixin.py:188} INFO - [2025-04-07T08:57:54.437+0000] {dag.py:3096} INFO - Sync 1 DAGs
[2025-04-07T08:57:54.453+0000] {logging_mixin.py:188} INFO - [2025-04-07T08:57:54.452+0000] {dag.py:3954} INFO - Setting next_dagrun for match_info_spark_processing_dag to None, run_after=None
[2025-04-07T08:57:54.474+0000] {processor.py:183} INFO - Processing /opt/airflow/dags/match_info_spark_process_dag.py took 0.083 seconds
[2025-04-07T08:58:24.627+0000] {processor.py:161} INFO - Started process (PID=527) to work on /opt/airflow/dags/match_info_spark_process_dag.py
[2025-04-07T08:58:24.629+0000] {processor.py:830} INFO - Processing file /opt/airflow/dags/match_info_spark_process_dag.py for tasks to queue
[2025-04-07T08:58:24.630+0000] {logging_mixin.py:188} INFO - [2025-04-07T08:58:24.629+0000] {dagbag.py:545} INFO - Filling up the DagBag from /opt/airflow/dags/match_info_spark_process_dag.py
[2025-04-07T08:58:24.642+0000] {processor.py:840} INFO - DAG(s) 'match_info_spark_processing_dag' retrieved from /opt/airflow/dags/match_info_spark_process_dag.py
[2025-04-07T08:58:24.668+0000] {logging_mixin.py:188} INFO - [2025-04-07T08:58:24.668+0000] {dag.py:3096} INFO - Sync 1 DAGs
[2025-04-07T08:58:24.683+0000] {logging_mixin.py:188} INFO - [2025-04-07T08:58:24.682+0000] {dag.py:3954} INFO - Setting next_dagrun for match_info_spark_processing_dag to None, run_after=None
[2025-04-07T08:58:24.703+0000] {processor.py:183} INFO - Processing /opt/airflow/dags/match_info_spark_process_dag.py took 0.082 seconds
[2025-04-07T08:58:54.867+0000] {processor.py:161} INFO - Started process (PID=549) to work on /opt/airflow/dags/match_info_spark_process_dag.py
[2025-04-07T08:58:54.868+0000] {processor.py:830} INFO - Processing file /opt/airflow/dags/match_info_spark_process_dag.py for tasks to queue
[2025-04-07T08:58:54.870+0000] {logging_mixin.py:188} INFO - [2025-04-07T08:58:54.869+0000] {dagbag.py:545} INFO - Filling up the DagBag from /opt/airflow/dags/match_info_spark_process_dag.py
[2025-04-07T08:58:54.888+0000] {processor.py:840} INFO - DAG(s) 'match_info_spark_processing_dag' retrieved from /opt/airflow/dags/match_info_spark_process_dag.py
[2025-04-07T08:58:54.924+0000] {logging_mixin.py:188} INFO - [2025-04-07T08:58:54.924+0000] {dag.py:3096} INFO - Sync 1 DAGs
[2025-04-07T08:58:54.954+0000] {logging_mixin.py:188} INFO - [2025-04-07T08:58:54.954+0000] {dag.py:3954} INFO - Setting next_dagrun for match_info_spark_processing_dag to None, run_after=None
[2025-04-07T08:58:54.974+0000] {processor.py:183} INFO - Processing /opt/airflow/dags/match_info_spark_process_dag.py took 0.117 seconds
[2025-04-07T08:59:25.148+0000] {processor.py:161} INFO - Started process (PID=571) to work on /opt/airflow/dags/match_info_spark_process_dag.py
[2025-04-07T08:59:25.149+0000] {processor.py:830} INFO - Processing file /opt/airflow/dags/match_info_spark_process_dag.py for tasks to queue
[2025-04-07T08:59:25.150+0000] {logging_mixin.py:188} INFO - [2025-04-07T08:59:25.149+0000] {dagbag.py:545} INFO - Filling up the DagBag from /opt/airflow/dags/match_info_spark_process_dag.py
[2025-04-07T08:59:25.162+0000] {processor.py:840} INFO - DAG(s) 'match_info_spark_processing_dag' retrieved from /opt/airflow/dags/match_info_spark_process_dag.py
[2025-04-07T08:59:25.188+0000] {logging_mixin.py:188} INFO - [2025-04-07T08:59:25.188+0000] {dag.py:3096} INFO - Sync 1 DAGs
[2025-04-07T08:59:25.204+0000] {logging_mixin.py:188} INFO - [2025-04-07T08:59:25.203+0000] {dag.py:3954} INFO - Setting next_dagrun for match_info_spark_processing_dag to None, run_after=None
[2025-04-07T08:59:25.224+0000] {processor.py:183} INFO - Processing /opt/airflow/dags/match_info_spark_process_dag.py took 0.084 seconds
[2025-04-07T08:59:55.405+0000] {processor.py:161} INFO - Started process (PID=593) to work on /opt/airflow/dags/match_info_spark_process_dag.py
[2025-04-07T08:59:55.406+0000] {processor.py:830} INFO - Processing file /opt/airflow/dags/match_info_spark_process_dag.py for tasks to queue
[2025-04-07T08:59:55.407+0000] {logging_mixin.py:188} INFO - [2025-04-07T08:59:55.407+0000] {dagbag.py:545} INFO - Filling up the DagBag from /opt/airflow/dags/match_info_spark_process_dag.py
[2025-04-07T08:59:55.426+0000] {processor.py:840} INFO - DAG(s) 'match_info_spark_processing_dag' retrieved from /opt/airflow/dags/match_info_spark_process_dag.py
[2025-04-07T08:59:55.464+0000] {logging_mixin.py:188} INFO - [2025-04-07T08:59:55.463+0000] {dag.py:3096} INFO - Sync 1 DAGs
[2025-04-07T08:59:55.487+0000] {logging_mixin.py:188} INFO - [2025-04-07T08:59:55.487+0000] {dag.py:3954} INFO - Setting next_dagrun for match_info_spark_processing_dag to None, run_after=None
[2025-04-07T08:59:55.515+0000] {processor.py:183} INFO - Processing /opt/airflow/dags/match_info_spark_process_dag.py took 0.121 seconds
[2025-04-07T15:05:58.374+0000] {processor.py:161} INFO - Started process (PID=122913) to work on /opt/airflow/dags/match_info_spark_process_dag.py
[2025-04-07T15:05:58.376+0000] {processor.py:830} INFO - Processing file /opt/airflow/dags/match_info_spark_process_dag.py for tasks to queue
[2025-04-07T15:05:58.377+0000] {logging_mixin.py:188} INFO - [2025-04-07T15:05:58.376+0000] {dagbag.py:545} INFO - Filling up the DagBag from /opt/airflow/dags/match_info_spark_process_dag.py
[2025-04-07T15:05:58.405+0000] {processor.py:840} INFO - DAG(s) 'match_info_spark_processing_dag' retrieved from /opt/airflow/dags/match_info_spark_process_dag.py
[2025-04-07T15:05:58.468+0000] {logging_mixin.py:188} INFO - [2025-04-07T15:05:58.467+0000] {dag.py:3096} INFO - Sync 1 DAGs
[2025-04-07T15:05:58.510+0000] {logging_mixin.py:188} INFO - [2025-04-07T15:05:58.510+0000] {dag.py:3954} INFO - Setting next_dagrun for match_info_spark_processing_dag to None, run_after=None
[2025-04-07T15:05:58.562+0000] {processor.py:183} INFO - Processing /opt/airflow/dags/match_info_spark_process_dag.py took 0.197 seconds
[2025-04-07T15:06:29.652+0000] {processor.py:161} INFO - Started process (PID=122935) to work on /opt/airflow/dags/match_info_spark_process_dag.py
[2025-04-07T15:06:29.655+0000] {processor.py:830} INFO - Processing file /opt/airflow/dags/match_info_spark_process_dag.py for tasks to queue
[2025-04-07T15:06:29.657+0000] {logging_mixin.py:188} INFO - [2025-04-07T15:06:29.657+0000] {dagbag.py:545} INFO - Filling up the DagBag from /opt/airflow/dags/match_info_spark_process_dag.py
[2025-04-07T15:06:29.688+0000] {processor.py:840} INFO - DAG(s) 'match_info_spark_processing_dag' retrieved from /opt/airflow/dags/match_info_spark_process_dag.py
[2025-04-07T15:06:29.723+0000] {logging_mixin.py:188} INFO - [2025-04-07T15:06:29.723+0000] {dag.py:3096} INFO - Sync 1 DAGs
[2025-04-07T15:06:29.759+0000] {logging_mixin.py:188} INFO - [2025-04-07T15:06:29.758+0000] {dag.py:3954} INFO - Setting next_dagrun for match_info_spark_processing_dag to None, run_after=None
[2025-04-07T15:06:29.850+0000] {processor.py:183} INFO - Processing /opt/airflow/dags/match_info_spark_process_dag.py took 0.210 seconds
[2025-04-07T15:07:00.287+0000] {processor.py:161} INFO - Started process (PID=122957) to work on /opt/airflow/dags/match_info_spark_process_dag.py
[2025-04-07T15:07:00.290+0000] {processor.py:830} INFO - Processing file /opt/airflow/dags/match_info_spark_process_dag.py for tasks to queue
[2025-04-07T15:07:00.293+0000] {logging_mixin.py:188} INFO - [2025-04-07T15:07:00.293+0000] {dagbag.py:545} INFO - Filling up the DagBag from /opt/airflow/dags/match_info_spark_process_dag.py
[2025-04-07T15:07:00.339+0000] {processor.py:840} INFO - DAG(s) 'match_info_spark_processing_dag' retrieved from /opt/airflow/dags/match_info_spark_process_dag.py
[2025-04-07T15:07:00.488+0000] {logging_mixin.py:188} INFO - [2025-04-07T15:07:00.488+0000] {dag.py:3096} INFO - Sync 1 DAGs
[2025-04-07T15:07:00.548+0000] {logging_mixin.py:188} INFO - [2025-04-07T15:07:00.548+0000] {dag.py:3954} INFO - Setting next_dagrun for match_info_spark_processing_dag to None, run_after=None
[2025-04-07T15:07:00.643+0000] {processor.py:183} INFO - Processing /opt/airflow/dags/match_info_spark_process_dag.py took 0.387 seconds
[2025-04-07T15:07:14.923+0000] {processor.py:161} INFO - Started process (PID=215) to work on /opt/airflow/dags/match_info_spark_process_dag.py
[2025-04-07T15:07:14.924+0000] {processor.py:830} INFO - Processing file /opt/airflow/dags/match_info_spark_process_dag.py for tasks to queue
[2025-04-07T15:07:14.927+0000] {logging_mixin.py:188} INFO - [2025-04-07T15:07:14.926+0000] {dagbag.py:545} INFO - Filling up the DagBag from /opt/airflow/dags/match_info_spark_process_dag.py
[2025-04-07T15:07:14.981+0000] {processor.py:840} INFO - DAG(s) 'match_info_spark_processing_dag' retrieved from /opt/airflow/dags/match_info_spark_process_dag.py
[2025-04-07T15:07:15.585+0000] {logging_mixin.py:188} INFO - [2025-04-07T15:07:15.584+0000] {override.py:1829} INFO - Created Permission View: can read on DAG:match_info_spark_processing_dag
[2025-04-07T15:07:15.608+0000] {logging_mixin.py:188} INFO - [2025-04-07T15:07:15.608+0000] {override.py:1829} INFO - Created Permission View: can edit on DAG:match_info_spark_processing_dag
[2025-04-07T15:07:15.624+0000] {logging_mixin.py:188} INFO - [2025-04-07T15:07:15.623+0000] {override.py:1829} INFO - Created Permission View: can delete on DAG:match_info_spark_processing_dag
[2025-04-07T15:07:15.625+0000] {logging_mixin.py:188} INFO - [2025-04-07T15:07:15.625+0000] {dag.py:3096} INFO - Sync 1 DAGs
[2025-04-07T15:07:15.644+0000] {logging_mixin.py:188} INFO - [2025-04-07T15:07:15.644+0000] {dag.py:3118} INFO - Creating ORM DAG for match_info_spark_processing_dag
[2025-04-07T15:07:15.645+0000] {logging_mixin.py:188} INFO - [2025-04-07T15:07:15.645+0000] {dag.py:3954} INFO - Setting next_dagrun for match_info_spark_processing_dag to None, run_after=None
[2025-04-07T15:07:15.679+0000] {processor.py:183} INFO - Processing /opt/airflow/dags/match_info_spark_process_dag.py took 0.763 seconds
[2025-04-07T15:07:30.874+0000] {processor.py:161} INFO - Started process (PID=122979) to work on /opt/airflow/dags/match_info_spark_process_dag.py
[2025-04-07T15:07:30.876+0000] {processor.py:830} INFO - Processing file /opt/airflow/dags/match_info_spark_process_dag.py for tasks to queue
[2025-04-07T15:07:30.881+0000] {logging_mixin.py:188} INFO - [2025-04-07T15:07:30.877+0000] {dagbag.py:545} INFO - Filling up the DagBag from /opt/airflow/dags/match_info_spark_process_dag.py
[2025-04-07T15:07:30.920+0000] {processor.py:840} INFO - DAG(s) 'match_info_spark_processing_dag' retrieved from /opt/airflow/dags/match_info_spark_process_dag.py
[2025-04-07T15:07:30.994+0000] {logging_mixin.py:188} INFO - [2025-04-07T15:07:30.993+0000] {dag.py:3096} INFO - Sync 1 DAGs
[2025-04-07T15:07:31.017+0000] {logging_mixin.py:188} INFO - [2025-04-07T15:07:31.017+0000] {dag.py:3954} INFO - Setting next_dagrun for match_info_spark_processing_dag to None, run_after=None
[2025-04-07T15:07:31.062+0000] {processor.py:183} INFO - Processing /opt/airflow/dags/match_info_spark_process_dag.py took 0.207 seconds
[2025-04-07T15:07:46.625+0000] {processor.py:161} INFO - Started process (PID=237) to work on /opt/airflow/dags/match_info_spark_process_dag.py
[2025-04-07T15:07:46.626+0000] {processor.py:830} INFO - Processing file /opt/airflow/dags/match_info_spark_process_dag.py for tasks to queue
[2025-04-07T15:07:46.627+0000] {logging_mixin.py:188} INFO - [2025-04-07T15:07:46.626+0000] {dagbag.py:545} INFO - Filling up the DagBag from /opt/airflow/dags/match_info_spark_process_dag.py
[2025-04-07T15:07:46.652+0000] {processor.py:840} INFO - DAG(s) 'match_info_spark_processing_dag' retrieved from /opt/airflow/dags/match_info_spark_process_dag.py
[2025-04-07T15:07:46.685+0000] {logging_mixin.py:188} INFO - [2025-04-07T15:07:46.685+0000] {dag.py:3096} INFO - Sync 1 DAGs
[2025-04-07T15:07:46.700+0000] {logging_mixin.py:188} INFO - [2025-04-07T15:07:46.700+0000] {dag.py:3954} INFO - Setting next_dagrun for match_info_spark_processing_dag to None, run_after=None
[2025-04-07T15:07:46.723+0000] {processor.py:183} INFO - Processing /opt/airflow/dags/match_info_spark_process_dag.py took 0.106 seconds
[2025-04-07T15:08:01.279+0000] {processor.py:161} INFO - Started process (PID=123001) to work on /opt/airflow/dags/match_info_spark_process_dag.py
[2025-04-07T15:08:01.281+0000] {processor.py:830} INFO - Processing file /opt/airflow/dags/match_info_spark_process_dag.py for tasks to queue
[2025-04-07T15:08:01.283+0000] {logging_mixin.py:188} INFO - [2025-04-07T15:08:01.282+0000] {dagbag.py:545} INFO - Filling up the DagBag from /opt/airflow/dags/match_info_spark_process_dag.py
[2025-04-07T15:08:01.300+0000] {processor.py:840} INFO - DAG(s) 'match_info_spark_processing_dag' retrieved from /opt/airflow/dags/match_info_spark_process_dag.py
[2025-04-07T15:08:01.338+0000] {logging_mixin.py:188} INFO - [2025-04-07T15:08:01.337+0000] {dag.py:3096} INFO - Sync 1 DAGs
[2025-04-07T15:08:01.357+0000] {logging_mixin.py:188} INFO - [2025-04-07T15:08:01.357+0000] {dag.py:3954} INFO - Setting next_dagrun for match_info_spark_processing_dag to None, run_after=None
[2025-04-07T15:08:01.387+0000] {processor.py:183} INFO - Processing /opt/airflow/dags/match_info_spark_process_dag.py took 0.118 seconds
[2025-04-07T15:08:16.794+0000] {processor.py:161} INFO - Started process (PID=259) to work on /opt/airflow/dags/match_info_spark_process_dag.py
[2025-04-07T15:08:16.796+0000] {processor.py:830} INFO - Processing file /opt/airflow/dags/match_info_spark_process_dag.py for tasks to queue
[2025-04-07T15:08:16.797+0000] {logging_mixin.py:188} INFO - [2025-04-07T15:08:16.796+0000] {dagbag.py:545} INFO - Filling up the DagBag from /opt/airflow/dags/match_info_spark_process_dag.py
[2025-04-07T15:08:16.808+0000] {processor.py:840} INFO - DAG(s) 'match_info_spark_processing_dag' retrieved from /opt/airflow/dags/match_info_spark_process_dag.py
[2025-04-07T15:08:16.833+0000] {logging_mixin.py:188} INFO - [2025-04-07T15:08:16.833+0000] {dag.py:3096} INFO - Sync 1 DAGs
[2025-04-07T15:08:16.848+0000] {logging_mixin.py:188} INFO - [2025-04-07T15:08:16.848+0000] {dag.py:3954} INFO - Setting next_dagrun for match_info_spark_processing_dag to None, run_after=None
[2025-04-07T15:08:16.874+0000] {processor.py:183} INFO - Processing /opt/airflow/dags/match_info_spark_process_dag.py took 0.086 seconds
[2025-04-07T15:08:31.471+0000] {processor.py:161} INFO - Started process (PID=123023) to work on /opt/airflow/dags/match_info_spark_process_dag.py
[2025-04-07T15:08:31.472+0000] {processor.py:830} INFO - Processing file /opt/airflow/dags/match_info_spark_process_dag.py for tasks to queue
[2025-04-07T15:08:31.474+0000] {logging_mixin.py:188} INFO - [2025-04-07T15:08:31.474+0000] {dagbag.py:545} INFO - Filling up the DagBag from /opt/airflow/dags/match_info_spark_process_dag.py
[2025-04-07T15:08:31.491+0000] {processor.py:840} INFO - DAG(s) 'match_info_spark_processing_dag' retrieved from /opt/airflow/dags/match_info_spark_process_dag.py
[2025-04-07T15:08:31.532+0000] {logging_mixin.py:188} INFO - [2025-04-07T15:08:31.532+0000] {dag.py:3096} INFO - Sync 1 DAGs
[2025-04-07T15:08:31.567+0000] {logging_mixin.py:188} INFO - [2025-04-07T15:08:31.567+0000] {dag.py:3954} INFO - Setting next_dagrun for match_info_spark_processing_dag to None, run_after=None
[2025-04-07T15:08:31.591+0000] {processor.py:183} INFO - Processing /opt/airflow/dags/match_info_spark_process_dag.py took 0.129 seconds
[2025-04-07T15:09:01.784+0000] {processor.py:161} INFO - Started process (PID=123045) to work on /opt/airflow/dags/match_info_spark_process_dag.py
[2025-04-07T15:09:01.788+0000] {processor.py:830} INFO - Processing file /opt/airflow/dags/match_info_spark_process_dag.py for tasks to queue
[2025-04-07T15:09:01.790+0000] {logging_mixin.py:188} INFO - [2025-04-07T15:09:01.789+0000] {dagbag.py:545} INFO - Filling up the DagBag from /opt/airflow/dags/match_info_spark_process_dag.py
[2025-04-07T15:09:01.809+0000] {processor.py:840} INFO - DAG(s) 'match_info_spark_processing_dag' retrieved from /opt/airflow/dags/match_info_spark_process_dag.py
[2025-04-07T15:09:01.848+0000] {logging_mixin.py:188} INFO - [2025-04-07T15:09:01.847+0000] {dag.py:3096} INFO - Sync 1 DAGs
[2025-04-07T15:09:01.870+0000] {logging_mixin.py:188} INFO - [2025-04-07T15:09:01.869+0000] {dag.py:3954} INFO - Setting next_dagrun for match_info_spark_processing_dag to None, run_after=None
[2025-04-07T15:09:01.899+0000] {processor.py:183} INFO - Processing /opt/airflow/dags/match_info_spark_process_dag.py took 0.130 seconds
[2025-04-07T15:09:32.104+0000] {processor.py:161} INFO - Started process (PID=123067) to work on /opt/airflow/dags/match_info_spark_process_dag.py
[2025-04-07T15:09:32.105+0000] {processor.py:830} INFO - Processing file /opt/airflow/dags/match_info_spark_process_dag.py for tasks to queue
[2025-04-07T15:09:32.106+0000] {logging_mixin.py:188} INFO - [2025-04-07T15:09:32.106+0000] {dagbag.py:545} INFO - Filling up the DagBag from /opt/airflow/dags/match_info_spark_process_dag.py
[2025-04-07T15:09:32.118+0000] {processor.py:840} INFO - DAG(s) 'match_info_spark_processing_dag' retrieved from /opt/airflow/dags/match_info_spark_process_dag.py
[2025-04-07T15:09:32.146+0000] {logging_mixin.py:188} INFO - [2025-04-07T15:09:32.145+0000] {dag.py:3096} INFO - Sync 1 DAGs
[2025-04-07T15:09:32.161+0000] {logging_mixin.py:188} INFO - [2025-04-07T15:09:32.161+0000] {dag.py:3954} INFO - Setting next_dagrun for match_info_spark_processing_dag to None, run_after=None
[2025-04-07T15:09:32.183+0000] {processor.py:183} INFO - Processing /opt/airflow/dags/match_info_spark_process_dag.py took 0.087 seconds
[2025-04-07T15:10:02.383+0000] {processor.py:161} INFO - Started process (PID=123089) to work on /opt/airflow/dags/match_info_spark_process_dag.py
[2025-04-07T15:10:02.384+0000] {processor.py:830} INFO - Processing file /opt/airflow/dags/match_info_spark_process_dag.py for tasks to queue
[2025-04-07T15:10:02.390+0000] {logging_mixin.py:188} INFO - [2025-04-07T15:10:02.385+0000] {dagbag.py:545} INFO - Filling up the DagBag from /opt/airflow/dags/match_info_spark_process_dag.py
[2025-04-07T15:10:02.456+0000] {processor.py:840} INFO - DAG(s) 'match_info_spark_processing_dag' retrieved from /opt/airflow/dags/match_info_spark_process_dag.py
[2025-04-07T15:10:02.511+0000] {logging_mixin.py:188} INFO - [2025-04-07T15:10:02.510+0000] {dag.py:3096} INFO - Sync 1 DAGs
[2025-04-07T15:10:02.538+0000] {logging_mixin.py:188} INFO - [2025-04-07T15:10:02.537+0000] {dag.py:3954} INFO - Setting next_dagrun for match_info_spark_processing_dag to None, run_after=None
[2025-04-07T15:10:02.566+0000] {processor.py:183} INFO - Processing /opt/airflow/dags/match_info_spark_process_dag.py took 0.214 seconds
[2025-04-07T15:10:32.723+0000] {processor.py:161} INFO - Started process (PID=123112) to work on /opt/airflow/dags/match_info_spark_process_dag.py
[2025-04-07T15:10:32.724+0000] {processor.py:830} INFO - Processing file /opt/airflow/dags/match_info_spark_process_dag.py for tasks to queue
[2025-04-07T15:10:32.726+0000] {logging_mixin.py:188} INFO - [2025-04-07T15:10:32.725+0000] {dagbag.py:545} INFO - Filling up the DagBag from /opt/airflow/dags/match_info_spark_process_dag.py
[2025-04-07T15:10:32.738+0000] {processor.py:840} INFO - DAG(s) 'match_info_spark_processing_dag' retrieved from /opt/airflow/dags/match_info_spark_process_dag.py
[2025-04-07T15:10:32.763+0000] {logging_mixin.py:188} INFO - [2025-04-07T15:10:32.763+0000] {dag.py:3096} INFO - Sync 1 DAGs
[2025-04-07T15:10:32.777+0000] {logging_mixin.py:188} INFO - [2025-04-07T15:10:32.777+0000] {dag.py:3954} INFO - Setting next_dagrun for match_info_spark_processing_dag to None, run_after=None
[2025-04-07T15:10:32.797+0000] {processor.py:183} INFO - Processing /opt/airflow/dags/match_info_spark_process_dag.py took 0.081 seconds
[2025-04-07T15:11:02.970+0000] {processor.py:161} INFO - Started process (PID=123134) to work on /opt/airflow/dags/match_info_spark_process_dag.py
[2025-04-07T15:11:02.971+0000] {processor.py:830} INFO - Processing file /opt/airflow/dags/match_info_spark_process_dag.py for tasks to queue
[2025-04-07T15:11:02.973+0000] {logging_mixin.py:188} INFO - [2025-04-07T15:11:02.973+0000] {dagbag.py:545} INFO - Filling up the DagBag from /opt/airflow/dags/match_info_spark_process_dag.py
[2025-04-07T15:11:02.991+0000] {processor.py:840} INFO - DAG(s) 'match_info_spark_processing_dag' retrieved from /opt/airflow/dags/match_info_spark_process_dag.py
[2025-04-07T15:11:03.027+0000] {logging_mixin.py:188} INFO - [2025-04-07T15:11:03.027+0000] {dag.py:3096} INFO - Sync 1 DAGs
[2025-04-07T15:11:03.061+0000] {logging_mixin.py:188} INFO - [2025-04-07T15:11:03.060+0000] {dag.py:3954} INFO - Setting next_dagrun for match_info_spark_processing_dag to None, run_after=None
[2025-04-07T15:11:03.088+0000] {processor.py:183} INFO - Processing /opt/airflow/dags/match_info_spark_process_dag.py took 0.127 seconds
[2025-04-07T15:11:33.294+0000] {processor.py:161} INFO - Started process (PID=123156) to work on /opt/airflow/dags/match_info_spark_process_dag.py
[2025-04-07T15:11:33.297+0000] {processor.py:830} INFO - Processing file /opt/airflow/dags/match_info_spark_process_dag.py for tasks to queue
[2025-04-07T15:11:33.304+0000] {logging_mixin.py:188} INFO - [2025-04-07T15:11:33.301+0000] {dagbag.py:545} INFO - Filling up the DagBag from /opt/airflow/dags/match_info_spark_process_dag.py
[2025-04-07T15:11:33.326+0000] {processor.py:840} INFO - DAG(s) 'match_info_spark_processing_dag' retrieved from /opt/airflow/dags/match_info_spark_process_dag.py
[2025-04-07T15:11:33.361+0000] {logging_mixin.py:188} INFO - [2025-04-07T15:11:33.361+0000] {dag.py:3096} INFO - Sync 1 DAGs
[2025-04-07T15:11:33.381+0000] {logging_mixin.py:188} INFO - [2025-04-07T15:11:33.381+0000] {dag.py:3954} INFO - Setting next_dagrun for match_info_spark_processing_dag to None, run_after=None
[2025-04-07T15:11:33.432+0000] {processor.py:183} INFO - Processing /opt/airflow/dags/match_info_spark_process_dag.py took 0.156 seconds
[2025-04-07T15:12:03.652+0000] {processor.py:161} INFO - Started process (PID=123178) to work on /opt/airflow/dags/match_info_spark_process_dag.py
[2025-04-07T15:12:03.654+0000] {processor.py:830} INFO - Processing file /opt/airflow/dags/match_info_spark_process_dag.py for tasks to queue
[2025-04-07T15:12:03.658+0000] {logging_mixin.py:188} INFO - [2025-04-07T15:12:03.657+0000] {dagbag.py:545} INFO - Filling up the DagBag from /opt/airflow/dags/match_info_spark_process_dag.py
[2025-04-07T15:12:03.693+0000] {processor.py:840} INFO - DAG(s) 'match_info_spark_processing_dag' retrieved from /opt/airflow/dags/match_info_spark_process_dag.py
[2025-04-07T15:12:03.766+0000] {logging_mixin.py:188} INFO - [2025-04-07T15:12:03.766+0000] {dag.py:3096} INFO - Sync 1 DAGs
[2025-04-07T15:12:03.813+0000] {logging_mixin.py:188} INFO - [2025-04-07T15:12:03.813+0000] {dag.py:3954} INFO - Setting next_dagrun for match_info_spark_processing_dag to None, run_after=None
[2025-04-07T15:12:03.883+0000] {processor.py:183} INFO - Processing /opt/airflow/dags/match_info_spark_process_dag.py took 0.249 seconds
[2025-04-07T15:12:34.065+0000] {processor.py:161} INFO - Started process (PID=123200) to work on /opt/airflow/dags/match_info_spark_process_dag.py
[2025-04-07T15:12:34.067+0000] {processor.py:830} INFO - Processing file /opt/airflow/dags/match_info_spark_process_dag.py for tasks to queue
[2025-04-07T15:12:34.068+0000] {logging_mixin.py:188} INFO - [2025-04-07T15:12:34.067+0000] {dagbag.py:545} INFO - Filling up the DagBag from /opt/airflow/dags/match_info_spark_process_dag.py
[2025-04-07T15:12:34.084+0000] {processor.py:840} INFO - DAG(s) 'match_info_spark_processing_dag' retrieved from /opt/airflow/dags/match_info_spark_process_dag.py
[2025-04-07T15:12:34.118+0000] {logging_mixin.py:188} INFO - [2025-04-07T15:12:34.118+0000] {dag.py:3096} INFO - Sync 1 DAGs
[2025-04-07T15:12:34.150+0000] {logging_mixin.py:188} INFO - [2025-04-07T15:12:34.150+0000] {dag.py:3954} INFO - Setting next_dagrun for match_info_spark_processing_dag to None, run_after=None
[2025-04-07T15:12:34.178+0000] {processor.py:183} INFO - Processing /opt/airflow/dags/match_info_spark_process_dag.py took 0.123 seconds
[2025-04-07T15:13:04.367+0000] {processor.py:161} INFO - Started process (PID=123223) to work on /opt/airflow/dags/match_info_spark_process_dag.py
[2025-04-07T15:13:04.368+0000] {processor.py:830} INFO - Processing file /opt/airflow/dags/match_info_spark_process_dag.py for tasks to queue
[2025-04-07T15:13:04.370+0000] {logging_mixin.py:188} INFO - [2025-04-07T15:13:04.369+0000] {dagbag.py:545} INFO - Filling up the DagBag from /opt/airflow/dags/match_info_spark_process_dag.py
[2025-04-07T15:13:04.387+0000] {processor.py:840} INFO - DAG(s) 'match_info_spark_processing_dag' retrieved from /opt/airflow/dags/match_info_spark_process_dag.py
[2025-04-07T15:13:04.422+0000] {logging_mixin.py:188} INFO - [2025-04-07T15:13:04.422+0000] {dag.py:3096} INFO - Sync 1 DAGs
[2025-04-07T15:13:04.452+0000] {logging_mixin.py:188} INFO - [2025-04-07T15:13:04.452+0000] {dag.py:3954} INFO - Setting next_dagrun for match_info_spark_processing_dag to None, run_after=None
[2025-04-07T15:13:04.485+0000] {processor.py:183} INFO - Processing /opt/airflow/dags/match_info_spark_process_dag.py took 0.126 seconds
[2025-04-07T15:13:34.658+0000] {processor.py:161} INFO - Started process (PID=123245) to work on /opt/airflow/dags/match_info_spark_process_dag.py
[2025-04-07T15:13:34.661+0000] {processor.py:830} INFO - Processing file /opt/airflow/dags/match_info_spark_process_dag.py for tasks to queue
[2025-04-07T15:13:34.663+0000] {logging_mixin.py:188} INFO - [2025-04-07T15:13:34.662+0000] {dagbag.py:545} INFO - Filling up the DagBag from /opt/airflow/dags/match_info_spark_process_dag.py
[2025-04-07T15:13:34.679+0000] {processor.py:840} INFO - DAG(s) 'match_info_spark_processing_dag' retrieved from /opt/airflow/dags/match_info_spark_process_dag.py
[2025-04-07T15:13:34.717+0000] {logging_mixin.py:188} INFO - [2025-04-07T15:13:34.716+0000] {dag.py:3096} INFO - Sync 1 DAGs
[2025-04-07T15:13:34.770+0000] {logging_mixin.py:188} INFO - [2025-04-07T15:13:34.770+0000] {dag.py:3954} INFO - Setting next_dagrun for match_info_spark_processing_dag to None, run_after=None
[2025-04-07T15:13:34.800+0000] {processor.py:183} INFO - Processing /opt/airflow/dags/match_info_spark_process_dag.py took 0.151 seconds
[2025-04-07T15:14:04.967+0000] {processor.py:161} INFO - Started process (PID=123267) to work on /opt/airflow/dags/match_info_spark_process_dag.py
[2025-04-07T15:14:04.968+0000] {processor.py:830} INFO - Processing file /opt/airflow/dags/match_info_spark_process_dag.py for tasks to queue
[2025-04-07T15:14:04.969+0000] {logging_mixin.py:188} INFO - [2025-04-07T15:14:04.969+0000] {dagbag.py:545} INFO - Filling up the DagBag from /opt/airflow/dags/match_info_spark_process_dag.py
[2025-04-07T15:14:04.982+0000] {processor.py:840} INFO - DAG(s) 'match_info_spark_processing_dag' retrieved from /opt/airflow/dags/match_info_spark_process_dag.py
[2025-04-07T15:14:05.008+0000] {logging_mixin.py:188} INFO - [2025-04-07T15:14:05.008+0000] {dag.py:3096} INFO - Sync 1 DAGs
[2025-04-07T15:14:05.022+0000] {logging_mixin.py:188} INFO - [2025-04-07T15:14:05.022+0000] {dag.py:3954} INFO - Setting next_dagrun for match_info_spark_processing_dag to None, run_after=None
[2025-04-07T15:14:05.056+0000] {processor.py:183} INFO - Processing /opt/airflow/dags/match_info_spark_process_dag.py took 0.096 seconds
[2025-04-07T15:14:35.236+0000] {processor.py:161} INFO - Started process (PID=123289) to work on /opt/airflow/dags/match_info_spark_process_dag.py
[2025-04-07T15:14:35.237+0000] {processor.py:830} INFO - Processing file /opt/airflow/dags/match_info_spark_process_dag.py for tasks to queue
[2025-04-07T15:14:35.238+0000] {logging_mixin.py:188} INFO - [2025-04-07T15:14:35.237+0000] {dagbag.py:545} INFO - Filling up the DagBag from /opt/airflow/dags/match_info_spark_process_dag.py
[2025-04-07T15:14:35.250+0000] {processor.py:840} INFO - DAG(s) 'match_info_spark_processing_dag' retrieved from /opt/airflow/dags/match_info_spark_process_dag.py
[2025-04-07T15:14:35.275+0000] {logging_mixin.py:188} INFO - [2025-04-07T15:14:35.275+0000] {dag.py:3096} INFO - Sync 1 DAGs
[2025-04-07T15:14:35.297+0000] {logging_mixin.py:188} INFO - [2025-04-07T15:14:35.297+0000] {dag.py:3954} INFO - Setting next_dagrun for match_info_spark_processing_dag to None, run_after=None
[2025-04-07T15:14:35.317+0000] {processor.py:183} INFO - Processing /opt/airflow/dags/match_info_spark_process_dag.py took 0.088 seconds
[2025-04-07T15:15:05.477+0000] {processor.py:161} INFO - Started process (PID=123311) to work on /opt/airflow/dags/match_info_spark_process_dag.py
[2025-04-07T15:15:05.478+0000] {processor.py:830} INFO - Processing file /opt/airflow/dags/match_info_spark_process_dag.py for tasks to queue
[2025-04-07T15:15:05.479+0000] {logging_mixin.py:188} INFO - [2025-04-07T15:15:05.479+0000] {dagbag.py:545} INFO - Filling up the DagBag from /opt/airflow/dags/match_info_spark_process_dag.py
[2025-04-07T15:15:05.498+0000] {processor.py:840} INFO - DAG(s) 'match_info_spark_processing_dag' retrieved from /opt/airflow/dags/match_info_spark_process_dag.py
[2025-04-07T15:15:05.534+0000] {logging_mixin.py:188} INFO - [2025-04-07T15:15:05.534+0000] {dag.py:3096} INFO - Sync 1 DAGs
[2025-04-07T15:15:05.552+0000] {logging_mixin.py:188} INFO - [2025-04-07T15:15:05.551+0000] {dag.py:3954} INFO - Setting next_dagrun for match_info_spark_processing_dag to None, run_after=None
[2025-04-07T15:15:05.570+0000] {processor.py:183} INFO - Processing /opt/airflow/dags/match_info_spark_process_dag.py took 0.102 seconds
[2025-04-07T15:15:35.741+0000] {processor.py:161} INFO - Started process (PID=123333) to work on /opt/airflow/dags/match_info_spark_process_dag.py
[2025-04-07T15:15:35.746+0000] {processor.py:830} INFO - Processing file /opt/airflow/dags/match_info_spark_process_dag.py for tasks to queue
[2025-04-07T15:15:35.751+0000] {logging_mixin.py:188} INFO - [2025-04-07T15:15:35.750+0000] {dagbag.py:545} INFO - Filling up the DagBag from /opt/airflow/dags/match_info_spark_process_dag.py
[2025-04-07T15:15:35.768+0000] {processor.py:840} INFO - DAG(s) 'match_info_spark_processing_dag' retrieved from /opt/airflow/dags/match_info_spark_process_dag.py
[2025-04-07T15:15:35.805+0000] {logging_mixin.py:188} INFO - [2025-04-07T15:15:35.805+0000] {dag.py:3096} INFO - Sync 1 DAGs
[2025-04-07T15:15:35.825+0000] {logging_mixin.py:188} INFO - [2025-04-07T15:15:35.825+0000] {dag.py:3954} INFO - Setting next_dagrun for match_info_spark_processing_dag to None, run_after=None
[2025-04-07T15:15:35.865+0000] {processor.py:183} INFO - Processing /opt/airflow/dags/match_info_spark_process_dag.py took 0.134 seconds
[2025-04-07T15:16:06.061+0000] {processor.py:161} INFO - Started process (PID=123355) to work on /opt/airflow/dags/match_info_spark_process_dag.py
[2025-04-07T15:16:06.063+0000] {processor.py:830} INFO - Processing file /opt/airflow/dags/match_info_spark_process_dag.py for tasks to queue
[2025-04-07T15:16:06.067+0000] {logging_mixin.py:188} INFO - [2025-04-07T15:16:06.064+0000] {dagbag.py:545} INFO - Filling up the DagBag from /opt/airflow/dags/match_info_spark_process_dag.py
[2025-04-07T15:16:06.084+0000] {processor.py:840} INFO - DAG(s) 'match_info_spark_processing_dag' retrieved from /opt/airflow/dags/match_info_spark_process_dag.py
[2025-04-07T15:16:06.121+0000] {logging_mixin.py:188} INFO - [2025-04-07T15:16:06.120+0000] {dag.py:3096} INFO - Sync 1 DAGs
[2025-04-07T15:16:06.157+0000] {logging_mixin.py:188} INFO - [2025-04-07T15:16:06.156+0000] {dag.py:3954} INFO - Setting next_dagrun for match_info_spark_processing_dag to None, run_after=None
[2025-04-07T15:16:06.184+0000] {processor.py:183} INFO - Processing /opt/airflow/dags/match_info_spark_process_dag.py took 0.132 seconds
[2025-04-07T15:16:36.365+0000] {processor.py:161} INFO - Started process (PID=123377) to work on /opt/airflow/dags/match_info_spark_process_dag.py
[2025-04-07T15:16:36.367+0000] {processor.py:830} INFO - Processing file /opt/airflow/dags/match_info_spark_process_dag.py for tasks to queue
[2025-04-07T15:16:36.368+0000] {logging_mixin.py:188} INFO - [2025-04-07T15:16:36.367+0000] {dagbag.py:545} INFO - Filling up the DagBag from /opt/airflow/dags/match_info_spark_process_dag.py
[2025-04-07T15:16:36.384+0000] {processor.py:840} INFO - DAG(s) 'match_info_spark_processing_dag' retrieved from /opt/airflow/dags/match_info_spark_process_dag.py
[2025-04-07T15:16:36.421+0000] {logging_mixin.py:188} INFO - [2025-04-07T15:16:36.421+0000] {dag.py:3096} INFO - Sync 1 DAGs
[2025-04-07T15:16:36.453+0000] {logging_mixin.py:188} INFO - [2025-04-07T15:16:36.453+0000] {dag.py:3954} INFO - Setting next_dagrun for match_info_spark_processing_dag to None, run_after=None
[2025-04-07T15:16:36.474+0000] {processor.py:183} INFO - Processing /opt/airflow/dags/match_info_spark_process_dag.py took 0.122 seconds
[2025-04-07T15:17:06.644+0000] {processor.py:161} INFO - Started process (PID=123399) to work on /opt/airflow/dags/match_info_spark_process_dag.py
[2025-04-07T15:17:06.645+0000] {processor.py:830} INFO - Processing file /opt/airflow/dags/match_info_spark_process_dag.py for tasks to queue
[2025-04-07T15:17:06.647+0000] {logging_mixin.py:188} INFO - [2025-04-07T15:17:06.646+0000] {dagbag.py:545} INFO - Filling up the DagBag from /opt/airflow/dags/match_info_spark_process_dag.py
[2025-04-07T15:17:06.671+0000] {processor.py:840} INFO - DAG(s) 'match_info_spark_processing_dag' retrieved from /opt/airflow/dags/match_info_spark_process_dag.py
[2025-04-07T15:17:06.737+0000] {logging_mixin.py:188} INFO - [2025-04-07T15:17:06.737+0000] {dag.py:3096} INFO - Sync 1 DAGs
[2025-04-07T15:17:06.777+0000] {logging_mixin.py:188} INFO - [2025-04-07T15:17:06.777+0000] {dag.py:3954} INFO - Setting next_dagrun for match_info_spark_processing_dag to None, run_after=None
[2025-04-07T15:17:06.844+0000] {processor.py:183} INFO - Processing /opt/airflow/dags/match_info_spark_process_dag.py took 0.220 seconds
[2025-04-07T15:17:37.050+0000] {processor.py:161} INFO - Started process (PID=123421) to work on /opt/airflow/dags/match_info_spark_process_dag.py
[2025-04-07T15:17:37.052+0000] {processor.py:830} INFO - Processing file /opt/airflow/dags/match_info_spark_process_dag.py for tasks to queue
[2025-04-07T15:17:37.053+0000] {logging_mixin.py:188} INFO - [2025-04-07T15:17:37.052+0000] {dagbag.py:545} INFO - Filling up the DagBag from /opt/airflow/dags/match_info_spark_process_dag.py
[2025-04-07T15:17:37.065+0000] {processor.py:840} INFO - DAG(s) 'match_info_spark_processing_dag' retrieved from /opt/airflow/dags/match_info_spark_process_dag.py
[2025-04-07T15:17:37.091+0000] {logging_mixin.py:188} INFO - [2025-04-07T15:17:37.091+0000] {dag.py:3096} INFO - Sync 1 DAGs
[2025-04-07T15:17:37.105+0000] {logging_mixin.py:188} INFO - [2025-04-07T15:17:37.105+0000] {dag.py:3954} INFO - Setting next_dagrun for match_info_spark_processing_dag to None, run_after=None
[2025-04-07T15:17:37.123+0000] {processor.py:183} INFO - Processing /opt/airflow/dags/match_info_spark_process_dag.py took 0.081 seconds
[2025-04-07T15:18:07.309+0000] {processor.py:161} INFO - Started process (PID=123444) to work on /opt/airflow/dags/match_info_spark_process_dag.py
[2025-04-07T15:18:07.310+0000] {processor.py:830} INFO - Processing file /opt/airflow/dags/match_info_spark_process_dag.py for tasks to queue
[2025-04-07T15:18:07.312+0000] {logging_mixin.py:188} INFO - [2025-04-07T15:18:07.312+0000] {dagbag.py:545} INFO - Filling up the DagBag from /opt/airflow/dags/match_info_spark_process_dag.py
[2025-04-07T15:18:07.331+0000] {processor.py:840} INFO - DAG(s) 'match_info_spark_processing_dag' retrieved from /opt/airflow/dags/match_info_spark_process_dag.py
[2025-04-07T15:18:07.367+0000] {logging_mixin.py:188} INFO - [2025-04-07T15:18:07.366+0000] {dag.py:3096} INFO - Sync 1 DAGs
[2025-04-07T15:18:07.388+0000] {logging_mixin.py:188} INFO - [2025-04-07T15:18:07.387+0000] {dag.py:3954} INFO - Setting next_dagrun for match_info_spark_processing_dag to None, run_after=None
[2025-04-07T15:18:07.415+0000] {processor.py:183} INFO - Processing /opt/airflow/dags/match_info_spark_process_dag.py took 0.115 seconds
[2025-04-07T15:18:37.600+0000] {processor.py:161} INFO - Started process (PID=123466) to work on /opt/airflow/dags/match_info_spark_process_dag.py
[2025-04-07T15:18:37.601+0000] {processor.py:830} INFO - Processing file /opt/airflow/dags/match_info_spark_process_dag.py for tasks to queue
[2025-04-07T15:18:37.602+0000] {logging_mixin.py:188} INFO - [2025-04-07T15:18:37.601+0000] {dagbag.py:545} INFO - Filling up the DagBag from /opt/airflow/dags/match_info_spark_process_dag.py
[2025-04-07T15:18:37.614+0000] {processor.py:840} INFO - DAG(s) 'match_info_spark_processing_dag' retrieved from /opt/airflow/dags/match_info_spark_process_dag.py
[2025-04-07T15:18:37.640+0000] {logging_mixin.py:188} INFO - [2025-04-07T15:18:37.639+0000] {dag.py:3096} INFO - Sync 1 DAGs
[2025-04-07T15:18:37.653+0000] {logging_mixin.py:188} INFO - [2025-04-07T15:18:37.653+0000] {dag.py:3954} INFO - Setting next_dagrun for match_info_spark_processing_dag to None, run_after=None
[2025-04-07T15:18:37.674+0000] {processor.py:183} INFO - Processing /opt/airflow/dags/match_info_spark_process_dag.py took 0.081 seconds
[2025-04-07T15:19:07.836+0000] {processor.py:161} INFO - Started process (PID=123488) to work on /opt/airflow/dags/match_info_spark_process_dag.py
[2025-04-07T15:19:07.837+0000] {processor.py:830} INFO - Processing file /opt/airflow/dags/match_info_spark_process_dag.py for tasks to queue
[2025-04-07T15:19:07.838+0000] {logging_mixin.py:188} INFO - [2025-04-07T15:19:07.838+0000] {dagbag.py:545} INFO - Filling up the DagBag from /opt/airflow/dags/match_info_spark_process_dag.py
[2025-04-07T15:19:07.853+0000] {processor.py:840} INFO - DAG(s) 'match_info_spark_processing_dag' retrieved from /opt/airflow/dags/match_info_spark_process_dag.py
[2025-04-07T15:19:07.888+0000] {logging_mixin.py:188} INFO - [2025-04-07T15:19:07.888+0000] {dag.py:3096} INFO - Sync 1 DAGs
[2025-04-07T15:19:07.908+0000] {logging_mixin.py:188} INFO - [2025-04-07T15:19:07.907+0000] {dag.py:3954} INFO - Setting next_dagrun for match_info_spark_processing_dag to None, run_after=None
[2025-04-07T15:19:07.937+0000] {processor.py:183} INFO - Processing /opt/airflow/dags/match_info_spark_process_dag.py took 0.107 seconds
[2025-04-07T15:19:38.111+0000] {processor.py:161} INFO - Started process (PID=123510) to work on /opt/airflow/dags/match_info_spark_process_dag.py
[2025-04-07T15:19:38.112+0000] {processor.py:830} INFO - Processing file /opt/airflow/dags/match_info_spark_process_dag.py for tasks to queue
[2025-04-07T15:19:38.113+0000] {logging_mixin.py:188} INFO - [2025-04-07T15:19:38.112+0000] {dagbag.py:545} INFO - Filling up the DagBag from /opt/airflow/dags/match_info_spark_process_dag.py
[2025-04-07T15:19:38.125+0000] {processor.py:840} INFO - DAG(s) 'match_info_spark_processing_dag' retrieved from /opt/airflow/dags/match_info_spark_process_dag.py
[2025-04-07T15:19:38.150+0000] {logging_mixin.py:188} INFO - [2025-04-07T15:19:38.149+0000] {dag.py:3096} INFO - Sync 1 DAGs
[2025-04-07T15:19:38.162+0000] {logging_mixin.py:188} INFO - [2025-04-07T15:19:38.162+0000] {dag.py:3954} INFO - Setting next_dagrun for match_info_spark_processing_dag to None, run_after=None
[2025-04-07T15:19:38.181+0000] {processor.py:183} INFO - Processing /opt/airflow/dags/match_info_spark_process_dag.py took 0.077 seconds
[2025-04-07T15:20:08.367+0000] {processor.py:161} INFO - Started process (PID=123532) to work on /opt/airflow/dags/match_info_spark_process_dag.py
[2025-04-07T15:20:08.368+0000] {processor.py:830} INFO - Processing file /opt/airflow/dags/match_info_spark_process_dag.py for tasks to queue
[2025-04-07T15:20:08.369+0000] {logging_mixin.py:188} INFO - [2025-04-07T15:20:08.369+0000] {dagbag.py:545} INFO - Filling up the DagBag from /opt/airflow/dags/match_info_spark_process_dag.py
[2025-04-07T15:20:08.381+0000] {processor.py:840} INFO - DAG(s) 'match_info_spark_processing_dag' retrieved from /opt/airflow/dags/match_info_spark_process_dag.py
[2025-04-07T15:20:08.406+0000] {logging_mixin.py:188} INFO - [2025-04-07T15:20:08.406+0000] {dag.py:3096} INFO - Sync 1 DAGs
[2025-04-07T15:20:08.419+0000] {logging_mixin.py:188} INFO - [2025-04-07T15:20:08.419+0000] {dag.py:3954} INFO - Setting next_dagrun for match_info_spark_processing_dag to None, run_after=None
[2025-04-07T15:20:08.444+0000] {processor.py:183} INFO - Processing /opt/airflow/dags/match_info_spark_process_dag.py took 0.084 seconds
[2025-04-07T15:20:38.618+0000] {processor.py:161} INFO - Started process (PID=123554) to work on /opt/airflow/dags/match_info_spark_process_dag.py
[2025-04-07T15:20:38.619+0000] {processor.py:830} INFO - Processing file /opt/airflow/dags/match_info_spark_process_dag.py for tasks to queue
[2025-04-07T15:20:38.620+0000] {logging_mixin.py:188} INFO - [2025-04-07T15:20:38.620+0000] {dagbag.py:545} INFO - Filling up the DagBag from /opt/airflow/dags/match_info_spark_process_dag.py
[2025-04-07T15:20:38.632+0000] {processor.py:840} INFO - DAG(s) 'match_info_spark_processing_dag' retrieved from /opt/airflow/dags/match_info_spark_process_dag.py
[2025-04-07T15:20:38.659+0000] {logging_mixin.py:188} INFO - [2025-04-07T15:20:38.658+0000] {dag.py:3096} INFO - Sync 1 DAGs
[2025-04-07T15:20:38.672+0000] {logging_mixin.py:188} INFO - [2025-04-07T15:20:38.672+0000] {dag.py:3954} INFO - Setting next_dagrun for match_info_spark_processing_dag to None, run_after=None
[2025-04-07T15:20:38.695+0000] {processor.py:183} INFO - Processing /opt/airflow/dags/match_info_spark_process_dag.py took 0.084 seconds
[2025-04-07T15:21:08.891+0000] {processor.py:161} INFO - Started process (PID=123576) to work on /opt/airflow/dags/match_info_spark_process_dag.py
[2025-04-07T15:21:08.892+0000] {processor.py:830} INFO - Processing file /opt/airflow/dags/match_info_spark_process_dag.py for tasks to queue
[2025-04-07T15:21:08.893+0000] {logging_mixin.py:188} INFO - [2025-04-07T15:21:08.892+0000] {dagbag.py:545} INFO - Filling up the DagBag from /opt/airflow/dags/match_info_spark_process_dag.py
[2025-04-07T15:21:08.905+0000] {processor.py:840} INFO - DAG(s) 'match_info_spark_processing_dag' retrieved from /opt/airflow/dags/match_info_spark_process_dag.py
[2025-04-07T15:21:08.943+0000] {logging_mixin.py:188} INFO - [2025-04-07T15:21:08.943+0000] {dag.py:3096} INFO - Sync 1 DAGs
[2025-04-07T15:21:08.963+0000] {logging_mixin.py:188} INFO - [2025-04-07T15:21:08.963+0000] {dag.py:3954} INFO - Setting next_dagrun for match_info_spark_processing_dag to None, run_after=None
[2025-04-07T15:21:08.993+0000] {processor.py:183} INFO - Processing /opt/airflow/dags/match_info_spark_process_dag.py took 0.109 seconds
[2025-04-07T15:21:39.188+0000] {processor.py:161} INFO - Started process (PID=123598) to work on /opt/airflow/dags/match_info_spark_process_dag.py
[2025-04-07T15:21:39.190+0000] {processor.py:830} INFO - Processing file /opt/airflow/dags/match_info_spark_process_dag.py for tasks to queue
[2025-04-07T15:21:39.191+0000] {logging_mixin.py:188} INFO - [2025-04-07T15:21:39.190+0000] {dagbag.py:545} INFO - Filling up the DagBag from /opt/airflow/dags/match_info_spark_process_dag.py
[2025-04-07T15:21:39.208+0000] {processor.py:840} INFO - DAG(s) 'match_info_spark_processing_dag' retrieved from /opt/airflow/dags/match_info_spark_process_dag.py
[2025-04-07T15:21:39.246+0000] {logging_mixin.py:188} INFO - [2025-04-07T15:21:39.246+0000] {dag.py:3096} INFO - Sync 1 DAGs
[2025-04-07T15:21:39.267+0000] {logging_mixin.py:188} INFO - [2025-04-07T15:21:39.267+0000] {dag.py:3954} INFO - Setting next_dagrun for match_info_spark_processing_dag to None, run_after=None
[2025-04-07T15:21:39.296+0000] {processor.py:183} INFO - Processing /opt/airflow/dags/match_info_spark_process_dag.py took 0.118 seconds
[2025-04-07T15:22:09.519+0000] {processor.py:161} INFO - Started process (PID=123620) to work on /opt/airflow/dags/match_info_spark_process_dag.py
[2025-04-07T15:22:09.520+0000] {processor.py:830} INFO - Processing file /opt/airflow/dags/match_info_spark_process_dag.py for tasks to queue
[2025-04-07T15:22:09.522+0000] {logging_mixin.py:188} INFO - [2025-04-07T15:22:09.521+0000] {dagbag.py:545} INFO - Filling up the DagBag from /opt/airflow/dags/match_info_spark_process_dag.py
[2025-04-07T15:22:09.555+0000] {processor.py:840} INFO - DAG(s) 'match_info_spark_processing_dag' retrieved from /opt/airflow/dags/match_info_spark_process_dag.py
[2025-04-07T15:22:09.628+0000] {logging_mixin.py:188} INFO - [2025-04-07T15:22:09.627+0000] {dag.py:3096} INFO - Sync 1 DAGs
[2025-04-07T15:22:09.675+0000] {logging_mixin.py:188} INFO - [2025-04-07T15:22:09.674+0000] {dag.py:3954} INFO - Setting next_dagrun for match_info_spark_processing_dag to None, run_after=None
[2025-04-07T15:22:09.767+0000] {processor.py:183} INFO - Processing /opt/airflow/dags/match_info_spark_process_dag.py took 0.262 seconds
[2025-04-07T15:22:39.929+0000] {processor.py:161} INFO - Started process (PID=123641) to work on /opt/airflow/dags/match_info_spark_process_dag.py
[2025-04-07T15:22:39.930+0000] {processor.py:830} INFO - Processing file /opt/airflow/dags/match_info_spark_process_dag.py for tasks to queue
[2025-04-07T15:22:39.931+0000] {logging_mixin.py:188} INFO - [2025-04-07T15:22:39.931+0000] {dagbag.py:545} INFO - Filling up the DagBag from /opt/airflow/dags/match_info_spark_process_dag.py
[2025-04-07T15:22:39.943+0000] {processor.py:840} INFO - DAG(s) 'match_info_spark_processing_dag' retrieved from /opt/airflow/dags/match_info_spark_process_dag.py
[2025-04-07T15:22:39.968+0000] {logging_mixin.py:188} INFO - [2025-04-07T15:22:39.968+0000] {dag.py:3096} INFO - Sync 1 DAGs
[2025-04-07T15:22:39.982+0000] {logging_mixin.py:188} INFO - [2025-04-07T15:22:39.981+0000] {dag.py:3954} INFO - Setting next_dagrun for match_info_spark_processing_dag to None, run_after=None
[2025-04-07T15:22:40.005+0000] {processor.py:183} INFO - Processing /opt/airflow/dags/match_info_spark_process_dag.py took 0.081 seconds
[2025-04-07T15:23:10.194+0000] {processor.py:161} INFO - Started process (PID=123663) to work on /opt/airflow/dags/match_info_spark_process_dag.py
[2025-04-07T15:23:10.195+0000] {processor.py:830} INFO - Processing file /opt/airflow/dags/match_info_spark_process_dag.py for tasks to queue
[2025-04-07T15:23:10.196+0000] {logging_mixin.py:188} INFO - [2025-04-07T15:23:10.196+0000] {dagbag.py:545} INFO - Filling up the DagBag from /opt/airflow/dags/match_info_spark_process_dag.py
[2025-04-07T15:23:10.209+0000] {processor.py:840} INFO - DAG(s) 'match_info_spark_processing_dag' retrieved from /opt/airflow/dags/match_info_spark_process_dag.py
[2025-04-07T15:23:10.235+0000] {logging_mixin.py:188} INFO - [2025-04-07T15:23:10.234+0000] {dag.py:3096} INFO - Sync 1 DAGs
[2025-04-07T15:23:10.248+0000] {logging_mixin.py:188} INFO - [2025-04-07T15:23:10.248+0000] {dag.py:3954} INFO - Setting next_dagrun for match_info_spark_processing_dag to None, run_after=None
[2025-04-07T15:23:10.268+0000] {processor.py:183} INFO - Processing /opt/airflow/dags/match_info_spark_process_dag.py took 0.080 seconds
[2025-04-07T15:23:40.427+0000] {processor.py:161} INFO - Started process (PID=123679) to work on /opt/airflow/dags/match_info_spark_process_dag.py
[2025-04-07T15:23:40.428+0000] {processor.py:830} INFO - Processing file /opt/airflow/dags/match_info_spark_process_dag.py for tasks to queue
[2025-04-07T15:23:40.430+0000] {logging_mixin.py:188} INFO - [2025-04-07T15:23:40.429+0000] {dagbag.py:545} INFO - Filling up the DagBag from /opt/airflow/dags/match_info_spark_process_dag.py
[2025-04-07T15:23:40.447+0000] {processor.py:840} INFO - DAG(s) 'match_info_spark_processing_dag' retrieved from /opt/airflow/dags/match_info_spark_process_dag.py
[2025-04-07T15:23:40.482+0000] {logging_mixin.py:188} INFO - [2025-04-07T15:23:40.482+0000] {dag.py:3096} INFO - Sync 1 DAGs
[2025-04-07T15:23:40.503+0000] {logging_mixin.py:188} INFO - [2025-04-07T15:23:40.502+0000] {dag.py:3954} INFO - Setting next_dagrun for match_info_spark_processing_dag to None, run_after=None
[2025-04-07T15:23:40.532+0000] {processor.py:183} INFO - Processing /opt/airflow/dags/match_info_spark_process_dag.py took 0.114 seconds
[2025-04-07T15:24:10.705+0000] {processor.py:161} INFO - Started process (PID=123701) to work on /opt/airflow/dags/match_info_spark_process_dag.py
[2025-04-07T15:24:10.706+0000] {processor.py:830} INFO - Processing file /opt/airflow/dags/match_info_spark_process_dag.py for tasks to queue
[2025-04-07T15:24:10.707+0000] {logging_mixin.py:188} INFO - [2025-04-07T15:24:10.707+0000] {dagbag.py:545} INFO - Filling up the DagBag from /opt/airflow/dags/match_info_spark_process_dag.py
[2025-04-07T15:24:10.724+0000] {processor.py:840} INFO - DAG(s) 'match_info_spark_processing_dag' retrieved from /opt/airflow/dags/match_info_spark_process_dag.py
[2025-04-07T15:24:10.758+0000] {logging_mixin.py:188} INFO - [2025-04-07T15:24:10.758+0000] {dag.py:3096} INFO - Sync 1 DAGs
[2025-04-07T15:24:10.778+0000] {logging_mixin.py:188} INFO - [2025-04-07T15:24:10.778+0000] {dag.py:3954} INFO - Setting next_dagrun for match_info_spark_processing_dag to None, run_after=None
[2025-04-07T15:24:10.804+0000] {processor.py:183} INFO - Processing /opt/airflow/dags/match_info_spark_process_dag.py took 0.108 seconds
[2025-04-07T15:24:40.977+0000] {processor.py:161} INFO - Started process (PID=123723) to work on /opt/airflow/dags/match_info_spark_process_dag.py
[2025-04-07T15:24:40.979+0000] {processor.py:830} INFO - Processing file /opt/airflow/dags/match_info_spark_process_dag.py for tasks to queue
[2025-04-07T15:24:40.980+0000] {logging_mixin.py:188} INFO - [2025-04-07T15:24:40.980+0000] {dagbag.py:545} INFO - Filling up the DagBag from /opt/airflow/dags/match_info_spark_process_dag.py
[2025-04-07T15:24:40.992+0000] {processor.py:840} INFO - DAG(s) 'match_info_spark_processing_dag' retrieved from /opt/airflow/dags/match_info_spark_process_dag.py
[2025-04-07T15:24:41.019+0000] {logging_mixin.py:188} INFO - [2025-04-07T15:24:41.018+0000] {dag.py:3096} INFO - Sync 1 DAGs
[2025-04-07T15:24:41.032+0000] {logging_mixin.py:188} INFO - [2025-04-07T15:24:41.032+0000] {dag.py:3954} INFO - Setting next_dagrun for match_info_spark_processing_dag to None, run_after=None
[2025-04-07T15:24:41.056+0000] {processor.py:183} INFO - Processing /opt/airflow/dags/match_info_spark_process_dag.py took 0.087 seconds
[2025-04-07T15:25:11.223+0000] {processor.py:161} INFO - Started process (PID=123745) to work on /opt/airflow/dags/match_info_spark_process_dag.py
[2025-04-07T15:25:11.224+0000] {processor.py:830} INFO - Processing file /opt/airflow/dags/match_info_spark_process_dag.py for tasks to queue
[2025-04-07T15:25:11.225+0000] {logging_mixin.py:188} INFO - [2025-04-07T15:25:11.225+0000] {dagbag.py:545} INFO - Filling up the DagBag from /opt/airflow/dags/match_info_spark_process_dag.py
[2025-04-07T15:25:11.237+0000] {processor.py:840} INFO - DAG(s) 'match_info_spark_processing_dag' retrieved from /opt/airflow/dags/match_info_spark_process_dag.py
[2025-04-07T15:25:11.263+0000] {logging_mixin.py:188} INFO - [2025-04-07T15:25:11.263+0000] {dag.py:3096} INFO - Sync 1 DAGs
[2025-04-07T15:25:11.277+0000] {logging_mixin.py:188} INFO - [2025-04-07T15:25:11.276+0000] {dag.py:3954} INFO - Setting next_dagrun for match_info_spark_processing_dag to None, run_after=None
[2025-04-07T15:25:11.315+0000] {processor.py:183} INFO - Processing /opt/airflow/dags/match_info_spark_process_dag.py took 0.099 seconds
[2025-04-07T15:25:41.470+0000] {processor.py:161} INFO - Started process (PID=123767) to work on /opt/airflow/dags/match_info_spark_process_dag.py
[2025-04-07T15:25:41.471+0000] {processor.py:830} INFO - Processing file /opt/airflow/dags/match_info_spark_process_dag.py for tasks to queue
[2025-04-07T15:25:41.472+0000] {logging_mixin.py:188} INFO - [2025-04-07T15:25:41.472+0000] {dagbag.py:545} INFO - Filling up the DagBag from /opt/airflow/dags/match_info_spark_process_dag.py
[2025-04-07T15:25:41.487+0000] {processor.py:840} INFO - DAG(s) 'match_info_spark_processing_dag' retrieved from /opt/airflow/dags/match_info_spark_process_dag.py
[2025-04-07T15:25:41.525+0000] {logging_mixin.py:188} INFO - [2025-04-07T15:25:41.525+0000] {dag.py:3096} INFO - Sync 1 DAGs
[2025-04-07T15:25:41.550+0000] {logging_mixin.py:188} INFO - [2025-04-07T15:25:41.549+0000] {dag.py:3954} INFO - Setting next_dagrun for match_info_spark_processing_dag to None, run_after=None
[2025-04-07T15:25:41.569+0000] {processor.py:183} INFO - Processing /opt/airflow/dags/match_info_spark_process_dag.py took 0.106 seconds
[2025-04-07T15:26:11.794+0000] {processor.py:161} INFO - Started process (PID=123789) to work on /opt/airflow/dags/match_info_spark_process_dag.py
[2025-04-07T15:26:11.794+0000] {processor.py:830} INFO - Processing file /opt/airflow/dags/match_info_spark_process_dag.py for tasks to queue
[2025-04-07T15:26:11.796+0000] {logging_mixin.py:188} INFO - [2025-04-07T15:26:11.795+0000] {dagbag.py:545} INFO - Filling up the DagBag from /opt/airflow/dags/match_info_spark_process_dag.py
[2025-04-07T15:26:11.807+0000] {processor.py:840} INFO - DAG(s) 'match_info_spark_processing_dag' retrieved from /opt/airflow/dags/match_info_spark_process_dag.py
[2025-04-07T15:26:11.832+0000] {logging_mixin.py:188} INFO - [2025-04-07T15:26:11.831+0000] {dag.py:3096} INFO - Sync 1 DAGs
[2025-04-07T15:26:11.851+0000] {logging_mixin.py:188} INFO - [2025-04-07T15:26:11.850+0000] {dag.py:3954} INFO - Setting next_dagrun for match_info_spark_processing_dag to None, run_after=None
[2025-04-07T15:26:11.881+0000] {processor.py:183} INFO - Processing /opt/airflow/dags/match_info_spark_process_dag.py took 0.094 seconds
[2025-04-07T15:26:42.059+0000] {processor.py:161} INFO - Started process (PID=123817) to work on /opt/airflow/dags/match_info_spark_process_dag.py
[2025-04-07T15:26:42.062+0000] {processor.py:830} INFO - Processing file /opt/airflow/dags/match_info_spark_process_dag.py for tasks to queue
[2025-04-07T15:26:42.064+0000] {logging_mixin.py:188} INFO - [2025-04-07T15:26:42.063+0000] {dagbag.py:545} INFO - Filling up the DagBag from /opt/airflow/dags/match_info_spark_process_dag.py
[2025-04-07T15:26:42.081+0000] {processor.py:840} INFO - DAG(s) 'match_info_spark_processing_dag' retrieved from /opt/airflow/dags/match_info_spark_process_dag.py
[2025-04-07T15:26:42.118+0000] {logging_mixin.py:188} INFO - [2025-04-07T15:26:42.117+0000] {dag.py:3096} INFO - Sync 1 DAGs
[2025-04-07T15:26:42.136+0000] {logging_mixin.py:188} INFO - [2025-04-07T15:26:42.136+0000] {dag.py:3954} INFO - Setting next_dagrun for match_info_spark_processing_dag to None, run_after=None
[2025-04-07T15:26:42.170+0000] {processor.py:183} INFO - Processing /opt/airflow/dags/match_info_spark_process_dag.py took 0.120 seconds
[2025-04-07T15:27:12.379+0000] {processor.py:161} INFO - Started process (PID=123839) to work on /opt/airflow/dags/match_info_spark_process_dag.py
[2025-04-07T15:27:12.380+0000] {processor.py:830} INFO - Processing file /opt/airflow/dags/match_info_spark_process_dag.py for tasks to queue
[2025-04-07T15:27:12.382+0000] {logging_mixin.py:188} INFO - [2025-04-07T15:27:12.381+0000] {dagbag.py:545} INFO - Filling up the DagBag from /opt/airflow/dags/match_info_spark_process_dag.py
[2025-04-07T15:27:12.399+0000] {processor.py:840} INFO - DAG(s) 'match_info_spark_processing_dag' retrieved from /opt/airflow/dags/match_info_spark_process_dag.py
[2025-04-07T15:27:12.470+0000] {logging_mixin.py:188} INFO - [2025-04-07T15:27:12.469+0000] {dag.py:3096} INFO - Sync 1 DAGs
[2025-04-07T15:27:12.516+0000] {logging_mixin.py:188} INFO - [2025-04-07T15:27:12.513+0000] {dag.py:3954} INFO - Setting next_dagrun for match_info_spark_processing_dag to None, run_after=None
[2025-04-07T15:27:12.574+0000] {processor.py:183} INFO - Processing /opt/airflow/dags/match_info_spark_process_dag.py took 0.212 seconds
[2025-04-07T15:27:42.808+0000] {processor.py:161} INFO - Started process (PID=123861) to work on /opt/airflow/dags/match_info_spark_process_dag.py
[2025-04-07T15:27:42.810+0000] {processor.py:830} INFO - Processing file /opt/airflow/dags/match_info_spark_process_dag.py for tasks to queue
[2025-04-07T15:27:42.811+0000] {logging_mixin.py:188} INFO - [2025-04-07T15:27:42.810+0000] {dagbag.py:545} INFO - Filling up the DagBag from /opt/airflow/dags/match_info_spark_process_dag.py
[2025-04-07T15:27:42.828+0000] {processor.py:840} INFO - DAG(s) 'match_info_spark_processing_dag' retrieved from /opt/airflow/dags/match_info_spark_process_dag.py
[2025-04-07T15:27:42.863+0000] {logging_mixin.py:188} INFO - [2025-04-07T15:27:42.863+0000] {dag.py:3096} INFO - Sync 1 DAGs
[2025-04-07T15:27:42.885+0000] {logging_mixin.py:188} INFO - [2025-04-07T15:27:42.884+0000] {dag.py:3954} INFO - Setting next_dagrun for match_info_spark_processing_dag to None, run_after=None
[2025-04-07T15:27:42.914+0000] {processor.py:183} INFO - Processing /opt/airflow/dags/match_info_spark_process_dag.py took 0.115 seconds
[2025-04-07T15:28:13.111+0000] {processor.py:161} INFO - Started process (PID=123883) to work on /opt/airflow/dags/match_info_spark_process_dag.py
[2025-04-07T15:28:13.112+0000] {processor.py:830} INFO - Processing file /opt/airflow/dags/match_info_spark_process_dag.py for tasks to queue
[2025-04-07T15:28:13.114+0000] {logging_mixin.py:188} INFO - [2025-04-07T15:28:13.114+0000] {dagbag.py:545} INFO - Filling up the DagBag from /opt/airflow/dags/match_info_spark_process_dag.py
[2025-04-07T15:28:13.133+0000] {processor.py:840} INFO - DAG(s) 'match_info_spark_processing_dag' retrieved from /opt/airflow/dags/match_info_spark_process_dag.py
[2025-04-07T15:28:13.171+0000] {logging_mixin.py:188} INFO - [2025-04-07T15:28:13.170+0000] {dag.py:3096} INFO - Sync 1 DAGs
[2025-04-07T15:28:13.193+0000] {logging_mixin.py:188} INFO - [2025-04-07T15:28:13.192+0000] {dag.py:3954} INFO - Setting next_dagrun for match_info_spark_processing_dag to None, run_after=None
[2025-04-07T15:28:13.222+0000] {processor.py:183} INFO - Processing /opt/airflow/dags/match_info_spark_process_dag.py took 0.120 seconds
[2025-04-07T15:28:43.399+0000] {processor.py:161} INFO - Started process (PID=123905) to work on /opt/airflow/dags/match_info_spark_process_dag.py
[2025-04-07T15:28:43.401+0000] {processor.py:830} INFO - Processing file /opt/airflow/dags/match_info_spark_process_dag.py for tasks to queue
[2025-04-07T15:28:43.402+0000] {logging_mixin.py:188} INFO - [2025-04-07T15:28:43.401+0000] {dagbag.py:545} INFO - Filling up the DagBag from /opt/airflow/dags/match_info_spark_process_dag.py
[2025-04-07T15:28:43.414+0000] {processor.py:840} INFO - DAG(s) 'match_info_spark_processing_dag' retrieved from /opt/airflow/dags/match_info_spark_process_dag.py
[2025-04-07T15:28:43.451+0000] {logging_mixin.py:188} INFO - [2025-04-07T15:28:43.450+0000] {dag.py:3096} INFO - Sync 1 DAGs
[2025-04-07T15:28:43.471+0000] {logging_mixin.py:188} INFO - [2025-04-07T15:28:43.470+0000] {dag.py:3954} INFO - Setting next_dagrun for match_info_spark_processing_dag to None, run_after=None
[2025-04-07T15:28:43.499+0000] {processor.py:183} INFO - Processing /opt/airflow/dags/match_info_spark_process_dag.py took 0.107 seconds
[2025-04-07T15:29:13.693+0000] {processor.py:161} INFO - Started process (PID=123927) to work on /opt/airflow/dags/match_info_spark_process_dag.py
[2025-04-07T15:29:13.694+0000] {processor.py:830} INFO - Processing file /opt/airflow/dags/match_info_spark_process_dag.py for tasks to queue
[2025-04-07T15:29:13.696+0000] {logging_mixin.py:188} INFO - [2025-04-07T15:29:13.695+0000] {dagbag.py:545} INFO - Filling up the DagBag from /opt/airflow/dags/match_info_spark_process_dag.py
[2025-04-07T15:29:13.714+0000] {processor.py:840} INFO - DAG(s) 'match_info_spark_processing_dag' retrieved from /opt/airflow/dags/match_info_spark_process_dag.py
[2025-04-07T15:29:13.749+0000] {logging_mixin.py:188} INFO - [2025-04-07T15:29:13.749+0000] {dag.py:3096} INFO - Sync 1 DAGs
[2025-04-07T15:29:13.769+0000] {logging_mixin.py:188} INFO - [2025-04-07T15:29:13.769+0000] {dag.py:3954} INFO - Setting next_dagrun for match_info_spark_processing_dag to None, run_after=None
[2025-04-07T15:29:13.796+0000] {processor.py:183} INFO - Processing /opt/airflow/dags/match_info_spark_process_dag.py took 0.112 seconds
[2025-04-07T15:29:43.969+0000] {processor.py:161} INFO - Started process (PID=123949) to work on /opt/airflow/dags/match_info_spark_process_dag.py
[2025-04-07T15:29:43.970+0000] {processor.py:830} INFO - Processing file /opt/airflow/dags/match_info_spark_process_dag.py for tasks to queue
[2025-04-07T15:29:43.971+0000] {logging_mixin.py:188} INFO - [2025-04-07T15:29:43.971+0000] {dagbag.py:545} INFO - Filling up the DagBag from /opt/airflow/dags/match_info_spark_process_dag.py
[2025-04-07T15:29:43.984+0000] {processor.py:840} INFO - DAG(s) 'match_info_spark_processing_dag' retrieved from /opt/airflow/dags/match_info_spark_process_dag.py
[2025-04-07T15:29:44.022+0000] {logging_mixin.py:188} INFO - [2025-04-07T15:29:44.021+0000] {dag.py:3096} INFO - Sync 1 DAGs
[2025-04-07T15:29:44.036+0000] {logging_mixin.py:188} INFO - [2025-04-07T15:29:44.036+0000] {dag.py:3954} INFO - Setting next_dagrun for match_info_spark_processing_dag to None, run_after=None
[2025-04-07T15:29:44.067+0000] {processor.py:183} INFO - Processing /opt/airflow/dags/match_info_spark_process_dag.py took 0.105 seconds
[2025-04-07T15:30:14.254+0000] {processor.py:161} INFO - Started process (PID=123971) to work on /opt/airflow/dags/match_info_spark_process_dag.py
[2025-04-07T15:30:14.254+0000] {processor.py:830} INFO - Processing file /opt/airflow/dags/match_info_spark_process_dag.py for tasks to queue
[2025-04-07T15:30:14.255+0000] {logging_mixin.py:188} INFO - [2025-04-07T15:30:14.255+0000] {dagbag.py:545} INFO - Filling up the DagBag from /opt/airflow/dags/match_info_spark_process_dag.py
[2025-04-07T15:30:14.267+0000] {processor.py:840} INFO - DAG(s) 'match_info_spark_processing_dag' retrieved from /opt/airflow/dags/match_info_spark_process_dag.py
[2025-04-07T15:30:14.293+0000] {logging_mixin.py:188} INFO - [2025-04-07T15:30:14.293+0000] {dag.py:3096} INFO - Sync 1 DAGs
[2025-04-07T15:30:14.307+0000] {logging_mixin.py:188} INFO - [2025-04-07T15:30:14.306+0000] {dag.py:3954} INFO - Setting next_dagrun for match_info_spark_processing_dag to None, run_after=None
[2025-04-07T15:30:14.326+0000] {processor.py:183} INFO - Processing /opt/airflow/dags/match_info_spark_process_dag.py took 0.079 seconds
[2025-04-07T15:30:44.504+0000] {processor.py:161} INFO - Started process (PID=123993) to work on /opt/airflow/dags/match_info_spark_process_dag.py
[2025-04-07T15:30:44.506+0000] {processor.py:830} INFO - Processing file /opt/airflow/dags/match_info_spark_process_dag.py for tasks to queue
[2025-04-07T15:30:44.507+0000] {logging_mixin.py:188} INFO - [2025-04-07T15:30:44.506+0000] {dagbag.py:545} INFO - Filling up the DagBag from /opt/airflow/dags/match_info_spark_process_dag.py
[2025-04-07T15:30:44.521+0000] {processor.py:840} INFO - DAG(s) 'match_info_spark_processing_dag' retrieved from /opt/airflow/dags/match_info_spark_process_dag.py
[2025-04-07T15:30:44.549+0000] {logging_mixin.py:188} INFO - [2025-04-07T15:30:44.549+0000] {dag.py:3096} INFO - Sync 1 DAGs
[2025-04-07T15:30:44.569+0000] {logging_mixin.py:188} INFO - [2025-04-07T15:30:44.569+0000] {dag.py:3954} INFO - Setting next_dagrun for match_info_spark_processing_dag to None, run_after=None
[2025-04-07T15:30:44.597+0000] {processor.py:183} INFO - Processing /opt/airflow/dags/match_info_spark_process_dag.py took 0.099 seconds
[2025-04-07T15:31:14.781+0000] {processor.py:161} INFO - Started process (PID=124015) to work on /opt/airflow/dags/match_info_spark_process_dag.py
[2025-04-07T15:31:14.781+0000] {processor.py:830} INFO - Processing file /opt/airflow/dags/match_info_spark_process_dag.py for tasks to queue
[2025-04-07T15:31:14.782+0000] {logging_mixin.py:188} INFO - [2025-04-07T15:31:14.782+0000] {dagbag.py:545} INFO - Filling up the DagBag from /opt/airflow/dags/match_info_spark_process_dag.py
[2025-04-07T15:31:14.794+0000] {processor.py:840} INFO - DAG(s) 'match_info_spark_processing_dag' retrieved from /opt/airflow/dags/match_info_spark_process_dag.py
[2025-04-07T15:31:14.820+0000] {logging_mixin.py:188} INFO - [2025-04-07T15:31:14.820+0000] {dag.py:3096} INFO - Sync 1 DAGs
[2025-04-07T15:31:14.835+0000] {logging_mixin.py:188} INFO - [2025-04-07T15:31:14.834+0000] {dag.py:3954} INFO - Setting next_dagrun for match_info_spark_processing_dag to None, run_after=None
[2025-04-07T15:31:14.855+0000] {processor.py:183} INFO - Processing /opt/airflow/dags/match_info_spark_process_dag.py took 0.082 seconds
[2025-04-07T15:31:45.036+0000] {processor.py:161} INFO - Started process (PID=124037) to work on /opt/airflow/dags/match_info_spark_process_dag.py
[2025-04-07T15:31:45.039+0000] {processor.py:830} INFO - Processing file /opt/airflow/dags/match_info_spark_process_dag.py for tasks to queue
[2025-04-07T15:31:45.041+0000] {logging_mixin.py:188} INFO - [2025-04-07T15:31:45.040+0000] {dagbag.py:545} INFO - Filling up the DagBag from /opt/airflow/dags/match_info_spark_process_dag.py
[2025-04-07T15:31:45.057+0000] {processor.py:840} INFO - DAG(s) 'match_info_spark_processing_dag' retrieved from /opt/airflow/dags/match_info_spark_process_dag.py
[2025-04-07T15:31:45.093+0000] {logging_mixin.py:188} INFO - [2025-04-07T15:31:45.093+0000] {dag.py:3096} INFO - Sync 1 DAGs
[2025-04-07T15:31:45.115+0000] {logging_mixin.py:188} INFO - [2025-04-07T15:31:45.114+0000] {dag.py:3954} INFO - Setting next_dagrun for match_info_spark_processing_dag to None, run_after=None
[2025-04-07T15:31:45.152+0000] {processor.py:183} INFO - Processing /opt/airflow/dags/match_info_spark_process_dag.py took 0.125 seconds
[2025-04-07T15:34:40.687+0000] {processor.py:161} INFO - Started process (PID=222) to work on /opt/airflow/dags/match_info_spark_process_dag.py
[2025-04-07T15:34:40.693+0000] {processor.py:830} INFO - Processing file /opt/airflow/dags/match_info_spark_process_dag.py for tasks to queue
[2025-04-07T15:34:40.697+0000] {logging_mixin.py:188} INFO - [2025-04-07T15:34:40.696+0000] {dagbag.py:545} INFO - Filling up the DagBag from /opt/airflow/dags/match_info_spark_process_dag.py
[2025-04-07T15:34:40.796+0000] {processor.py:840} INFO - DAG(s) 'match_info_spark_processing_dag' retrieved from /opt/airflow/dags/match_info_spark_process_dag.py
[2025-04-07T15:34:42.101+0000] {logging_mixin.py:188} INFO - [2025-04-07T15:34:42.101+0000] {dag.py:3096} INFO - Sync 1 DAGs
[2025-04-07T15:34:42.172+0000] {logging_mixin.py:188} INFO - [2025-04-07T15:34:42.171+0000] {dag.py:3954} INFO - Setting next_dagrun for match_info_spark_processing_dag to None, run_after=None
[2025-04-07T15:34:42.300+0000] {processor.py:183} INFO - Processing /opt/airflow/dags/match_info_spark_process_dag.py took 1.637 seconds
[2025-04-07T15:35:14.430+0000] {processor.py:161} INFO - Started process (PID=244) to work on /opt/airflow/dags/match_info_spark_process_dag.py
[2025-04-07T15:35:14.432+0000] {processor.py:830} INFO - Processing file /opt/airflow/dags/match_info_spark_process_dag.py for tasks to queue
[2025-04-07T15:35:14.433+0000] {logging_mixin.py:188} INFO - [2025-04-07T15:35:14.432+0000] {dagbag.py:545} INFO - Filling up the DagBag from /opt/airflow/dags/match_info_spark_process_dag.py
[2025-04-07T15:35:14.453+0000] {processor.py:840} INFO - DAG(s) 'match_info_spark_processing_dag' retrieved from /opt/airflow/dags/match_info_spark_process_dag.py
[2025-04-07T15:35:14.485+0000] {logging_mixin.py:188} INFO - [2025-04-07T15:35:14.484+0000] {dag.py:3096} INFO - Sync 1 DAGs
[2025-04-07T15:35:14.510+0000] {logging_mixin.py:188} INFO - [2025-04-07T15:35:14.510+0000] {dag.py:3954} INFO - Setting next_dagrun for match_info_spark_processing_dag to None, run_after=None
[2025-04-07T15:35:14.538+0000] {processor.py:183} INFO - Processing /opt/airflow/dags/match_info_spark_process_dag.py took 0.116 seconds
[2025-04-07T15:35:44.695+0000] {processor.py:161} INFO - Started process (PID=266) to work on /opt/airflow/dags/match_info_spark_process_dag.py
[2025-04-07T15:35:44.697+0000] {processor.py:830} INFO - Processing file /opt/airflow/dags/match_info_spark_process_dag.py for tasks to queue
[2025-04-07T15:35:44.697+0000] {logging_mixin.py:188} INFO - [2025-04-07T15:35:44.697+0000] {dagbag.py:545} INFO - Filling up the DagBag from /opt/airflow/dags/match_info_spark_process_dag.py
[2025-04-07T15:35:44.709+0000] {processor.py:840} INFO - DAG(s) 'match_info_spark_processing_dag' retrieved from /opt/airflow/dags/match_info_spark_process_dag.py
[2025-04-07T15:35:44.736+0000] {logging_mixin.py:188} INFO - [2025-04-07T15:35:44.735+0000] {dag.py:3096} INFO - Sync 1 DAGs
[2025-04-07T15:35:44.751+0000] {logging_mixin.py:188} INFO - [2025-04-07T15:35:44.751+0000] {dag.py:3954} INFO - Setting next_dagrun for match_info_spark_processing_dag to None, run_after=None
[2025-04-07T15:35:44.774+0000] {processor.py:183} INFO - Processing /opt/airflow/dags/match_info_spark_process_dag.py took 0.085 seconds
[2025-04-07T15:36:14.841+0000] {processor.py:161} INFO - Started process (PID=288) to work on /opt/airflow/dags/match_info_spark_process_dag.py
[2025-04-07T15:36:14.841+0000] {processor.py:830} INFO - Processing file /opt/airflow/dags/match_info_spark_process_dag.py for tasks to queue
[2025-04-07T15:36:14.842+0000] {logging_mixin.py:188} INFO - [2025-04-07T15:36:14.842+0000] {dagbag.py:545} INFO - Filling up the DagBag from /opt/airflow/dags/match_info_spark_process_dag.py
[2025-04-07T15:36:14.854+0000] {processor.py:840} INFO - DAG(s) 'match_info_spark_processing_dag' retrieved from /opt/airflow/dags/match_info_spark_process_dag.py
[2025-04-07T15:36:14.881+0000] {logging_mixin.py:188} INFO - [2025-04-07T15:36:14.881+0000] {dag.py:3096} INFO - Sync 1 DAGs
[2025-04-07T15:36:14.897+0000] {logging_mixin.py:188} INFO - [2025-04-07T15:36:14.897+0000] {dag.py:3954} INFO - Setting next_dagrun for match_info_spark_processing_dag to None, run_after=None
[2025-04-07T15:36:14.922+0000] {processor.py:183} INFO - Processing /opt/airflow/dags/match_info_spark_process_dag.py took 0.089 seconds
